#
# There is insufficient memory for the Java Runtime Environment to continue.
# Native memory allocation (malloc) failed to allocate 1170016 bytes for Chunk::new
# Possible reasons:
#   The system is out of physical RAM or swap space
#   In 32 bit mode, the process size limit was hit
# Possible solutions:
#   Reduce memory load on the system
#   Increase physical memory or swap space
#   Check if swap backing store is full
#   Use 64 bit Java on a 64 bit OS
#   Decrease Java heap size (-Xmx/-Xms)
#   Decrease number of Java threads
#   Decrease Java thread stack sizes (-Xss)
#   Set larger code cache with -XX:ReservedCodeCacheSize=
# This output file may be truncated or incomplete.
#
#  Out of Memory Error (allocation.cpp:390), pid=11752, tid=0x00000000000016bc
#
# JRE version: OpenJDK Runtime Environment (8.0_152-b02) (build 1.8.0_152-release-1024-b02)
# Java VM: OpenJDK 64-Bit Server VM (25.152-b02 mixed mode windows-amd64 compressed oops)
# Failed to write core dump. Minidumps are not enabled by default on client versions of Windows
#

---------------  T H R E A D  ---------------

Current thread (0x000000001822f000):  JavaThread "C2 CompilerThread1" daemon [_thread_in_native, id=5820, stack(0x0000000019a90000,0x0000000019b90000)]

Stack: [0x0000000019a90000,0x0000000019b90000]
[error occurred during error reporting (printing stack bounds), id 0xc0000005]

Native frames: (J=compiled Java code, j=interpreted, Vv=VM code, C=native code)


Current CompileTask:
C2:   6359 1573       4       java.net.URLClassLoader$1::run (5 bytes)


---------------  P R O C E S S  ---------------

Java Threads: ( => current thread )
  0x000000001b3f7000 JavaThread "Cache worker for file hash cache (C:\Users\ADMIN\Desktop\Time manager\.gradle\4.4\fileHashes)" [_thread_blocked, id=5468, stack(0x000000001e150000,0x000000001e250000)]
  0x000000001b3a6000 JavaThread "File lock request listener" [_thread_in_native, id=18644, stack(0x000000001d080000,0x000000001d180000)]
  0x000000001b3c6000 JavaThread "Cache worker for file hash cache (C:\Users\ADMIN\.gradle\caches\4.4\fileHashes)" [_thread_blocked, id=17236, stack(0x000000001cf80000,0x000000001d080000)]
  0x000000001b2fc000 JavaThread "Stdin handler" [_thread_blocked, id=7180, stack(0x000000001cc80000,0x000000001cd80000)]
  0x000000001b2fb000 JavaThread "Asynchronous log dispatcher for DefaultDaemonConnection: socket connection from /127.0.0.1:51636 to /127.0.0.1:51637" [_thread_blocked, id=17136, stack(0x000000001cb80000,0x000000001cc80000)]
  0x000000001b316000 JavaThread "Daemon worker" [_thread_in_vm, id=15728, stack(0x000000001ca80000,0x000000001cb80000)]
  0x000000001b313800 JavaThread "Cancel handler" [_thread_blocked, id=15060, stack(0x000000001c980000,0x000000001ca80000)]
  0x000000001b2d1800 JavaThread "Handler for socket connection from /127.0.0.1:51636 to /127.0.0.1:51637" [_thread_in_native, id=10476, stack(0x000000001c680000,0x000000001c780000)]
  0x000000001b2d1000 JavaThread "Daemon" [_thread_blocked, id=7808, stack(0x000000001c580000,0x000000001c680000)]
  0x000000001b25f000 JavaThread "Daemon periodic checks" [_thread_blocked, id=11556, stack(0x000000001c480000,0x000000001c580000)]
  0x000000001b248800 JavaThread "Incoming local TCP Connector on port 51636" [_thread_in_native, id=18012, stack(0x000000001bfa0000,0x000000001c0a0000)]
  0x0000000019cb0800 JavaThread "Service Thread" daemon [_thread_blocked, id=18300, stack(0x000000001a090000,0x000000001a190000)]
  0x000000001825b000 JavaThread "C1 CompilerThread2" daemon [_thread_blocked, id=17276, stack(0x0000000019b90000,0x0000000019c90000)]
=>0x000000001822f000 JavaThread "C2 CompilerThread1" daemon [_thread_in_native, id=5820, stack(0x0000000019a90000,0x0000000019b90000)]
  0x0000000018237000 JavaThread "C2 CompilerThread0" daemon [_thread_in_native, id=5028, stack(0x0000000019990000,0x0000000019a90000)]
  0x0000000018235000 JavaThread "Attach Listener" daemon [_thread_blocked, id=18924, stack(0x0000000019890000,0x0000000019990000)]
  0x0000000018234000 JavaThread "Signal Dispatcher" daemon [_thread_blocked, id=6232, stack(0x0000000019790000,0x0000000019890000)]
  0x00000000048bb800 JavaThread "Finalizer" daemon [_thread_blocked, id=3540, stack(0x00000000194a0000,0x00000000195a0000)]
  0x00000000048b1000 JavaThread "Reference Handler" daemon [_thread_blocked, id=3380, stack(0x00000000193a0000,0x00000000194a0000)]
  0x00000000047bd800 JavaThread "main" [_thread_blocked, id=7100, stack(0x0000000004660000,0x0000000004760000)]

Other Threads:
  0x00000000181f5800 VMThread [stack: 0x00000000192a0000,0x00000000193a0000] [id=10588]
  0x0000000019cb1000 WatcherThread [stack: 0x000000001a190000,0x000000001a290000] [id=18040]

VM state:not at safepoint (normal execution)

VM Mutex/Monitor currently owned by a thread: None

Heap:
 PSYoungGen      total 38400K, used 6669K [0x00000000e0000000, 0x00000000e4e00000, 0x0000000100000000)
  eden space 32768K, 3% used [0x00000000e0000000,0x00000000e01049a0,0x00000000e2000000)
  from space 5632K, 99% used [0x00000000e2000000,0x00000000e257eb30,0x00000000e2580000)
  to   space 7168K, 0% used [0x00000000e4700000,0x00000000e4700000,0x00000000e4e00000)
 ParOldGen       total 44032K, used 6241K [0x00000000a0000000, 0x00000000a2b00000, 0x00000000e0000000)
  object space 44032K, 14% used [0x00000000a0000000,0x00000000a06184c8,0x00000000a2b00000)
 Metaspace       used 17900K, capacity 18256K, committed 18432K, reserved 1064960K
  class space    used 2570K, capacity 2718K, committed 2816K, reserved 1048576K

Card table byte_map: [0x0000000013c80000,0x0000000013f90000] byte_map_base: 0x0000000013780000

Marking Bits: (ParMarkBitMap*) 0x0000000059e44970
 Begin Bits: [0x0000000014590000, 0x0000000015d90000)
 End Bits:   [0x0000000015d90000, 0x0000000017590000)

Polling page: 0x0000000002dd0000

CodeCache: size=245760Kb used=5753Kb max_used=5753Kb free=240006Kb
 bounds [0x00000000048c0000, 0x0000000004e70000, 0x00000000138c0000]
 total_blobs=1989 nmethods=1610 adapters=292
 compilation: enabled

Compilation events (10 events):
Event: 6.289 Thread 0x000000001825b000 1609       3       java.lang.reflect.Executable::getGenericParameterTypes (20 bytes)
Event: 6.289 Thread 0x000000001825b000 nmethod 1609 0x0000000004e5cd10 code [0x0000000004e5cea0, 0x0000000004e5d318]
Event: 6.289 Thread 0x000000001825b000 1611       3       java.lang.reflect.Method::getGenericParameterTypes (5 bytes)
Event: 6.291 Thread 0x000000001825b000 nmethod 1611 0x0000000004e5d410 code [0x0000000004e5d640, 0x0000000004e5e368]
Event: 6.291 Thread 0x000000001825b000 1607       1       org.gradle.api.internal.AbstractClassGenerator$PropertyMetaData::getName (5 bytes)
Event: 6.291 Thread 0x000000001825b000 nmethod 1607 0x0000000004e5ecd0 code [0x0000000004e5ee20, 0x0000000004e5ef30]
Event: 6.296 Thread 0x000000001825b000 1612       3       java.net.URLClassLoader::access$100 (7 bytes)
Event: 6.296 Thread 0x000000001825b000 nmethod 1612 0x0000000004e5ef90 code [0x0000000004e5f100, 0x0000000004e5f268]
Event: 6.297 Thread 0x000000001825b000 1613       3       java.util.IdentityHashMap::put (137 bytes)
Event: 6.298 Thread 0x000000001825b000 nmethod 1613 0x0000000004e5f350 code [0x0000000004e5f540, 0x0000000004e5ff38]

GC Heap History (10 events):
Event: 2.611 GC heap before
{Heap before GC invocations=3 (full 0):
 PSYoungGen      total 18944K, used 18820K [0x00000000e0000000, 0x00000000e2500000, 0x0000000100000000)
  eden space 16384K, 100% used [0x00000000e0000000,0x00000000e1000000,0x00000000e1000000)
  from space 2560K, 95% used [0x00000000e1280000,0x00000000e14e1118,0x00000000e1500000)
  to   space 2560K, 0% used [0x00000000e1000000,0x00000000e1000000,0x00000000e1280000)
 ParOldGen       total 44032K, used 375K [0x00000000a0000000, 0x00000000a2b00000, 0x00000000e0000000)
  object space 44032K, 0% used [0x00000000a0000000,0x00000000a005df98,0x00000000a2b00000)
 Metaspace       used 6937K, capacity 7112K, committed 7424K, reserved 1056768K
  class space    used 874K, capacity 948K, committed 1024K, reserved 1048576K
Event: 2.614 GC heap after
Heap after GC invocations=3 (full 0):
 PSYoungGen      total 18944K, used 2532K [0x00000000e0000000, 0x00000000e2500000, 0x0000000100000000)
  eden space 16384K, 0% used [0x00000000e0000000,0x00000000e0000000,0x00000000e1000000)
  from space 2560K, 98% used [0x00000000e1000000,0x00000000e1279388,0x00000000e1280000)
  to   space 2560K, 0% used [0x00000000e2280000,0x00000000e2280000,0x00000000e2500000)
 ParOldGen       total 44032K, used 676K [0x00000000a0000000, 0x00000000a2b00000, 0x00000000e0000000)
  object space 44032K, 1% used [0x00000000a0000000,0x00000000a00a9360,0x00000000a2b00000)
 Metaspace       used 6937K, capacity 7112K, committed 7424K, reserved 1056768K
  class space    used 874K, capacity 948K, committed 1024K, reserved 1048576K
}
Event: 3.993 GC heap before
{Heap before GC invocations=4 (full 0):
 PSYoungGen      total 18944K, used 18916K [0x00000000e0000000, 0x00000000e2500000, 0x0000000100000000)
  eden space 16384K, 100% used [0x00000000e0000000,0x00000000e1000000,0x00000000e1000000)
  from space 2560K, 98% used [0x00000000e1000000,0x00000000e1279388,0x00000000e1280000)
  to   space 2560K, 0% used [0x00000000e2280000,0x00000000e2280000,0x00000000e2500000)
 ParOldGen       total 44032K, used 676K [0x00000000a0000000, 0x00000000a2b00000, 0x00000000e0000000)
  object space 44032K, 1% used [0x00000000a0000000,0x00000000a00a9360,0x00000000a2b00000)
 Metaspace       used 11555K, capacity 11798K, committed 11904K, reserved 1058816K
  class space    used 1528K, capacity 1631K, committed 1664K, reserved 1048576K
Event: 3.999 GC heap after
Heap after GC invocations=4 (full 0):
 PSYoungGen      total 18944K, used 2544K [0x00000000e0000000, 0x00000000e2500000, 0x0000000100000000)
  eden space 16384K, 0% used [0x00000000e0000000,0x00000000e0000000,0x00000000e1000000)
  from space 2560K, 99% used [0x00000000e2280000,0x00000000e24fc010,0x00000000e2500000)
  to   space 2560K, 0% used [0x00000000e1000000,0x00000000e1000000,0x00000000e1280000)
 ParOldGen       total 44032K, used 2979K [0x00000000a0000000, 0x00000000a2b00000, 0x00000000e0000000)
  object space 44032K, 6% used [0x00000000a0000000,0x00000000a02e8dd0,0x00000000a2b00000)
 Metaspace       used 11555K, capacity 11798K, committed 11904K, reserved 1058816K
  class space    used 1528K, capacity 1631K, committed 1664K, reserved 1048576K
}
Event: 4.266 GC heap before
{Heap before GC invocations=5 (full 0):
 PSYoungGen      total 18944K, used 18928K [0x00000000e0000000, 0x00000000e2500000, 0x0000000100000000)
  eden space 16384K, 100% used [0x00000000e0000000,0x00000000e1000000,0x00000000e1000000)
  from space 2560K, 99% used [0x00000000e2280000,0x00000000e24fc010,0x00000000e2500000)
  to   space 2560K, 0% used [0x00000000e1000000,0x00000000e1000000,0x00000000e1280000)
 ParOldGen       total 44032K, used 2979K [0x00000000a0000000, 0x00000000a2b00000, 0x00000000e0000000)
  object space 44032K, 6% used [0x00000000a0000000,0x00000000a02e8dd0,0x00000000a2b00000)
 Metaspace       used 13050K, capacity 13362K, committed 13568K, reserved 1060864K
  class space    used 1777K, capacity 1929K, committed 2048K, reserved 1048576K
Event: 4.273 GC heap after
Heap after GC invocations=5 (full 0):
 PSYoungGen      total 18944K, used 2528K [0x00000000e0000000, 0x00000000e2b00000, 0x0000000100000000)
  eden space 16384K, 0% used [0x00000000e0000000,0x00000000e0000000,0x00000000e1000000)
  from space 2560K, 98% used [0x00000000e1000000,0x00000000e1278020,0x00000000e1280000)
  to   space 5632K, 0% used [0x00000000e2580000,0x00000000e2580000,0x00000000e2b00000)
 ParOldGen       total 44032K, used 4798K [0x00000000a0000000, 0x00000000a2b00000, 0x00000000e0000000)
  object space 44032K, 10% used [0x00000000a0000000,0x00000000a04afa60,0x00000000a2b00000)
 Metaspace       used 13050K, capacity 13362K, committed 13568K, reserved 1060864K
  class space    used 1777K, capacity 1929K, committed 2048K, reserved 1048576K
}
Event: 4.491 GC heap before
{Heap before GC invocations=6 (full 0):
 PSYoungGen      total 18944K, used 18912K [0x00000000e0000000, 0x00000000e2b00000, 0x0000000100000000)
  eden space 16384K, 100% used [0x00000000e0000000,0x00000000e1000000,0x00000000e1000000)
  from space 2560K, 98% used [0x00000000e1000000,0x00000000e1278020,0x00000000e1280000)
  to   space 5632K, 0% used [0x00000000e2580000,0x00000000e2580000,0x00000000e2b00000)
 ParOldGen       total 44032K, used 4798K [0x00000000a0000000, 0x00000000a2b00000, 0x00000000e0000000)
  object space 44032K, 10% used [0x00000000a0000000,0x00000000a04afa60,0x00000000a2b00000)
 Metaspace       used 14518K, capacity 14870K, committed 14976K, reserved 1062912K
  class space    used 2029K, capacity 2155K, committed 2176K, reserved 1048576K
Event: 4.499 GC heap after
Heap after GC invocations=6 (full 0):
 PSYoungGen      total 38400K, used 4568K [0x00000000e0000000, 0x00000000e2b00000, 0x0000000100000000)
  eden space 32768K, 0% used [0x00000000e0000000,0x00000000e0000000,0x00000000e2000000)
  from space 5632K, 81% used [0x00000000e2580000,0x00000000e29f6008,0x00000000e2b00000)
  to   space 5632K, 0% used [0x00000000e2000000,0x00000000e2000000,0x00000000e2580000)
 ParOldGen       total 44032K, used 4806K [0x00000000a0000000, 0x00000000a2b00000, 0x00000000e0000000)
  object space 44032K, 10% used [0x00000000a0000000,0x00000000a04b1a60,0x00000000a2b00000)
 Metaspace       used 14518K, capacity 14870K, committed 14976K, reserved 1062912K
  class space    used 2029K, capacity 2155K, committed 2176K, reserved 1048576K
}
Event: 6.327 GC heap before
{Heap before GC invocations=7 (full 0):
 PSYoungGen      total 38400K, used 37336K [0x00000000e0000000, 0x00000000e2b00000, 0x0000000100000000)
  eden space 32768K, 100% used [0x00000000e0000000,0x00000000e2000000,0x00000000e2000000)
  from space 5632K, 81% used [0x00000000e2580000,0x00000000e29f6008,0x00000000e2b00000)
  to   space 5632K, 0% used [0x00000000e2000000,0x00000000e2000000,0x00000000e2580000)
 ParOldGen       total 44032K, used 4806K [0x00000000a0000000, 0x00000000a2b00000, 0x00000000e0000000)
  object space 44032K, 10% used [0x00000000a0000000,0x00000000a04b1a60,0x00000000a2b00000)
 Metaspace       used 17776K, capacity 18160K, committed 18304K, reserved 1064960K
  class space    used 2555K, capacity 2686K, committed 2688K, reserved 1048576K
Event: 6.339 GC heap after
Heap after GC invocations=7 (full 0):
 PSYoungGen      total 38400K, used 5626K [0x00000000e0000000, 0x00000000e4e00000, 0x0000000100000000)
  eden space 32768K, 0% used [0x00000000e0000000,0x00000000e0000000,0x00000000e2000000)
  from space 5632K, 99% used [0x00000000e2000000,0x00000000e257eb30,0x00000000e2580000)
  to   space 7168K, 0% used [0x00000000e4700000,0x00000000e4700000,0x00000000e4e00000)
 ParOldGen       total 44032K, used 6241K [0x00000000a0000000, 0x00000000a2b00000, 0x00000000e0000000)
  object space 44032K, 14% used [0x00000000a0000000,0x00000000a06184c8,0x00000000a2b00000)
 Metaspace       used 17776K, capacity 18160K, committed 18304K, reserved 1064960K
  class space    used 2555K, capacity 2686K, committed 2688K, reserved 1048576K
}

Deoptimization events (10 events):
Event: 5.037 Thread 0x000000001b316000 Uncommon trap: reason=unstable_if action=reinterpret pc=0x0000000004b56718 method=java.io.File.getName()Ljava/lang/String; @ 16
Event: 5.270 Thread 0x000000001b316000 Uncommon trap: reason=bimorphic action=maybe_recompile pc=0x0000000004d45088 method=java.lang.ClassLoader.loadClass(Ljava/lang/String;Z)Ljava/lang/Class; @ 38
Event: 5.503 Thread 0x000000001b316000 Uncommon trap: reason=bimorphic action=maybe_recompile pc=0x0000000004d45088 method=java.lang.ClassLoader.loadClass(Ljava/lang/String;Z)Ljava/lang/Class; @ 38
Event: 5.505 Thread 0x000000001b316000 Uncommon trap: reason=bimorphic action=maybe_recompile pc=0x0000000004d45088 method=java.lang.ClassLoader.loadClass(Ljava/lang/String;Z)Ljava/lang/Class; @ 38
Event: 5.505 Thread 0x000000001b316000 Uncommon trap: reason=bimorphic action=maybe_recompile pc=0x0000000004d45088 method=java.lang.ClassLoader.loadClass(Ljava/lang/String;Z)Ljava/lang/Class; @ 38
Event: 5.506 Thread 0x000000001b316000 Uncommon trap: reason=bimorphic action=maybe_recompile pc=0x0000000004dfdffc method=java.lang.ClassLoader.getPackage(Ljava/lang/String;)Ljava/lang/Package; @ 47
Event: 5.506 Thread 0x000000001b316000 Uncommon trap: reason=bimorphic action=maybe_recompile pc=0x0000000004dfdffc method=java.lang.ClassLoader.getPackage(Ljava/lang/String;)Ljava/lang/Package; @ 47
Event: 5.513 Thread 0x000000001b316000 Uncommon trap: reason=bimorphic action=maybe_recompile pc=0x0000000004dfdffc method=java.lang.ClassLoader.getPackage(Ljava/lang/String;)Ljava/lang/Package; @ 47
Event: 6.101 Thread 0x000000001b316000 Uncommon trap: reason=bimorphic action=maybe_recompile pc=0x0000000004dfdffc method=java.lang.ClassLoader.getPackage(Ljava/lang/String;)Ljava/lang/Package; @ 47
Event: 6.105 Thread 0x000000001b316000 Uncommon trap: reason=bimorphic action=maybe_recompile pc=0x0000000004e32a0c method=java.lang.ClassLoader.getPackage(Ljava/lang/String;)Ljava/lang/Package; @ 47

Classes redefined (0 events):
No events

Internal exceptions (10 events):
Event: 5.065 Thread 0x000000001b316000 Exception <a 'java/lang/NoSuchMethodError': <clinit>> (0x00000000e1737f38) thrown at [D:\src\AOSP-openjdk-cygwin\jdk8u\hotspot\src\share\vm\prims\jni.cpp, line 1613]
Event: 5.065 Thread 0x000000001b316000 Exception <a 'java/lang/NoSuchMethodError': <clinit>> (0x00000000e173a8d8) thrown at [D:\src\AOSP-openjdk-cygwin\jdk8u\hotspot\src\share\vm\prims\jni.cpp, line 1613]
Event: 5.066 Thread 0x000000001b316000 Exception <a 'java/lang/NoSuchMethodError': <clinit>> (0x00000000e1747ec8) thrown at [D:\src\AOSP-openjdk-cygwin\jdk8u\hotspot\src\share\vm\prims\jni.cpp, line 1613]
Event: 5.067 Thread 0x000000001b316000 Exception <a 'java/lang/NoSuchMethodError': <clinit>> (0x00000000e1753648) thrown at [D:\src\AOSP-openjdk-cygwin\jdk8u\hotspot\src\share\vm\prims\jni.cpp, line 1613]
Event: 5.515 Thread 0x000000001b316000 Exception <a 'java/lang/NoSuchMethodError': <clinit>> (0x00000000e19154e0) thrown at [D:\src\AOSP-openjdk-cygwin\jdk8u\hotspot\src\share\vm\prims\jni.cpp, line 1613]
Event: 6.115 Thread 0x000000001b316000 Exception <a 'java/lang/NoSuchMethodError': <clinit>> (0x00000000e1b77750) thrown at [D:\src\AOSP-openjdk-cygwin\jdk8u\hotspot\src\share\vm\prims\jni.cpp, line 1613]
Event: 6.122 Thread 0x000000001b316000 Exception <a 'java/lang/NoSuchMethodError': <clinit>> (0x00000000e1b85188) thrown at [D:\src\AOSP-openjdk-cygwin\jdk8u\hotspot\src\share\vm\prims\jni.cpp, line 1613]
Event: 6.178 Thread 0x000000001b316000 Exception <a 'java/lang/NoSuchMethodError': <clinit>> (0x00000000e1c036c8) thrown at [D:\src\AOSP-openjdk-cygwin\jdk8u\hotspot\src\share\vm\prims\jni.cpp, line 1613]
Event: 6.178 Thread 0x000000001b316000 Exception <a 'java/lang/NoSuchMethodError': <clinit>> (0x00000000e1c07388) thrown at [D:\src\AOSP-openjdk-cygwin\jdk8u\hotspot\src\share\vm\prims\jni.cpp, line 1613]
Event: 6.178 Thread 0x000000001b316000 Exception <a 'java/lang/NoSuchMethodError': <clinit>> (0x00000000e1c08e90) thrown at [D:\src\AOSP-openjdk-cygwin\jdk8u\hotspot\src\share\vm\prims\jni.cpp, line 1613]

Events (10 events):
Event: 6.351 loading class org/codehaus/groovy/runtime/metaclass/MultipleSetterProperty
Event: 6.352 loading class org/codehaus/groovy/runtime/metaclass/MultipleSetterProperty done
Event: 6.352 loading class org/codehaus/groovy/GroovyBugError
Event: 6.352 loading class org/codehaus/groovy/GroovyBugError done
Event: 6.353 loading class groovy/lang/MetaClassImpl$MethodIndexAction
Event: 6.353 loading class groovy/lang/MetaClassImpl$MethodIndexAction done
Event: 6.353 loading class groovy/lang/MetaClassImpl$2
Event: 6.353 loading class groovy/lang/MetaClassImpl$2 done
Event: 6.354 loading class org/codehaus/groovy/ast/ClassNode
Event: 6.354 loading class org/codehaus/groovy/ast/ClassNode done


Dynamic libraries:
0x00007ff7473c0000 - 0x00007ff7473f1000 	C:\Program Files\Android\Android Studio\jre\bin\java.exe
0x00007fffebfd0000 - 0x00007fffec1b0000 	C:\WINDOWS\SYSTEM32\ntdll.dll
0x00007fffeaf20000 - 0x00007fffeafce000 	C:\WINDOWS\System32\KERNEL32.DLL
0x00007fffe88e0000 - 0x00007fffe8b46000 	C:\WINDOWS\System32\KERNELBASE.dll
0x00007fffeb690000 - 0x00007fffeb731000 	C:\WINDOWS\System32\ADVAPI32.dll
0x00007fffeb480000 - 0x00007fffeb51d000 	C:\WINDOWS\System32\msvcrt.dll
0x00007fffeae00000 - 0x00007fffeae5b000 	C:\WINDOWS\System32\sechost.dll
0x00007fffeb940000 - 0x00007fffeba5f000 	C:\WINDOWS\System32\RPCRT4.dll
0x00007fffeafe0000 - 0x00007fffeb16f000 	C:\WINDOWS\System32\USER32.dll
0x00007fffe88c0000 - 0x00007fffe88e0000 	C:\WINDOWS\System32\win32u.dll
0x00007fffeba80000 - 0x00007fffebaa8000 	C:\WINDOWS\System32\GDI32.dll
0x00007fffe83d0000 - 0x00007fffe8563000 	C:\WINDOWS\System32\gdi32full.dll
0x00007fffe93a0000 - 0x00007fffe943b000 	C:\WINDOWS\System32\msvcp_win.dll
0x00007fffe8b50000 - 0x00007fffe8c46000 	C:\WINDOWS\System32\ucrtbase.dll
0x00007fffda5a0000 - 0x00007fffda809000 	C:\WINDOWS\WinSxS\amd64_microsoft.windows.common-controls_6595b64144ccf1df_6.0.16299.431_none_15c7d3ee93659e73\COMCTL32.dll
0x00007fffebc00000 - 0x00007fffebf08000 	C:\WINDOWS\System32\combase.dll
0x00007fffe8570000 - 0x00007fffe85e2000 	C:\WINDOWS\System32\bcryptPrimitives.dll
0x00007fffea8e0000 - 0x00007fffea90d000 	C:\WINDOWS\System32\IMM32.DLL
0x00000000595a0000 - 0x0000000059672000 	C:\Program Files\Android\Android Studio\jre\jre\bin\msvcr100.dll
0x0000000059680000 - 0x0000000059ebf000 	C:\Program Files\Android\Android Studio\jre\jre\bin\server\jvm.dll
0x00007fffebf90000 - 0x00007fffebf98000 	C:\WINDOWS\System32\PSAPI.DLL
0x00007fffe6f90000 - 0x00007fffe6f99000 	C:\WINDOWS\SYSTEM32\WSOCK32.dll
0x00007fffdbbd0000 - 0x00007fffdbbf3000 	C:\WINDOWS\SYSTEM32\WINMM.dll
0x00007fffdf170000 - 0x00007fffdf17a000 	C:\WINDOWS\SYSTEM32\VERSION.dll
0x00007fffeb3b0000 - 0x00007fffeb41c000 	C:\WINDOWS\System32\WS2_32.dll
0x00007fffdbba0000 - 0x00007fffdbbca000 	C:\WINDOWS\SYSTEM32\WINMMBASE.dll
0x00007fffe87c0000 - 0x00007fffe880a000 	C:\WINDOWS\System32\cfgmgr32.dll
0x00007fffded20000 - 0x00007fffded2f000 	C:\Program Files\Android\Android Studio\jre\jre\bin\verify.dll
0x00007fffd9c90000 - 0x00007fffd9cb9000 	C:\Program Files\Android\Android Studio\jre\jre\bin\java.dll
0x00007fffd7570000 - 0x00007fffd7586000 	C:\Program Files\Android\Android Studio\jre\jre\bin\zip.dll
0x00007fffe94a0000 - 0x00007fffea8d8000 	C:\WINDOWS\System32\SHELL32.dll
0x00007fffeae60000 - 0x00007fffeaf06000 	C:\WINDOWS\System32\shcore.dll
0x00007fffe8c50000 - 0x00007fffe9397000 	C:\WINDOWS\System32\windows.storage.dll
0x00007fffeb740000 - 0x00007fffeb791000 	C:\WINDOWS\System32\shlwapi.dll
0x00007fffe8340000 - 0x00007fffe8351000 	C:\WINDOWS\System32\kernel.appcore.dll
0x00007fffe8380000 - 0x00007fffe83cc000 	C:\WINDOWS\System32\powrprof.dll
0x00007fffe8320000 - 0x00007fffe833b000 	C:\WINDOWS\System32\profapi.dll
0x00007fffcf540000 - 0x00007fffcf55a000 	C:\Program Files\Android\Android Studio\jre\jre\bin\net.dll
0x00007fffe7bb0000 - 0x00007fffe7c16000 	C:\WINDOWS\system32\mswsock.dll
0x00007fffce640000 - 0x00007fffce651000 	C:\Program Files\Android\Android Studio\jre\jre\bin\nio.dll
0x00007fffd9f70000 - 0x00007fffd9f8e000 	C:\Users\ADMIN\.gradle\native\25\windows-amd64\native-platform.dll
0x00007fffdc500000 - 0x00007fffdc50d000 	C:\Program Files\Android\Android Studio\jre\jre\bin\management.dll
0x00007fffe7d80000 - 0x00007fffe7d97000 	C:\WINDOWS\SYSTEM32\CRYPTSP.dll
0x00007fffe77b0000 - 0x00007fffe77e3000 	C:\WINDOWS\system32\rsaenh.dll
0x00007fffe7e80000 - 0x00007fffe7ea5000 	C:\WINDOWS\SYSTEM32\bcrypt.dll
0x00007fffe8250000 - 0x00007fffe8279000 	C:\WINDOWS\SYSTEM32\USERENV.dll
0x00007fffe7d70000 - 0x00007fffe7d7b000 	C:\WINDOWS\SYSTEM32\CRYPTBASE.dll
0x00007fffe7940000 - 0x00007fffe7979000 	C:\WINDOWS\SYSTEM32\IPHLPAPI.DLL
0x00007fffeafd0000 - 0x00007fffeafd8000 	C:\WINDOWS\System32\NSI.dll
0x00007fffe27e0000 - 0x00007fffe27f6000 	C:\WINDOWS\SYSTEM32\dhcpcsvc6.DLL
0x00007fffe2fb0000 - 0x00007fffe2fca000 	C:\WINDOWS\SYSTEM32\dhcpcsvc.DLL

VM Arguments:
jvm_args: -Xmx1536m -Dfile.encoding=windows-1252 -Duser.country=US -Duser.language=en -Duser.variant 
java_command: org.gradle.launcher.daemon.bootstrap.GradleDaemon 4.4
java_class_path (initial): C:\Users\ADMIN\.gradle\wrapper\dists\gradle-4.4-all\9br9xq1tocpiv8o6njlyu5op1\gradle-4.4\lib\gradle-launcher-4.4.jar
Launcher Type: SUN_STANDARD

Environment Variables:
JAVA_HOME=C:\Program Files\Java\jdk1.8.0_144
PATH=C:\WINDOWS\system32;C:\WINDOWS;C:\WINDOWS\System32\Wbem;C:\WINDOWS\System32\WindowsPowerShell\v1.0\;C:\Program Files\Java\jdk1.8.0_144\bin;D:\apache-maven-3.5.3-bin\bin;C:\Users\ADMIN\AppData\Local\Microsoft\WindowsApps;
USERNAME=ADMIN
OS=Windows_NT
PROCESSOR_IDENTIFIER=Intel64 Family 6 Model 78 Stepping 3, GenuineIntel



---------------  S Y S T E M  ---------------

OS: Windows 10.0 , 64 bit Build 16299 (10.0.16299.431)

CPU:total 4 (initial active 4) (2 cores per cpu, 2 threads per core) family 6 model 78 stepping 3, cmov, cx8, fxsr, mmx, sse, sse2, sse3, ssse3, sse4.1, sse4.2, popcnt, avx, avx2, aes, clmul, erms, 3dnowpref, lzcnt, ht, tsc, tscinvbit, bmi1, bmi2, adx

Memory: 4k page, physical 4075684k(162664k free), swap 12478496k(5792k free)

vm_info: OpenJDK 64-Bit Server VM (25.152-b02) for windows-amd64 JRE (1.8.0_152-release-1024-b02), built by "builder" with MS VC++ 10.0 (VS2010)

time: Tue Jun 26 00:23:42 2018
elapsed time: 6 seconds (0d 0h 0m 6s)

