#
# There is insufficient memory for the Java Runtime Environment to continue.
# Native memory allocation (malloc) failed to allocate 148976 bytes for Chunk::new
# Possible reasons:
#   The system is out of physical RAM or swap space
#   In 32 bit mode, the process size limit was hit
# Possible solutions:
#   Reduce memory load on the system
#   Increase physical memory or swap space
#   Check if swap backing store is full
#   Use 64 bit Java on a 64 bit OS
#   Decrease Java heap size (-Xmx/-Xms)
#   Decrease number of Java threads
#   Decrease Java thread stack sizes (-Xss)
#   Set larger code cache with -XX:ReservedCodeCacheSize=
# This output file may be truncated or incomplete.
#
#  Out of Memory Error (allocation.cpp:390), pid=2536, tid=0x0000000000001864
#
# JRE version: OpenJDK Runtime Environment (8.0_152-b02) (build 1.8.0_152-release-1024-b02)
# Java VM: OpenJDK 64-Bit Server VM (25.152-b02 mixed mode windows-amd64 compressed oops)
# Failed to write core dump. Minidumps are not enabled by default on client versions of Windows
#

---------------  T H R E A D  ---------------

Current thread (0x00000000182fd000):  JavaThread "C2 CompilerThread1" daemon [_thread_in_native, id=6244, stack(0x0000000019b50000,0x0000000019c50000)]

Stack: [0x0000000019b50000,0x0000000019c50000]
[error occurred during error reporting (printing stack bounds), id 0xc0000005]

Native frames: (J=compiled Java code, j=interpreted, Vv=VM code, C=native code)


Current CompileTask:
C2:   3828 1438 %     4       com.google.common.io.LineBuffer::add @ 47 (204 bytes)


---------------  P R O C E S S  ---------------

Java Threads: ( => current thread )
  0x000000001d48d800 JavaThread "Cache worker for file hash cache (C:\Users\ADMIN\Desktop\Time manager\.gradle\4.4\fileHashes)" [_thread_blocked, id=17172, stack(0x000000001e210000,0x000000001e310000)]
  0x000000001b32a800 JavaThread "File lock request listener" [_thread_in_native, id=7452, stack(0x000000001e110000,0x000000001e210000)]
  0x000000001b55f000 JavaThread "Cache worker for file hash cache (C:\Users\ADMIN\.gradle\caches\4.4\fileHashes)" [_thread_blocked, id=8936, stack(0x000000001e010000,0x000000001e110000)]
  0x000000001b329800 JavaThread "Stdin handler" [_thread_blocked, id=4272, stack(0x000000001cd40000,0x000000001ce40000)]
  0x000000001b328800 JavaThread "Asynchronous log dispatcher for DefaultDaemonConnection: socket connection from /127.0.0.1:51676 to /127.0.0.1:51677" [_thread_blocked, id=18092, stack(0x000000001cc40000,0x000000001cd40000)]
  0x000000001b324000 JavaThread "Daemon worker" [_thread_in_native, id=16860, stack(0x000000001cb40000,0x000000001cc40000)]
  0x000000001b372800 JavaThread "Cancel handler" [_thread_blocked, id=6128, stack(0x000000001ca40000,0x000000001cb40000)]
  0x000000001b301800 JavaThread "Handler for socket connection from /127.0.0.1:51676 to /127.0.0.1:51677" [_thread_in_native, id=18388, stack(0x000000001c740000,0x000000001c840000)]
  0x000000001b462800 JavaThread "Daemon" [_thread_blocked, id=15964, stack(0x000000001c640000,0x000000001c740000)]
  0x000000001b2ca000 JavaThread "Daemon periodic checks" [_thread_blocked, id=12884, stack(0x000000001c540000,0x000000001c640000)]
  0x000000001b2a9800 JavaThread "Incoming local TCP Connector on port 51676" [_thread_in_native, id=11080, stack(0x000000001c060000,0x000000001c160000)]
  0x0000000019d78800 JavaThread "Service Thread" daemon [_thread_blocked, id=6024, stack(0x000000001a150000,0x000000001a250000)]
  0x000000001830a000 JavaThread "C1 CompilerThread2" daemon [_thread_blocked, id=12720, stack(0x0000000019c50000,0x0000000019d50000)]
=>0x00000000182fd000 JavaThread "C2 CompilerThread1" daemon [_thread_in_native, id=6244, stack(0x0000000019b50000,0x0000000019c50000)]
  0x0000000018308000 JavaThread "C2 CompilerThread0" daemon [_thread_in_native, id=15132, stack(0x0000000019a50000,0x0000000019b50000)]
  0x0000000018306800 JavaThread "Attach Listener" daemon [_thread_blocked, id=10512, stack(0x0000000019950000,0x0000000019a50000)]
  0x0000000018305800 JavaThread "Signal Dispatcher" daemon [_thread_blocked, id=12988, stack(0x0000000019850000,0x0000000019950000)]
  0x000000000493c000 JavaThread "Finalizer" daemon [_thread_blocked, id=9432, stack(0x0000000019560000,0x0000000019660000)]
  0x0000000004931000 JavaThread "Reference Handler" daemon [_thread_blocked, id=17492, stack(0x0000000019460000,0x0000000019560000)]
  0x000000000498d800 JavaThread "main" [_thread_blocked, id=8880, stack(0x00000000046f0000,0x00000000047f0000)]

Other Threads:
  0x00000000182c5800 VMThread [stack: 0x0000000019360000,0x0000000019460000] [id=16876]
  0x000000001835e000 WatcherThread [stack: 0x000000001a250000,0x000000001a350000] [id=11236]

VM state:not at safepoint (normal execution)

VM Mutex/Monitor currently owned by a thread: None

Heap:
 PSYoungGen      total 35328K, used 8336K [0x00000000e0000000, 0x00000000e4d00000, 0x0000000100000000)
  eden space 32768K, 17% used [0x00000000e0000000,0x00000000e05a4010,0x00000000e2000000)
  from space 2560K, 100% used [0x00000000e2000000,0x00000000e2280000,0x00000000e2280000)
  to   space 6656K, 0% used [0x00000000e4680000,0x00000000e4680000,0x00000000e4d00000)
 ParOldGen       total 44032K, used 6624K [0x00000000a0000000, 0x00000000a2b00000, 0x00000000e0000000)
  object space 44032K, 15% used [0x00000000a0000000,0x00000000a06780f8,0x00000000a2b00000)
 Metaspace       used 14936K, capacity 15254K, committed 15360K, reserved 1062912K
  class space    used 2094K, capacity 2219K, committed 2304K, reserved 1048576K

Card table byte_map: [0x0000000013d50000,0x0000000014060000] byte_map_base: 0x0000000013850000

Marking Bits: (ParMarkBitMap*) 0x0000000059e44970
 Begin Bits: [0x0000000014660000, 0x0000000015e60000)
 End Bits:   [0x0000000015e60000, 0x0000000017660000)

Polling page: 0x00000000030c0000

CodeCache: size=245760Kb used=5057Kb max_used=5057Kb free=240702Kb
 bounds [0x0000000004990000, 0x0000000004e90000, 0x0000000013990000]
 total_blobs=1831 nmethods=1461 adapters=283
 compilation: enabled

Compilation events (10 events):
Event: 3.815 Thread 0x000000001830a000 1459       3       sun.misc.ProxyGenerator$ConstantPool::getMethodRef (33 bytes)
Event: 3.816 Thread 0x000000001830a000 nmethod 1459 0x0000000004e7cb90 code [0x0000000004e7ce20, 0x0000000004e7dbc8]
Event: 3.817 Thread 0x000000001830a000 1460       3       org.gradle.internal.service.DefaultServiceRegistry$SingletonService::getFactory (20 bytes)
Event: 3.817 Thread 0x000000001830a000 nmethod 1460 0x0000000004e7c590 code [0x0000000004e7c720, 0x0000000004e7ca78]
Event: 3.817 Thread 0x000000001830a000 1462       3       org.gradle.internal.service.DefaultServiceRegistry$CachingProvider::cacheServiceProvider (24 bytes)
Event: 3.817 Thread 0x000000001830a000 nmethod 1462 0x0000000004e7c0d0 code [0x0000000004e7c240, 0x0000000004e7c4c8]
Event: 3.818 Thread 0x000000001830a000 1461       3       java.util.ArrayList::toArray (60 bytes)
Event: 3.818 Thread 0x000000001830a000 nmethod 1461 0x0000000004e7b850 code [0x0000000004e7b9e0, 0x0000000004e7bf98]
Event: 3.819 Thread 0x000000001830a000 1463       3       org.gradle.internal.service.DefaultServiceRegistry::hasService (15 bytes)
Event: 3.820 Thread 0x000000001830a000 nmethod 1463 0x0000000004e82650 code [0x0000000004e82820, 0x0000000004e82f68]

GC Heap History (10 events):
Event: 0.640 GC heap before
{Heap before GC invocations=1 (full 0):
 PSYoungGen      total 18944K, used 16384K [0x00000000e0000000, 0x00000000e1500000, 0x0000000100000000)
  eden space 16384K, 100% used [0x00000000e0000000,0x00000000e1000000,0x00000000e1000000)
  from space 2560K, 0% used [0x00000000e1280000,0x00000000e1280000,0x00000000e1500000)
  to   space 2560K, 0% used [0x00000000e1000000,0x00000000e1000000,0x00000000e1280000)
 ParOldGen       total 44032K, used 0K [0x00000000a0000000, 0x00000000a2b00000, 0x00000000e0000000)
  object space 44032K, 0% used [0x00000000a0000000,0x00000000a0000000,0x00000000a2b00000)
 Metaspace       used 5733K, capacity 5854K, committed 5888K, reserved 1056768K
  class space    used 700K, capacity 747K, committed 768K, reserved 1048576K
Event: 0.645 GC heap after
Heap after GC invocations=1 (full 0):
 PSYoungGen      total 18944K, used 2538K [0x00000000e0000000, 0x00000000e1500000, 0x0000000100000000)
  eden space 16384K, 0% used [0x00000000e0000000,0x00000000e0000000,0x00000000e1000000)
  from space 2560K, 99% used [0x00000000e1000000,0x00000000e127aa78,0x00000000e1280000)
  to   space 2560K, 0% used [0x00000000e1280000,0x00000000e1280000,0x00000000e1500000)
 ParOldGen       total 44032K, used 376K [0x00000000a0000000, 0x00000000a2b00000, 0x00000000e0000000)
  object space 44032K, 0% used [0x00000000a0000000,0x00000000a005e1b0,0x00000000a2b00000)
 Metaspace       used 5733K, capacity 5854K, committed 5888K, reserved 1056768K
  class space    used 700K, capacity 747K, committed 768K, reserved 1048576K
}
Event: 0.998 GC heap before
{Heap before GC invocations=2 (full 0):
 PSYoungGen      total 18944K, used 18922K [0x00000000e0000000, 0x00000000e1500000, 0x0000000100000000)
  eden space 16384K, 100% used [0x00000000e0000000,0x00000000e1000000,0x00000000e1000000)
  from space 2560K, 99% used [0x00000000e1000000,0x00000000e127aa78,0x00000000e1280000)
  to   space 2560K, 0% used [0x00000000e1280000,0x00000000e1280000,0x00000000e1500000)
 ParOldGen       total 44032K, used 376K [0x00000000a0000000, 0x00000000a2b00000, 0x00000000e0000000)
  object space 44032K, 0% used [0x00000000a0000000,0x00000000a005e1b0,0x00000000a2b00000)
 Metaspace       used 6579K, capacity 6766K, committed 7040K, reserved 1056768K
  class space    used 803K, capacity 875K, committed 896K, reserved 1048576K
Event: 1.010 GC heap after
Heap after GC invocations=2 (full 0):
 PSYoungGen      total 18944K, used 2388K [0x00000000e0000000, 0x00000000e2500000, 0x0000000100000000)
  eden space 16384K, 0% used [0x00000000e0000000,0x00000000e0000000,0x00000000e1000000)
  from space 2560K, 93% used [0x00000000e1280000,0x00000000e14d5148,0x00000000e1500000)
  to   space 2560K, 0% used [0x00000000e1000000,0x00000000e1000000,0x00000000e1280000)
 ParOldGen       total 44032K, used 376K [0x00000000a0000000, 0x00000000a2b00000, 0x00000000e0000000)
  object space 44032K, 0% used [0x00000000a0000000,0x00000000a005e1b0,0x00000000a2b00000)
 Metaspace       used 6579K, capacity 6766K, committed 7040K, reserved 1056768K
  class space    used 803K, capacity 875K, committed 896K, reserved 1048576K
}
Event: 1.363 GC heap before
{Heap before GC invocations=3 (full 0):
 PSYoungGen      total 18944K, used 18772K [0x00000000e0000000, 0x00000000e2500000, 0x0000000100000000)
  eden space 16384K, 100% used [0x00000000e0000000,0x00000000e1000000,0x00000000e1000000)
  from space 2560K, 93% used [0x00000000e1280000,0x00000000e14d5148,0x00000000e1500000)
  to   space 2560K, 0% used [0x00000000e1000000,0x00000000e1000000,0x00000000e1280000)
 ParOldGen       total 44032K, used 376K [0x00000000a0000000, 0x00000000a2b00000, 0x00000000e0000000)
  object space 44032K, 0% used [0x00000000a0000000,0x00000000a005e1b0,0x00000000a2b00000)
 Metaspace       used 6925K, capacity 7112K, committed 7424K, reserved 1056768K
  class space    used 874K, capacity 948K, committed 1024K, reserved 1048576K
Event: 1.367 GC heap after
Heap after GC invocations=3 (full 0):
 PSYoungGen      total 18944K, used 2532K [0x00000000e0000000, 0x00000000e2500000, 0x0000000100000000)
  eden space 16384K, 0% used [0x00000000e0000000,0x00000000e0000000,0x00000000e1000000)
  from space 2560K, 98% used [0x00000000e1000000,0x00000000e1279388,0x00000000e1280000)
  to   space 2560K, 0% used [0x00000000e2280000,0x00000000e2280000,0x00000000e2500000)
 ParOldGen       total 44032K, used 642K [0x00000000a0000000, 0x00000000a2b00000, 0x00000000e0000000)
  object space 44032K, 1% used [0x00000000a0000000,0x00000000a00a0b88,0x00000000a2b00000)
 Metaspace       used 6925K, capacity 7112K, committed 7424K, reserved 1056768K
  class space    used 874K, capacity 948K, committed 1024K, reserved 1048576K
}
Event: 2.750 GC heap before
{Heap before GC invocations=4 (full 0):
 PSYoungGen      total 18944K, used 18916K [0x00000000e0000000, 0x00000000e2500000, 0x0000000100000000)
  eden space 16384K, 100% used [0x00000000e0000000,0x00000000e1000000,0x00000000e1000000)
  from space 2560K, 98% used [0x00000000e1000000,0x00000000e1279388,0x00000000e1280000)
  to   space 2560K, 0% used [0x00000000e2280000,0x00000000e2280000,0x00000000e2500000)
 ParOldGen       total 44032K, used 642K [0x00000000a0000000, 0x00000000a2b00000, 0x00000000e0000000)
  object space 44032K, 1% used [0x00000000a0000000,0x00000000a00a0b88,0x00000000a2b00000)
 Metaspace       used 11564K, capacity 11798K, committed 11904K, reserved 1058816K
  class space    used 1528K, capacity 1631K, committed 1664K, reserved 1048576K
Event: 2.760 GC heap after
Heap after GC invocations=4 (full 0):
 PSYoungGen      total 35328K, used 2528K [0x00000000e0000000, 0x00000000e2500000, 0x0000000100000000)
  eden space 32768K, 0% used [0x00000000e0000000,0x00000000e0000000,0x00000000e2000000)
  from space 2560K, 98% used [0x00000000e2280000,0x00000000e24f8020,0x00000000e2500000)
  to   space 2560K, 0% used [0x00000000e2000000,0x00000000e2000000,0x00000000e2280000)
 ParOldGen       total 44032K, used 2974K [0x00000000a0000000, 0x00000000a2b00000, 0x00000000e0000000)
  object space 44032K, 6% used [0x00000000a0000000,0x00000000a02e7858,0x00000000a2b00000)
 Metaspace       used 11564K, capacity 11798K, committed 11904K, reserved 1058816K
  class space    used 1528K, capacity 1631K, committed 1664K, reserved 1048576K
}
Event: 3.719 GC heap before
{Heap before GC invocations=5 (full 0):
 PSYoungGen      total 35328K, used 35296K [0x00000000e0000000, 0x00000000e2500000, 0x0000000100000000)
  eden space 32768K, 100% used [0x00000000e0000000,0x00000000e2000000,0x00000000e2000000)
  from space 2560K, 98% used [0x00000000e2280000,0x00000000e24f8020,0x00000000e2500000)
  to   space 2560K, 0% used [0x00000000e2000000,0x00000000e2000000,0x00000000e2280000)
 ParOldGen       total 44032K, used 2974K [0x00000000a0000000, 0x00000000a2b00000, 0x00000000e0000000)
  object space 44032K, 6% used [0x00000000a0000000,0x00000000a02e7858,0x00000000a2b00000)
 Metaspace       used 14439K, capacity 14710K, committed 14976K, reserved 1062912K
  class space    used 2014K, capacity 2123K, committed 2176K, reserved 1048576K
Event: 3.729 GC heap after
Heap after GC invocations=5 (full 0):
 PSYoungGen      total 35328K, used 2560K [0x00000000e0000000, 0x00000000e4d00000, 0x0000000100000000)
  eden space 32768K, 0% used [0x00000000e0000000,0x00000000e0000000,0x00000000e2000000)
  from space 2560K, 100% used [0x00000000e2000000,0x00000000e2280000,0x00000000e2280000)
  to   space 6656K, 0% used [0x00000000e4680000,0x00000000e4680000,0x00000000e4d00000)
 ParOldGen       total 44032K, used 6624K [0x00000000a0000000, 0x00000000a2b00000, 0x00000000e0000000)
  object space 44032K, 15% used [0x00000000a0000000,0x00000000a06780f8,0x00000000a2b00000)
 Metaspace       used 14439K, capacity 14710K, committed 14976K, reserved 1062912K
  class space    used 2014K, capacity 2123K, committed 2176K, reserved 1048576K
}

Deoptimization events (10 events):
Event: 1.955 Thread 0x000000000498d800 Uncommon trap: reason=unstable_if action=reinterpret pc=0x0000000004cb5a58 method=java.io.WinNTFileSystem.normalize(Ljava/lang/String;II)Ljava/lang/String; @ 90
Event: 2.745 Thread 0x000000001b301800 Uncommon trap: reason=unstable_if action=reinterpret pc=0x0000000004d47c60 method=java.util.concurrent.ConcurrentHashMap.putVal(Ljava/lang/Object;Ljava/lang/Object;Z)Ljava/lang/Object; @ 206
Event: 2.997 Thread 0x000000001b324000 Uncommon trap: reason=bimorphic action=maybe_recompile pc=0x0000000004cc7c7c method=java.util.HashMap.putVal(ILjava/lang/Object;Ljava/lang/Object;ZZ)Ljava/lang/Object; @ 253
Event: 2.998 Thread 0x000000001b324000 Uncommon trap: reason=bimorphic action=maybe_recompile pc=0x0000000004cc7c7c method=java.util.HashMap.putVal(ILjava/lang/Object;Ljava/lang/Object;ZZ)Ljava/lang/Object; @ 253
Event: 2.998 Thread 0x000000001b324000 Uncommon trap: reason=bimorphic action=maybe_recompile pc=0x0000000004cc7c7c method=java.util.HashMap.putVal(ILjava/lang/Object;Ljava/lang/Object;ZZ)Ljava/lang/Object; @ 253
Event: 3.054 Thread 0x000000001b324000 Uncommon trap: reason=class_check action=maybe_recompile pc=0x0000000004bf919c method=java.util.regex.Matcher.match(II)Z @ 86
Event: 3.524 Thread 0x000000001b324000 Uncommon trap: reason=class_check action=maybe_recompile pc=0x0000000004bf919c method=java.util.regex.Matcher.match(II)Z @ 86
Event: 3.743 Thread 0x000000001b324000 Uncommon trap: reason=unstable_if action=reinterpret pc=0x0000000004e25d74 method=java.lang.String.lastIndexOf([CII[CIII)I @ 66
Event: 3.794 Thread 0x000000001b324000 Uncommon trap: reason=unstable_if action=reinterpret pc=0x0000000004ae83c8 method=java.net.URI.match(CJJ)Z @ 19
Event: 3.794 Thread 0x000000001b324000 Uncommon trap: reason=unstable_if action=reinterpret pc=0x0000000004c357c0 method=java.net.URI.match(CJJ)Z @ 19

Classes redefined (0 events):
No events

Internal exceptions (10 events):
Event: 2.802 Thread 0x000000001b301800 Exception <a 'java/lang/NoSuchMethodError': <clinit>> (0x00000000e0092ee0) thrown at [D:\src\AOSP-openjdk-cygwin\jdk8u\hotspot\src\share\vm\prims\jni.cpp, line 1613]
Event: 2.803 Thread 0x000000001b301800 Exception <a 'java/lang/NoSuchMethodError': <clinit>> (0x00000000e009b9a8) thrown at [D:\src\AOSP-openjdk-cygwin\jdk8u\hotspot\src\share\vm\prims\jni.cpp, line 1613]
Event: 2.805 Thread 0x000000001b301800 Exception <a 'java/lang/NoSuchMethodError': <clinit>> (0x00000000e00ad070) thrown at [D:\src\AOSP-openjdk-cygwin\jdk8u\hotspot\src\share\vm\prims\jni.cpp, line 1613]
Event: 2.831 Thread 0x000000001b301800 Exception <a 'java/lang/NoSuchMethodError': <clinit>> (0x00000000e0128a30) thrown at [D:\src\AOSP-openjdk-cygwin\jdk8u\hotspot\src\share\vm\prims\jni.cpp, line 1613]
Event: 2.835 Thread 0x000000001b301800 Exception <a 'java/lang/NoSuchMethodError': <clinit>> (0x00000000e014c0d0) thrown at [D:\src\AOSP-openjdk-cygwin\jdk8u\hotspot\src\share\vm\prims\jni.cpp, line 1613]
Event: 2.848 Thread 0x000000001b301800 Exception <a 'java/lang/NoSuchMethodError': <clinit>> (0x00000000e0175a20) thrown at [D:\src\AOSP-openjdk-cygwin\jdk8u\hotspot\src\share\vm\prims\jni.cpp, line 1613]
Event: 2.851 Thread 0x000000001b301800 Exception <a 'java/lang/NoSuchMethodError': <clinit>> (0x00000000e01835b0) thrown at [D:\src\AOSP-openjdk-cygwin\jdk8u\hotspot\src\share\vm\prims\jni.cpp, line 1613]
Event: 2.859 Thread 0x000000001b301800 Exception <a 'java/lang/NoSuchMethodError': <clinit>> (0x00000000e01a55b0) thrown at [D:\src\AOSP-openjdk-cygwin\jdk8u\hotspot\src\share\vm\prims\jni.cpp, line 1613]
Event: 2.901 Thread 0x000000001b324000 Exception <a 'java/lang/NoSuchMethodError': <clinit>> (0x00000000e03167a0) thrown at [D:\src\AOSP-openjdk-cygwin\jdk8u\hotspot\src\share\vm\prims\jni.cpp, line 1613]
Event: 2.902 Thread 0x000000001b324000 Exception <a 'java/lang/NoSuchMethodError': <clinit>> (0x00000000e031ea28) thrown at [D:\src\AOSP-openjdk-cygwin\jdk8u\hotspot\src\share\vm\prims\jni.cpp, line 1613]

Events (10 events):
Event: 3.823 loading class org/gradle/api/resources/ReadableResource
Event: 3.823 loading class org/gradle/api/resources/ReadableResource done
Event: 3.823 loading class org/gradle/api/resources/Resource
Event: 3.823 loading class org/gradle/api/resources/Resource done
Event: 3.824 loading class org/gradle/api/internal/file/FileTreeInternal
Event: 3.824 loading class org/gradle/api/internal/file/FileTreeInternal done
Event: 3.824 loading class org/gradle/api/file/FileTree
Event: 3.824 loading class org/gradle/api/file/FileTree done
Event: 3.825 loading class org/gradle/api/internal/file/FileNormaliser
Event: 3.825 loading class org/gradle/api/internal/file/FileNormaliser done


Dynamic libraries:
0x00007ff679df0000 - 0x00007ff679e21000 	C:\Program Files\Android\Android Studio\jre\bin\java.exe
0x00007fffebfd0000 - 0x00007fffec1b0000 	C:\WINDOWS\SYSTEM32\ntdll.dll
0x00007fffeaf20000 - 0x00007fffeafce000 	C:\WINDOWS\System32\KERNEL32.DLL
0x00007fffe88e0000 - 0x00007fffe8b46000 	C:\WINDOWS\System32\KERNELBASE.dll
0x00007fffeb690000 - 0x00007fffeb731000 	C:\WINDOWS\System32\ADVAPI32.dll
0x00007fffeb480000 - 0x00007fffeb51d000 	C:\WINDOWS\System32\msvcrt.dll
0x00007fffeae00000 - 0x00007fffeae5b000 	C:\WINDOWS\System32\sechost.dll
0x00007fffeb940000 - 0x00007fffeba5f000 	C:\WINDOWS\System32\RPCRT4.dll
0x00007fffeafe0000 - 0x00007fffeb16f000 	C:\WINDOWS\System32\USER32.dll
0x00007fffe88c0000 - 0x00007fffe88e0000 	C:\WINDOWS\System32\win32u.dll
0x00007fffeba80000 - 0x00007fffebaa8000 	C:\WINDOWS\System32\GDI32.dll
0x00007fffe83d0000 - 0x00007fffe8563000 	C:\WINDOWS\System32\gdi32full.dll
0x00007fffe93a0000 - 0x00007fffe943b000 	C:\WINDOWS\System32\msvcp_win.dll
0x00007fffe8b50000 - 0x00007fffe8c46000 	C:\WINDOWS\System32\ucrtbase.dll
0x00007fffda5a0000 - 0x00007fffda809000 	C:\WINDOWS\WinSxS\amd64_microsoft.windows.common-controls_6595b64144ccf1df_6.0.16299.431_none_15c7d3ee93659e73\COMCTL32.dll
0x00007fffebc00000 - 0x00007fffebf08000 	C:\WINDOWS\System32\combase.dll
0x00007fffe8570000 - 0x00007fffe85e2000 	C:\WINDOWS\System32\bcryptPrimitives.dll
0x00007fffea8e0000 - 0x00007fffea90d000 	C:\WINDOWS\System32\IMM32.DLL
0x00000000595a0000 - 0x0000000059672000 	C:\Program Files\Android\Android Studio\jre\jre\bin\msvcr100.dll
0x0000000059680000 - 0x0000000059ebf000 	C:\Program Files\Android\Android Studio\jre\jre\bin\server\jvm.dll
0x00007fffebf90000 - 0x00007fffebf98000 	C:\WINDOWS\System32\PSAPI.DLL
0x00007fffdf170000 - 0x00007fffdf17a000 	C:\WINDOWS\SYSTEM32\VERSION.dll
0x00007fffe6f90000 - 0x00007fffe6f99000 	C:\WINDOWS\SYSTEM32\WSOCK32.dll
0x00007fffeb3b0000 - 0x00007fffeb41c000 	C:\WINDOWS\System32\WS2_32.dll
0x00007fffdbbd0000 - 0x00007fffdbbf3000 	C:\WINDOWS\SYSTEM32\WINMM.dll
0x00007fffdbba0000 - 0x00007fffdbbca000 	C:\WINDOWS\SYSTEM32\winmmbase.dll
0x00007fffe87c0000 - 0x00007fffe880a000 	C:\WINDOWS\System32\cfgmgr32.dll
0x00007fffded20000 - 0x00007fffded2f000 	C:\Program Files\Android\Android Studio\jre\jre\bin\verify.dll
0x00007fffd9c90000 - 0x00007fffd9cb9000 	C:\Program Files\Android\Android Studio\jre\jre\bin\java.dll
0x00007fffd7570000 - 0x00007fffd7586000 	C:\Program Files\Android\Android Studio\jre\jre\bin\zip.dll
0x00007fffe94a0000 - 0x00007fffea8d8000 	C:\WINDOWS\System32\SHELL32.dll
0x00007fffeae60000 - 0x00007fffeaf06000 	C:\WINDOWS\System32\shcore.dll
0x00007fffe8c50000 - 0x00007fffe9397000 	C:\WINDOWS\System32\windows.storage.dll
0x00007fffeb740000 - 0x00007fffeb791000 	C:\WINDOWS\System32\shlwapi.dll
0x00007fffe8340000 - 0x00007fffe8351000 	C:\WINDOWS\System32\kernel.appcore.dll
0x00007fffe8380000 - 0x00007fffe83cc000 	C:\WINDOWS\System32\powrprof.dll
0x00007fffe8320000 - 0x00007fffe833b000 	C:\WINDOWS\System32\profapi.dll
0x00007fffcf540000 - 0x00007fffcf55a000 	C:\Program Files\Android\Android Studio\jre\jre\bin\net.dll
0x00007fffe7bb0000 - 0x00007fffe7c16000 	C:\WINDOWS\system32\mswsock.dll
0x00007fffce640000 - 0x00007fffce651000 	C:\Program Files\Android\Android Studio\jre\jre\bin\nio.dll
0x00007fffd9f70000 - 0x00007fffd9f8e000 	C:\Users\ADMIN\.gradle\native\25\windows-amd64\native-platform.dll
0x00007fffdc500000 - 0x00007fffdc50d000 	C:\Program Files\Android\Android Studio\jre\jre\bin\management.dll
0x00007fffe7d80000 - 0x00007fffe7d97000 	C:\WINDOWS\SYSTEM32\CRYPTSP.dll
0x00007fffe77b0000 - 0x00007fffe77e3000 	C:\WINDOWS\system32\rsaenh.dll
0x00007fffe7e80000 - 0x00007fffe7ea5000 	C:\WINDOWS\SYSTEM32\bcrypt.dll
0x00007fffe8250000 - 0x00007fffe8279000 	C:\WINDOWS\SYSTEM32\USERENV.dll
0x00007fffe7d70000 - 0x00007fffe7d7b000 	C:\WINDOWS\SYSTEM32\CRYPTBASE.dll
0x00007fffe7940000 - 0x00007fffe7979000 	C:\WINDOWS\SYSTEM32\IPHLPAPI.DLL
0x00007fffeafd0000 - 0x00007fffeafd8000 	C:\WINDOWS\System32\NSI.dll
0x00007fffe27e0000 - 0x00007fffe27f6000 	C:\WINDOWS\SYSTEM32\dhcpcsvc6.DLL
0x00007fffe2fb0000 - 0x00007fffe2fca000 	C:\WINDOWS\SYSTEM32\dhcpcsvc.DLL

VM Arguments:
jvm_args: -Xmx1536m -Dfile.encoding=windows-1252 -Duser.country=US -Duser.language=en -Duser.variant 
java_command: org.gradle.launcher.daemon.bootstrap.GradleDaemon 4.4
java_class_path (initial): C:\Users\ADMIN\.gradle\wrapper\dists\gradle-4.4-all\9br9xq1tocpiv8o6njlyu5op1\gradle-4.4\lib\gradle-launcher-4.4.jar
Launcher Type: SUN_STANDARD

Environment Variables:
JAVA_HOME=C:\Program Files\Java\jdk1.8.0_144
PATH=C:\WINDOWS\system32;C:\WINDOWS;C:\WINDOWS\System32\Wbem;C:\WINDOWS\System32\WindowsPowerShell\v1.0\;C:\Program Files\Java\jdk1.8.0_144\bin;D:\apache-maven-3.5.3-bin\bin;C:\Users\ADMIN\AppData\Local\Microsoft\WindowsApps;
USERNAME=ADMIN
OS=Windows_NT
PROCESSOR_IDENTIFIER=Intel64 Family 6 Model 78 Stepping 3, GenuineIntel



---------------  S Y S T E M  ---------------

OS: Windows 10.0 , 64 bit Build 16299 (10.0.16299.431)

CPU:total 4 (initial active 4) (2 cores per cpu, 2 threads per core) family 6 model 78 stepping 3, cmov, cx8, fxsr, mmx, sse, sse2, sse3, ssse3, sse4.1, sse4.2, popcnt, avx, avx2, aes, clmul, erms, 3dnowpref, lzcnt, ht, tsc, tscinvbit, bmi1, bmi2, adx

Memory: 4k page, physical 4075684k(307756k free), swap 12478496k(4120k free)

vm_info: OpenJDK 64-Bit Server VM (25.152-b02) for windows-amd64 JRE (1.8.0_152-release-1024-b02), built by "builder" with MS VC++ 10.0 (VS2010)

time: Tue Jun 26 00:24:56 2018
elapsed time: 3 seconds (0d 0h 0m 3s)

