#
# There is insufficient memory for the Java Runtime Environment to continue.
# Native memory allocation (malloc) failed to allocate 2284016 bytes for Chunk::new
# Possible reasons:
#   The system is out of physical RAM or swap space
#   In 32 bit mode, the process size limit was hit
# Possible solutions:
#   Reduce memory load on the system
#   Increase physical memory or swap space
#   Check if swap backing store is full
#   Use 64 bit Java on a 64 bit OS
#   Decrease Java heap size (-Xmx/-Xms)
#   Decrease number of Java threads
#   Decrease Java thread stack sizes (-Xss)
#   Set larger code cache with -XX:ReservedCodeCacheSize=
# This output file may be truncated or incomplete.
#
#  Out of Memory Error (allocation.cpp:390), pid=15084, tid=0x00000000000009cc
#
# JRE version: OpenJDK Runtime Environment (8.0_152-b02) (build 1.8.0_152-release-1024-b02)
# Java VM: OpenJDK 64-Bit Server VM (25.152-b02 mixed mode windows-amd64 compressed oops)
# Failed to write core dump. Minidumps are not enabled by default on client versions of Windows
#

---------------  T H R E A D  ---------------

Current thread (0x0000000018a8c000):  JavaThread "C2 CompilerThread1" daemon [_thread_in_native, id=2508, stack(0x000000001a2f0000,0x000000001a3f0000)]

Stack: [0x000000001a2f0000,0x000000001a3f0000]
[error occurred during error reporting (printing stack bounds), id 0xc0000005]

Native frames: (J=compiled Java code, j=interpreted, Vv=VM code, C=native code)


Current CompileTask:
C2:   3642 1361       4       java.net.URLClassLoader$1::run (5 bytes)


---------------  P R O C E S S  ---------------

Java Threads: ( => current thread )
  0x000000001bc60800 JavaThread "Cache worker for file hash cache (C:\Users\ADMIN\Desktop\Time manager\.gradle\4.4\fileHashes)" [_thread_blocked, id=17004, stack(0x000000001e9b0000,0x000000001eab0000)]
  0x000000001bd06800 JavaThread "File lock request listener" [_thread_in_native, id=10948, stack(0x000000001d8e0000,0x000000001d9e0000)]
  0x000000001bd05800 JavaThread "Cache worker for file hash cache (C:\Users\ADMIN\.gradle\caches\4.4\fileHashes)" [_thread_blocked, id=17488, stack(0x000000001d7e0000,0x000000001d8e0000)]
  0x000000001bb05800 JavaThread "Stdin handler" [_thread_blocked, id=820, stack(0x000000001d4e0000,0x000000001d5e0000)]
  0x000000001bafc000 JavaThread "Asynchronous log dispatcher for DefaultDaemonConnection: socket connection from /127.0.0.1:51682 to /127.0.0.1:51683" [_thread_blocked, id=15740, stack(0x000000001d3e0000,0x000000001d4e0000)]
  0x000000001bb0f800 JavaThread "Daemon worker" [_thread_in_native, id=13900, stack(0x000000001d2e0000,0x000000001d3e0000)]
  0x000000001bb08800 JavaThread "Cancel handler" [_thread_blocked, id=2524, stack(0x000000001d1e0000,0x000000001d2e0000)]
  0x000000001bacc000 JavaThread "Handler for socket connection from /127.0.0.1:51682 to /127.0.0.1:51683" [_thread_in_native, id=6920, stack(0x000000001cee0000,0x000000001cfe0000)]
  0x000000001bacb800 JavaThread "Daemon" [_thread_blocked, id=17972, stack(0x000000001cde0000,0x000000001cee0000)]
  0x000000001ba65800 JavaThread "Daemon periodic checks" [_thread_blocked, id=260, stack(0x000000001cce0000,0x000000001cde0000)]
  0x000000001ba12000 JavaThread "Incoming local TCP Connector on port 51682" [_thread_in_native, id=18732, stack(0x000000001c800000,0x000000001c900000)]
  0x0000000018aec000 JavaThread "Service Thread" daemon [_thread_blocked, id=18460, stack(0x000000001a8f0000,0x000000001a9f0000)]
  0x0000000018a98000 JavaThread "C1 CompilerThread2" daemon [_thread_blocked, id=16164, stack(0x000000001a3f0000,0x000000001a4f0000)]
=>0x0000000018a8c000 JavaThread "C2 CompilerThread1" daemon [_thread_in_native, id=2508, stack(0x000000001a2f0000,0x000000001a3f0000)]
  0x0000000018a97000 JavaThread "C2 CompilerThread0" daemon [_thread_blocked, id=5056, stack(0x000000001a1f0000,0x000000001a2f0000)]
  0x0000000018a95800 JavaThread "Attach Listener" daemon [_thread_blocked, id=2960, stack(0x000000001a0f0000,0x000000001a1f0000)]
  0x0000000018a94000 JavaThread "Signal Dispatcher" daemon [_thread_blocked, id=17152, stack(0x0000000019ff0000,0x000000001a0f0000)]
  0x000000000511c000 JavaThread "Finalizer" daemon [_thread_blocked, id=13820, stack(0x0000000019d00000,0x0000000019e00000)]
  0x0000000005111000 JavaThread "Reference Handler" daemon [_thread_blocked, id=8052, stack(0x0000000019c00000,0x0000000019d00000)]
  0x000000000501d800 JavaThread "main" [_thread_blocked, id=14464, stack(0x0000000004e70000,0x0000000004f70000)]

Other Threads:
  0x0000000018a55800 VMThread [stack: 0x0000000019b00000,0x0000000019c00000] [id=12944]
  0x0000000018aee000 WatcherThread [stack: 0x000000001a9f0000,0x000000001aaf0000] [id=16708]

VM state:not at safepoint (normal execution)

VM Mutex/Monitor currently owned by a thread: None

Heap:
 PSYoungGen      total 35328K, used 7141K [0x00000000e0000000, 0x00000000e4d00000, 0x0000000100000000)
  eden space 32768K, 14% used [0x00000000e0000000,0x00000000e047d608,0x00000000e2000000)
  from space 2560K, 99% used [0x00000000e2000000,0x00000000e227c010,0x00000000e2280000)
  to   space 6656K, 0% used [0x00000000e4680000,0x00000000e4680000,0x00000000e4d00000)
 ParOldGen       total 44032K, used 6592K [0x00000000a0000000, 0x00000000a2b00000, 0x00000000e0000000)
  object space 44032K, 14% used [0x00000000a0000000,0x00000000a0670270,0x00000000a2b00000)
 Metaspace       used 14781K, capacity 15094K, committed 15360K, reserved 1062912K
  class space    used 2070K, capacity 2187K, committed 2304K, reserved 1048576K

Card table byte_map: [0x00000000144e0000,0x00000000147f0000] byte_map_base: 0x0000000013fe0000

Marking Bits: (ParMarkBitMap*) 0x0000000059e44970
 Begin Bits: [0x0000000014df0000, 0x00000000165f0000)
 End Bits:   [0x00000000165f0000, 0x0000000017df0000)

Polling page: 0x0000000004e30000

CodeCache: size=245760Kb used=5000Kb max_used=5013Kb free=240759Kb
 bounds [0x0000000005120000, 0x0000000005610000, 0x0000000014120000]
 total_blobs=1816 nmethods=1446 adapters=283
 compilation: enabled

Compilation events (10 events):
Event: 3.488 Thread 0x0000000018a98000 nmethod 1446 0x00000000055f9390 code [0x00000000055f94e0, 0x00000000055f95f0]
Event: 3.492 Thread 0x0000000018a97000 nmethod 1435 0x00000000056041d0 code [0x0000000005604440, 0x0000000005605390]
Event: 3.492 Thread 0x0000000018a97000 1436 %     4       com.google.common.io.LineBuffer::add @ 47 (204 bytes)
Event: 3.526 Thread 0x0000000018a97000 nmethod 1436% 0x0000000005606210 code [0x00000000056063e0, 0x0000000005607288]
Event: 3.528 Thread 0x0000000018a98000 1447       3       java.util.IdentityHashMap::maskNull (12 bytes)
Event: 3.528 Thread 0x0000000018a98000 nmethod 1447 0x00000000055f9050 code [0x00000000055f91a0, 0x00000000055f9330]
Event: 3.599 Thread 0x0000000018a98000 1448       3       org.gradle.internal.service.DefaultServiceRegistry$SingletonService::get (5 bytes)
Event: 3.599 Thread 0x0000000018a98000 nmethod 1448 0x00000000055f8c10 code [0x00000000055f8d80, 0x00000000055f8f88]
Event: 3.618 Thread 0x0000000018a98000 1449       1       java.util.concurrent.locks.AbstractQueuedSynchronizer::getState (5 bytes)
Event: 3.619 Thread 0x0000000018a98000 nmethod 1449 0x00000000055f8950 code [0x00000000055f8aa0, 0x00000000055f8bb0]

GC Heap History (10 events):
Event: 0.672 GC heap before
{Heap before GC invocations=1 (full 0):
 PSYoungGen      total 18944K, used 16384K [0x00000000e0000000, 0x00000000e1500000, 0x0000000100000000)
  eden space 16384K, 100% used [0x00000000e0000000,0x00000000e1000000,0x00000000e1000000)
  from space 2560K, 0% used [0x00000000e1280000,0x00000000e1280000,0x00000000e1500000)
  to   space 2560K, 0% used [0x00000000e1000000,0x00000000e1000000,0x00000000e1280000)
 ParOldGen       total 44032K, used 0K [0x00000000a0000000, 0x00000000a2b00000, 0x00000000e0000000)
  object space 44032K, 0% used [0x00000000a0000000,0x00000000a0000000,0x00000000a2b00000)
 Metaspace       used 5727K, capacity 5854K, committed 5888K, reserved 1056768K
  class space    used 700K, capacity 747K, committed 768K, reserved 1048576K
Event: 0.677 GC heap after
Heap after GC invocations=1 (full 0):
 PSYoungGen      total 18944K, used 2538K [0x00000000e0000000, 0x00000000e1500000, 0x0000000100000000)
  eden space 16384K, 0% used [0x00000000e0000000,0x00000000e0000000,0x00000000e1000000)
  from space 2560K, 99% used [0x00000000e1000000,0x00000000e127aa58,0x00000000e1280000)
  to   space 2560K, 0% used [0x00000000e1280000,0x00000000e1280000,0x00000000e1500000)
 ParOldGen       total 44032K, used 376K [0x00000000a0000000, 0x00000000a2b00000, 0x00000000e0000000)
  object space 44032K, 0% used [0x00000000a0000000,0x00000000a005e1b0,0x00000000a2b00000)
 Metaspace       used 5727K, capacity 5854K, committed 5888K, reserved 1056768K
  class space    used 700K, capacity 747K, committed 768K, reserved 1048576K
}
Event: 1.081 GC heap before
{Heap before GC invocations=2 (full 0):
 PSYoungGen      total 18944K, used 18922K [0x00000000e0000000, 0x00000000e1500000, 0x0000000100000000)
  eden space 16384K, 100% used [0x00000000e0000000,0x00000000e1000000,0x00000000e1000000)
  from space 2560K, 99% used [0x00000000e1000000,0x00000000e127aa58,0x00000000e1280000)
  to   space 2560K, 0% used [0x00000000e1280000,0x00000000e1280000,0x00000000e1500000)
 ParOldGen       total 44032K, used 376K [0x00000000a0000000, 0x00000000a2b00000, 0x00000000e0000000)
  object space 44032K, 0% used [0x00000000a0000000,0x00000000a005e1b0,0x00000000a2b00000)
 Metaspace       used 6580K, capacity 6766K, committed 7040K, reserved 1056768K
  class space    used 804K, capacity 875K, committed 896K, reserved 1048576K
Event: 1.100 GC heap after
Heap after GC invocations=2 (full 0):
 PSYoungGen      total 18944K, used 2404K [0x00000000e0000000, 0x00000000e2500000, 0x0000000100000000)
  eden space 16384K, 0% used [0x00000000e0000000,0x00000000e0000000,0x00000000e1000000)
  from space 2560K, 93% used [0x00000000e1280000,0x00000000e14d9118,0x00000000e1500000)
  to   space 2560K, 0% used [0x00000000e1000000,0x00000000e1000000,0x00000000e1280000)
 ParOldGen       total 44032K, used 376K [0x00000000a0000000, 0x00000000a2b00000, 0x00000000e0000000)
  object space 44032K, 0% used [0x00000000a0000000,0x00000000a005e1b0,0x00000000a2b00000)
 Metaspace       used 6580K, capacity 6766K, committed 7040K, reserved 1056768K
  class space    used 804K, capacity 875K, committed 896K, reserved 1048576K
}
Event: 1.501 GC heap before
{Heap before GC invocations=3 (full 0):
 PSYoungGen      total 18944K, used 18788K [0x00000000e0000000, 0x00000000e2500000, 0x0000000100000000)
  eden space 16384K, 100% used [0x00000000e0000000,0x00000000e1000000,0x00000000e1000000)
  from space 2560K, 93% used [0x00000000e1280000,0x00000000e14d9118,0x00000000e1500000)
  to   space 2560K, 0% used [0x00000000e1000000,0x00000000e1000000,0x00000000e1280000)
 ParOldGen       total 44032K, used 376K [0x00000000a0000000, 0x00000000a2b00000, 0x00000000e0000000)
  object space 44032K, 0% used [0x00000000a0000000,0x00000000a005e1b0,0x00000000a2b00000)
 Metaspace       used 6930K, capacity 7112K, committed 7424K, reserved 1056768K
  class space    used 874K, capacity 948K, committed 1024K, reserved 1048576K
Event: 1.503 GC heap after
Heap after GC invocations=3 (full 0):
 PSYoungGen      total 18944K, used 2544K [0x00000000e0000000, 0x00000000e2500000, 0x0000000100000000)
  eden space 16384K, 0% used [0x00000000e0000000,0x00000000e0000000,0x00000000e1000000)
  from space 2560K, 99% used [0x00000000e1000000,0x00000000e127c030,0x00000000e1280000)
  to   space 2560K, 0% used [0x00000000e2280000,0x00000000e2280000,0x00000000e2500000)
 ParOldGen       total 44032K, used 598K [0x00000000a0000000, 0x00000000a2b00000, 0x00000000e0000000)
  object space 44032K, 1% used [0x00000000a0000000,0x00000000a0095bc0,0x00000000a2b00000)
 Metaspace       used 6930K, capacity 7112K, committed 7424K, reserved 1056768K
  class space    used 874K, capacity 948K, committed 1024K, reserved 1048576K
}
Event: 2.578 GC heap before
{Heap before GC invocations=4 (full 0):
 PSYoungGen      total 18944K, used 18928K [0x00000000e0000000, 0x00000000e2500000, 0x0000000100000000)
  eden space 16384K, 100% used [0x00000000e0000000,0x00000000e1000000,0x00000000e1000000)
  from space 2560K, 99% used [0x00000000e1000000,0x00000000e127c030,0x00000000e1280000)
  to   space 2560K, 0% used [0x00000000e2280000,0x00000000e2280000,0x00000000e2500000)
 ParOldGen       total 44032K, used 598K [0x00000000a0000000, 0x00000000a2b00000, 0x00000000e0000000)
  object space 44032K, 1% used [0x00000000a0000000,0x00000000a0095bc0,0x00000000a2b00000)
 Metaspace       used 11563K, capacity 11868K, committed 12160K, reserved 1060864K
  class space    used 1529K, capacity 1632K, committed 1664K, reserved 1048576K
Event: 2.584 GC heap after
Heap after GC invocations=4 (full 0):
 PSYoungGen      total 35328K, used 2544K [0x00000000e0000000, 0x00000000e2500000, 0x0000000100000000)
  eden space 32768K, 0% used [0x00000000e0000000,0x00000000e0000000,0x00000000e2000000)
  from space 2560K, 99% used [0x00000000e2280000,0x00000000e24fc030,0x00000000e2500000)
  to   space 2560K, 0% used [0x00000000e2000000,0x00000000e2000000,0x00000000e2280000)
 ParOldGen       total 44032K, used 2900K [0x00000000a0000000, 0x00000000a2b00000, 0x00000000e0000000)
  object space 44032K, 6% used [0x00000000a0000000,0x00000000a02d5280,0x00000000a2b00000)
 Metaspace       used 11563K, capacity 11868K, committed 12160K, reserved 1060864K
  class space    used 1529K, capacity 1632K, committed 1664K, reserved 1048576K
}
Event: 3.291 GC heap before
{Heap before GC invocations=5 (full 0):
 PSYoungGen      total 35328K, used 35312K [0x00000000e0000000, 0x00000000e2500000, 0x0000000100000000)
  eden space 32768K, 100% used [0x00000000e0000000,0x00000000e2000000,0x00000000e2000000)
  from space 2560K, 99% used [0x00000000e2280000,0x00000000e24fc030,0x00000000e2500000)
  to   space 2560K, 0% used [0x00000000e2000000,0x00000000e2000000,0x00000000e2280000)
 ParOldGen       total 44032K, used 2900K [0x00000000a0000000, 0x00000000a2b00000, 0x00000000e0000000)
  object space 44032K, 6% used [0x00000000a0000000,0x00000000a02d5280,0x00000000a2b00000)
 Metaspace       used 14439K, capacity 14806K, committed 14976K, reserved 1062912K
  class space    used 2016K, capacity 2155K, committed 2176K, reserved 1048576K
Event: 3.328 GC heap after
Heap after GC invocations=5 (full 0):
 PSYoungGen      total 35328K, used 2544K [0x00000000e0000000, 0x00000000e4d00000, 0x0000000100000000)
  eden space 32768K, 0% used [0x00000000e0000000,0x00000000e0000000,0x00000000e2000000)
  from space 2560K, 99% used [0x00000000e2000000,0x00000000e227c010,0x00000000e2280000)
  to   space 6656K, 0% used [0x00000000e4680000,0x00000000e4680000,0x00000000e4d00000)
 ParOldGen       total 44032K, used 6592K [0x00000000a0000000, 0x00000000a2b00000, 0x00000000e0000000)
  object space 44032K, 14% used [0x00000000a0000000,0x00000000a0670270,0x00000000a2b00000)
 Metaspace       used 14439K, capacity 14806K, committed 14976K, reserved 1062912K
  class space    used 2016K, capacity 2155K, committed 2176K, reserved 1048576K
}

Deoptimization events (10 events):
Event: 2.572 Thread 0x000000001bacc000 Uncommon trap: reason=unstable_if action=reinterpret pc=0x00000000054c2d20 method=java.util.concurrent.ConcurrentHashMap.putVal(Ljava/lang/Object;Ljava/lang/Object;Z)Ljava/lang/Object; @ 206
Event: 2.681 Thread 0x000000001bb0f800 Uncommon trap: reason=bimorphic action=maybe_recompile pc=0x0000000005455a24 method=java.util.HashMap.putVal(ILjava/lang/Object;Ljava/lang/Object;ZZ)Ljava/lang/Object; @ 253
Event: 2.681 Thread 0x000000001bb0f800 Uncommon trap: reason=bimorphic action=maybe_recompile pc=0x0000000005455a24 method=java.util.HashMap.putVal(ILjava/lang/Object;Ljava/lang/Object;ZZ)Ljava/lang/Object; @ 253
Event: 2.681 Thread 0x000000001bb0f800 Uncommon trap: reason=bimorphic action=maybe_recompile pc=0x0000000005455a24 method=java.util.HashMap.putVal(ILjava/lang/Object;Ljava/lang/Object;ZZ)Ljava/lang/Object; @ 253
Event: 2.695 Thread 0x000000001bb0f800 Uncommon trap: reason=class_check action=maybe_recompile pc=0x00000000053bcb18 method=java.util.regex.Matcher.match(II)Z @ 86
Event: 3.075 Thread 0x000000001bb0f800 Uncommon trap: reason=class_check action=maybe_recompile pc=0x00000000053bcb18 method=java.util.regex.Matcher.match(II)Z @ 86
Event: 3.075 Thread 0x000000001bb0f800 Uncommon trap: reason=class_check action=maybe_recompile pc=0x000000000538a1dc method=java.util.regex.Matcher.match(II)Z @ 86
Event: 3.346 Thread 0x000000001bb0f800 Uncommon trap: reason=unstable_if action=reinterpret pc=0x00000000055a42f4 method=java.lang.String.lastIndexOf([CII[CIII)I @ 66
Event: 3.592 Thread 0x000000001bb0f800 Uncommon trap: reason=unstable_if action=reinterpret pc=0x00000000052763c8 method=java.net.URI.match(CJJ)Z @ 19
Event: 3.593 Thread 0x000000001bb0f800 Uncommon trap: reason=unstable_if action=reinterpret pc=0x00000000053be200 method=java.net.URI.match(CJJ)Z @ 19

Classes redefined (0 events):
No events

Internal exceptions (10 events):
Event: 2.598 Thread 0x000000001bacc000 Exception <a 'java/lang/NoSuchMethodError': <clinit>> (0x00000000e00847b0) thrown at [D:\src\AOSP-openjdk-cygwin\jdk8u\hotspot\src\share\vm\prims\jni.cpp, line 1613]
Event: 2.599 Thread 0x000000001bacc000 Exception <a 'java/lang/NoSuchMethodError': <clinit>> (0x00000000e008d278) thrown at [D:\src\AOSP-openjdk-cygwin\jdk8u\hotspot\src\share\vm\prims\jni.cpp, line 1613]
Event: 2.600 Thread 0x000000001bacc000 Exception <a 'java/lang/NoSuchMethodError': <clinit>> (0x00000000e009e8e8) thrown at [D:\src\AOSP-openjdk-cygwin\jdk8u\hotspot\src\share\vm\prims\jni.cpp, line 1613]
Event: 2.612 Thread 0x000000001bacc000 Exception <a 'java/lang/NoSuchMethodError': <clinit>> (0x00000000e011a470) thrown at [D:\src\AOSP-openjdk-cygwin\jdk8u\hotspot\src\share\vm\prims\jni.cpp, line 1613]
Event: 2.619 Thread 0x000000001bacc000 Exception <a 'java/lang/NoSuchMethodError': <clinit>> (0x00000000e013db48) thrown at [D:\src\AOSP-openjdk-cygwin\jdk8u\hotspot\src\share\vm\prims\jni.cpp, line 1613]
Event: 2.625 Thread 0x000000001bacc000 Exception <a 'java/lang/NoSuchMethodError': <clinit>> (0x00000000e0167468) thrown at [D:\src\AOSP-openjdk-cygwin\jdk8u\hotspot\src\share\vm\prims\jni.cpp, line 1613]
Event: 2.627 Thread 0x000000001bacc000 Exception <a 'java/lang/NoSuchMethodError': <clinit>> (0x00000000e0175030) thrown at [D:\src\AOSP-openjdk-cygwin\jdk8u\hotspot\src\share\vm\prims\jni.cpp, line 1613]
Event: 2.637 Thread 0x000000001bacc000 Exception <a 'java/lang/NoSuchMethodError': <clinit>> (0x00000000e0197060) thrown at [D:\src\AOSP-openjdk-cygwin\jdk8u\hotspot\src\share\vm\prims\jni.cpp, line 1613]
Event: 2.670 Thread 0x000000001bb0f800 Exception <a 'java/lang/NoSuchMethodError': <clinit>> (0x00000000e02ec660) thrown at [D:\src\AOSP-openjdk-cygwin\jdk8u\hotspot\src\share\vm\prims\jni.cpp, line 1613]
Event: 2.671 Thread 0x000000001bb0f800 Exception <a 'java/lang/NoSuchMethodError': <clinit>> (0x00000000e02f48e8) thrown at [D:\src\AOSP-openjdk-cygwin\jdk8u\hotspot\src\share\vm\prims\jni.cpp, line 1613]

Events (10 events):
Event: 3.592 Thread 0x000000001bb0f800 DEOPT PACKING pc=0x00000000052763c8 sp=0x000000001d3d9c60
Event: 3.592 Thread 0x000000001bb0f800 DEOPT UNPACKING pc=0x000000000516557b sp=0x000000001d3d9bf0 mode 2
Event: 3.593 Thread 0x000000001bb0f800 Uncommon trap: trap_request=0xffffff65 fr.pc=0x00000000053be200
Event: 3.593 Thread 0x000000001bb0f800 DEOPT PACKING pc=0x00000000053be200 sp=0x000000001d3d9dd0
Event: 3.593 Thread 0x000000001bb0f800 DEOPT UNPACKING pc=0x000000000516557b sp=0x000000001d3d9c58 mode 2
Event: 3.593 loading class org/gradle/groovy/scripts/TextResourceScriptSource
Event: 3.593 loading class org/gradle/groovy/scripts/TextResourceScriptSource done
Event: 3.596 loading class org/gradle/api/Task
Event: 3.596 loading class org/gradle/api/Task done
Event: 3.600 Thread 0x000000001bc60800 Thread added: 0x000000001bc60800


Dynamic libraries:
0x00007ff6a98e0000 - 0x00007ff6a9911000 	C:\Program Files\Android\Android Studio\jre\bin\java.exe
0x00007fffebfd0000 - 0x00007fffec1b0000 	C:\WINDOWS\SYSTEM32\ntdll.dll
0x00007fffeaf20000 - 0x00007fffeafce000 	C:\WINDOWS\System32\KERNEL32.DLL
0x00007fffe88e0000 - 0x00007fffe8b46000 	C:\WINDOWS\System32\KERNELBASE.dll
0x00007fffeb690000 - 0x00007fffeb731000 	C:\WINDOWS\System32\ADVAPI32.dll
0x00007fffeb480000 - 0x00007fffeb51d000 	C:\WINDOWS\System32\msvcrt.dll
0x00007fffeae00000 - 0x00007fffeae5b000 	C:\WINDOWS\System32\sechost.dll
0x00007fffeb940000 - 0x00007fffeba5f000 	C:\WINDOWS\System32\RPCRT4.dll
0x00007fffeafe0000 - 0x00007fffeb16f000 	C:\WINDOWS\System32\USER32.dll
0x00007fffe88c0000 - 0x00007fffe88e0000 	C:\WINDOWS\System32\win32u.dll
0x00007fffeba80000 - 0x00007fffebaa8000 	C:\WINDOWS\System32\GDI32.dll
0x00007fffe83d0000 - 0x00007fffe8563000 	C:\WINDOWS\System32\gdi32full.dll
0x00007fffe93a0000 - 0x00007fffe943b000 	C:\WINDOWS\System32\msvcp_win.dll
0x00007fffe8b50000 - 0x00007fffe8c46000 	C:\WINDOWS\System32\ucrtbase.dll
0x00007fffda5a0000 - 0x00007fffda809000 	C:\WINDOWS\WinSxS\amd64_microsoft.windows.common-controls_6595b64144ccf1df_6.0.16299.431_none_15c7d3ee93659e73\COMCTL32.dll
0x00007fffebc00000 - 0x00007fffebf08000 	C:\WINDOWS\System32\combase.dll
0x00007fffe8570000 - 0x00007fffe85e2000 	C:\WINDOWS\System32\bcryptPrimitives.dll
0x00007fffea8e0000 - 0x00007fffea90d000 	C:\WINDOWS\System32\IMM32.DLL
0x00000000595a0000 - 0x0000000059672000 	C:\Program Files\Android\Android Studio\jre\jre\bin\msvcr100.dll
0x0000000059680000 - 0x0000000059ebf000 	C:\Program Files\Android\Android Studio\jre\jre\bin\server\jvm.dll
0x00007fffebf90000 - 0x00007fffebf98000 	C:\WINDOWS\System32\PSAPI.DLL
0x00007fffe6f90000 - 0x00007fffe6f99000 	C:\WINDOWS\SYSTEM32\WSOCK32.dll
0x00007fffdbbd0000 - 0x00007fffdbbf3000 	C:\WINDOWS\SYSTEM32\WINMM.dll
0x00007fffeb3b0000 - 0x00007fffeb41c000 	C:\WINDOWS\System32\WS2_32.dll
0x00007fffdf170000 - 0x00007fffdf17a000 	C:\WINDOWS\SYSTEM32\VERSION.dll
0x00007fffdbba0000 - 0x00007fffdbbca000 	C:\WINDOWS\SYSTEM32\WINMMBASE.dll
0x00007fffe87c0000 - 0x00007fffe880a000 	C:\WINDOWS\System32\cfgmgr32.dll
0x00007fffded20000 - 0x00007fffded2f000 	C:\Program Files\Android\Android Studio\jre\jre\bin\verify.dll
0x00007fffd9c90000 - 0x00007fffd9cb9000 	C:\Program Files\Android\Android Studio\jre\jre\bin\java.dll
0x00007fffd7570000 - 0x00007fffd7586000 	C:\Program Files\Android\Android Studio\jre\jre\bin\zip.dll
0x00007fffe94a0000 - 0x00007fffea8d8000 	C:\WINDOWS\System32\SHELL32.dll
0x00007fffeae60000 - 0x00007fffeaf06000 	C:\WINDOWS\System32\shcore.dll
0x00007fffe8c50000 - 0x00007fffe9397000 	C:\WINDOWS\System32\windows.storage.dll
0x00007fffeb740000 - 0x00007fffeb791000 	C:\WINDOWS\System32\shlwapi.dll
0x00007fffe8340000 - 0x00007fffe8351000 	C:\WINDOWS\System32\kernel.appcore.dll
0x00007fffe8380000 - 0x00007fffe83cc000 	C:\WINDOWS\System32\powrprof.dll
0x00007fffe8320000 - 0x00007fffe833b000 	C:\WINDOWS\System32\profapi.dll
0x00007fffcf540000 - 0x00007fffcf55a000 	C:\Program Files\Android\Android Studio\jre\jre\bin\net.dll
0x00007fffe7bb0000 - 0x00007fffe7c16000 	C:\WINDOWS\system32\mswsock.dll
0x00007fffce640000 - 0x00007fffce651000 	C:\Program Files\Android\Android Studio\jre\jre\bin\nio.dll
0x00007fffd9f70000 - 0x00007fffd9f8e000 	C:\Users\ADMIN\.gradle\native\25\windows-amd64\native-platform.dll
0x00007fffdc500000 - 0x00007fffdc50d000 	C:\Program Files\Android\Android Studio\jre\jre\bin\management.dll
0x00007fffe7d80000 - 0x00007fffe7d97000 	C:\WINDOWS\SYSTEM32\CRYPTSP.dll
0x00007fffe77b0000 - 0x00007fffe77e3000 	C:\WINDOWS\system32\rsaenh.dll
0x00007fffe7e80000 - 0x00007fffe7ea5000 	C:\WINDOWS\SYSTEM32\bcrypt.dll
0x00007fffe8250000 - 0x00007fffe8279000 	C:\WINDOWS\SYSTEM32\USERENV.dll
0x00007fffe7d70000 - 0x00007fffe7d7b000 	C:\WINDOWS\SYSTEM32\CRYPTBASE.dll
0x00007fffe7940000 - 0x00007fffe7979000 	C:\WINDOWS\SYSTEM32\IPHLPAPI.DLL
0x00007fffeafd0000 - 0x00007fffeafd8000 	C:\WINDOWS\System32\NSI.dll
0x00007fffe27e0000 - 0x00007fffe27f6000 	C:\WINDOWS\SYSTEM32\dhcpcsvc6.DLL
0x00007fffe2fb0000 - 0x00007fffe2fca000 	C:\WINDOWS\SYSTEM32\dhcpcsvc.DLL

VM Arguments:
jvm_args: -Xmx1536m -Dfile.encoding=windows-1252 -Duser.country=US -Duser.language=en -Duser.variant 
java_command: org.gradle.launcher.daemon.bootstrap.GradleDaemon 4.4
java_class_path (initial): C:\Users\ADMIN\.gradle\wrapper\dists\gradle-4.4-all\9br9xq1tocpiv8o6njlyu5op1\gradle-4.4\lib\gradle-launcher-4.4.jar
Launcher Type: SUN_STANDARD

Environment Variables:
JAVA_HOME=C:\Program Files\Java\jdk1.8.0_144
PATH=C:\WINDOWS\system32;C:\WINDOWS;C:\WINDOWS\System32\Wbem;C:\WINDOWS\System32\WindowsPowerShell\v1.0\;C:\Program Files\Java\jdk1.8.0_144\bin;D:\apache-maven-3.5.3-bin\bin;C:\Users\ADMIN\AppData\Local\Microsoft\WindowsApps;
USERNAME=ADMIN
OS=Windows_NT
PROCESSOR_IDENTIFIER=Intel64 Family 6 Model 78 Stepping 3, GenuineIntel



---------------  S Y S T E M  ---------------

OS: Windows 10.0 , 64 bit Build 16299 (10.0.16299.431)

CPU:total 4 (initial active 4) (2 cores per cpu, 2 threads per core) family 6 model 78 stepping 3, cmov, cx8, fxsr, mmx, sse, sse2, sse3, ssse3, sse4.1, sse4.2, popcnt, avx, avx2, aes, clmul, erms, 3dnowpref, lzcnt, ht, tsc, tscinvbit, bmi1, bmi2, adx

Memory: 4k page, physical 4075684k(193128k free), swap 12478496k(2844k free)

vm_info: OpenJDK 64-Bit Server VM (25.152-b02) for windows-amd64 JRE (1.8.0_152-release-1024-b02), built by "builder" with MS VC++ 10.0 (VS2010)

time: Tue Jun 26 00:25:17 2018
elapsed time: 3 seconds (0d 0h 0m 3s)

