#
# There is insufficient memory for the Java Runtime Environment to continue.
# Native memory allocation (malloc) failed to allocate 32744 bytes for ChunkPool::allocate
# Possible reasons:
#   The system is out of physical RAM or swap space
#   In 32 bit mode, the process size limit was hit
# Possible solutions:
#   Reduce memory load on the system
#   Increase physical memory or swap space
#   Check if swap backing store is full
#   Use 64 bit Java on a 64 bit OS
#   Decrease Java heap size (-Xmx/-Xms)
#   Decrease number of Java threads
#   Decrease Java thread stack sizes (-Xss)
#   Set larger code cache with -XX:ReservedCodeCacheSize=
# This output file may be truncated or incomplete.
#
#  Out of Memory Error (allocation.cpp:273), pid=2304, tid=0x0000000000003bac
#
# JRE version: OpenJDK Runtime Environment (8.0_152-b02) (build 1.8.0_152-release-1024-b02)
# Java VM: OpenJDK 64-Bit Server VM (25.152-b02 mixed mode windows-amd64 compressed oops)
# Failed to write core dump. Minidumps are not enabled by default on client versions of Windows
#

---------------  T H R E A D  ---------------

Current thread (0x000000001b3c9000):  JavaThread "Daemon worker" [_thread_in_vm, id=15276, stack(0x000000001cb00000,0x000000001cc00000)]

Stack: [0x000000001cb00000,0x000000001cc00000]
[error occurred during error reporting (printing stack bounds), id 0xc0000005]

Native frames: (J=compiled Java code, j=interpreted, Vv=VM code, C=native code)

Java frames: (J=compiled Java code, j=interpreted, Vv=VM code)
J 690  java.lang.ClassLoader.defineClass1(Ljava/lang/String;[BIILjava/security/ProtectionDomain;Ljava/lang/String;)Ljava/lang/Class; (0 bytes) @ 0x0000000004c3645f [0x0000000004c363c0+0x9f]
J 521 C1 java.lang.ClassLoader.defineClass(Ljava/lang/String;[BIILjava/security/ProtectionDomain;)Ljava/lang/Class; (43 bytes) @ 0x0000000004b93c24 [0x0000000004b93640+0x5e4]
J 413 C1 java.net.URLClassLoader.defineClass(Ljava/lang/String;Lsun/misc/Resource;)Ljava/lang/Class; (142 bytes) @ 0x0000000004b46e64 [0x0000000004b45300+0x1b64]
J 291 C1 java.net.URLClassLoader$1.run()Ljava/lang/Class; (63 bytes) @ 0x0000000004af19ec [0x0000000004af1720+0x2cc]
J 290 C1 java.net.URLClassLoader$1.run()Ljava/lang/Object; (5 bytes) @ 0x0000000004af138c [0x0000000004af1300+0x8c]
v  ~StubRoutines::call_stub
J 251  java.security.AccessController.doPrivileged(Ljava/security/PrivilegedExceptionAction;Ljava/security/AccessControlContext;)Ljava/lang/Object; (0 bytes) @ 0x0000000004adc926 [0x0000000004adc8c0+0x66]
J 1348 C2 java.net.URLClassLoader.findClass(Ljava/lang/String;)Ljava/lang/Class; (47 bytes) @ 0x0000000004ddcff0 [0x0000000004ddcf60+0x90]
J 1459 C1 org.gradle.internal.classloader.TransformingClassLoader.findClass(Ljava/lang/String;)Ljava/lang/Class; (203 bytes) @ 0x0000000004e26cfc [0x0000000004e25860+0x149c]
J 1313 C2 java.lang.ClassLoader.loadClass(Ljava/lang/String;Z)Ljava/lang/Class; (122 bytes) @ 0x0000000004dd2a44 [0x0000000004dd1a40+0x1004]
J 295 C1 java.lang.ClassLoader.loadClass(Ljava/lang/String;)Ljava/lang/Class; (7 bytes) @ 0x0000000004af418c [0x0000000004af4080+0x10c]
v  ~StubRoutines::call_stub
j  org.gradle.api.internal.artifacts.DependencyManagementBuildScopeServices.createRepositoryTransportFactory(Lorg/gradle/StartParameter;Lorg/gradle/internal/logging/progress/ProgressLoggerFactory;Lorg/gradle/api/internal/file/TemporaryFileProvider;Lorg/gradle/internal/resource/cached/ByUrlCachedExternalResourceIndex;Lorg/gradle/util/BuildCommencedTimeProvider;Lorg/gradle/api/internal/artifacts/ivyservice/CacheLockingManager;Ljava/util/List;Lorg/gradle/internal/operations/BuildOperationExecutor;Lorg/gradle/cache/internal/ProducerGuard;Lorg/gradle/internal/resource/local/FileResourceRepository;)Lorg/gradle/api/internal/artifacts/repositories/transport/RepositoryTransportFactory;+0
v  ~StubRoutines::call_stub
j  sun.reflect.NativeMethodAccessorImpl.invoke0(Ljava/lang/reflect/Method;Ljava/lang/Object;[Ljava/lang/Object;)Ljava/lang/Object;+0
j  sun.reflect.NativeMethodAccessorImpl.invoke(Ljava/lang/Object;[Ljava/lang/Object;)Ljava/lang/Object;+100
J 1039 C1 sun.reflect.DelegatingMethodAccessorImpl.invoke(Ljava/lang/Object;[Ljava/lang/Object;)Ljava/lang/Object; (10 bytes) @ 0x0000000004d0f444 [0x0000000004d0f340+0x104]
J 1026 C1 java.lang.reflect.Method.invoke(Ljava/lang/Object;[Ljava/lang/Object;)Ljava/lang/Object; (62 bytes) @ 0x0000000004d03b2c [0x0000000004d03740+0x3ec]
j  org.gradle.internal.reflect.JavaMethod.invoke(Ljava/lang/Object;[Ljava/lang/Object;)Ljava/lang/Object;+6
j  org.gradle.internal.service.ReflectionBasedServiceMethod.invoke(Ljava/lang/Object;[Ljava/lang/Object;)Ljava/lang/Object;+6
j  org.gradle.internal.service.DefaultServiceRegistry$FactoryMethodService.invokeMethod([Ljava/lang/Object;)Ljava/lang/Object;+9
j  org.gradle.internal.service.DefaultServiceRegistry$FactoryService.create()Ljava/lang/Object;+7
J 1444 C1 org.gradle.internal.service.DefaultServiceRegistry$ManagedObjectProvider.getInstance()Ljava/lang/Object; (57 bytes) @ 0x0000000004e1e70c [0x0000000004e1e5c0+0x14c]
J 1443 C1 org.gradle.internal.service.DefaultServiceRegistry$SingletonService.get()Ljava/lang/Object; (5 bytes) @ 0x0000000004e1eb34 [0x0000000004e1ea40+0xf4]
j  org.gradle.internal.service.DefaultServiceRegistry$FactoryService.assembleParameters()[Ljava/lang/Object;+44
j  org.gradle.internal.service.DefaultServiceRegistry$FactoryService.create()Ljava/lang/Object;+1
J 1444 C1 org.gradle.internal.service.DefaultServiceRegistry$ManagedObjectProvider.getInstance()Ljava/lang/Object; (57 bytes) @ 0x0000000004e1e70c [0x0000000004e1e5c0+0x14c]
J 1443 C1 org.gradle.internal.service.DefaultServiceRegistry$SingletonService.get()Ljava/lang/Object; (5 bytes) @ 0x0000000004e1eb34 [0x0000000004e1ea40+0xf4]
j  org.gradle.internal.service.DefaultServiceRegistry.doGet(Ljava/lang/reflect/Type;)Ljava/lang/Object;+87
j  org.gradle.internal.service.DefaultServiceRegistry.get(Ljava/lang/Class;)Ljava/lang/Object;+3
j  org.gradle.internal.service.scopes.BuildScopeServices.defaultScriptPluginFactory()Lorg/gradle/configuration/DefaultScriptPluginFactory;+105
j  org.gradle.internal.service.scopes.BuildScopeServices.createScriptPluginFactory(Lorg/gradle/internal/scripts/ScriptingLanguages;Lorg/gradle/api/internal/InstantiatorFactory;Lorg/gradle/internal/operations/BuildOperationExecutor;)Lorg/gradle/configuration/ScriptPluginFactory;+1
v  ~StubRoutines::call_stub
j  sun.reflect.NativeMethodAccessorImpl.invoke0(Ljava/lang/reflect/Method;Ljava/lang/Object;[Ljava/lang/Object;)Ljava/lang/Object;+0
j  sun.reflect.NativeMethodAccessorImpl.invoke(Ljava/lang/Object;[Ljava/lang/Object;)Ljava/lang/Object;+100
J 1039 C1 sun.reflect.DelegatingMethodAccessorImpl.invoke(Ljava/lang/Object;[Ljava/lang/Object;)Ljava/lang/Object; (10 bytes) @ 0x0000000004d0f444 [0x0000000004d0f340+0x104]
J 1026 C1 java.lang.reflect.Method.invoke(Ljava/lang/Object;[Ljava/lang/Object;)Ljava/lang/Object; (62 bytes) @ 0x0000000004d03b2c [0x0000000004d03740+0x3ec]
j  org.gradle.internal.reflect.JavaMethod.invoke(Ljava/lang/Object;[Ljava/lang/Object;)Ljava/lang/Object;+6
j  org.gradle.internal.service.ReflectionBasedServiceMethod.invoke(Ljava/lang/Object;[Ljava/lang/Object;)Ljava/lang/Object;+6
j  org.gradle.internal.service.DefaultServiceRegistry$FactoryMethodService.invokeMethod([Ljava/lang/Object;)Ljava/lang/Object;+9
j  org.gradle.internal.service.DefaultServiceRegistry$FactoryService.create()Ljava/lang/Object;+7
j  org.gradle.internal.service.DefaultServiceRegistry$ManagedObjectProvider.getInstance()Ljava/lang/Object;+9
j  org.gradle.internal.service.DefaultServiceRegistry$SingletonService.get()Ljava/lang/Object;+1
j  org.gradle.internal.service.DefaultServiceRegistry$FactoryService.assembleParameters()[Ljava/lang/Object;+44
j  org.gradle.internal.service.DefaultServiceRegistry$FactoryService.create()Ljava/lang/Object;+1
j  org.gradle.internal.service.DefaultServiceRegistry$ManagedObjectProvider.getInstance()Ljava/lang/Object;+9
j  org.gradle.internal.service.DefaultServiceRegistry$SingletonService.get()Ljava/lang/Object;+1
j  org.gradle.internal.service.DefaultServiceRegistry$FactoryService.assembleParameters()[Ljava/lang/Object;+44
j  org.gradle.internal.service.DefaultServiceRegistry$FactoryService.create()Ljava/lang/Object;+1
j  org.gradle.internal.service.DefaultServiceRegistry$ManagedObjectProvider.getInstance()Ljava/lang/Object;+9
j  org.gradle.internal.service.DefaultServiceRegistry$SingletonService.get()Ljava/lang/Object;+1
j  org.gradle.internal.service.DefaultServiceRegistry.doGet(Ljava/lang/reflect/Type;)Ljava/lang/Object;+87
j  org.gradle.internal.service.DefaultServiceRegistry.get(Ljava/lang/Class;)Ljava/lang/Object;+3
j  org.gradle.initialization.DefaultGradleLauncherFactory.doNewInstance(Lorg/gradle/StartParameter;Lorg/gradle/initialization/GradleLauncher;Lorg/gradle/initialization/BuildCancellationToken;Lorg/gradle/initialization/BuildRequestMetaData;Lorg/gradle/initialization/BuildEventConsumer;Lorg/gradle/internal/service/scopes/BuildTreeScopeServices;Ljava/util/List;)Lorg/gradle/initialization/DefaultGradleLauncher;+373
j  org.gradle.initialization.DefaultGradleLauncherFactory.newInstance(Lorg/gradle/StartParameter;Lorg/gradle/initialization/BuildRequestContext;Lorg/gradle/internal/service/ServiceRegistry;)Lorg/gradle/initialization/GradleLauncher;+69
j  org.gradle.launcher.exec.InProcessBuildActionExecuter.execute(Lorg/gradle/internal/invocation/BuildAction;Lorg/gradle/initialization/BuildRequestContext;Lorg/gradle/launcher/exec/BuildActionParameters;Lorg/gradle/internal/service/ServiceRegistry;)Ljava/lang/Object;+13
j  org.gradle.launcher.exec.InProcessBuildActionExecuter.execute(Lorg/gradle/internal/invocation/BuildAction;Lorg/gradle/initialization/BuildRequestContext;Ljava/lang/Object;Lorg/gradle/internal/service/ServiceRegistry;)Ljava/lang/Object;+9
j  org.gradle.launcher.exec.BuildTreeScopeBuildActionExecuter.execute(Lorg/gradle/internal/invocation/BuildAction;Lorg/gradle/initialization/BuildRequestContext;Lorg/gradle/launcher/exec/BuildActionParameters;Lorg/gradle/internal/service/ServiceRegistry;)Ljava/lang/Object;+41
j  org.gradle.launcher.exec.BuildTreeScopeBuildActionExecuter.execute(Lorg/gradle/internal/invocation/BuildAction;Lorg/gradle/initialization/BuildRequestContext;Ljava/lang/Object;Lorg/gradle/internal/service/ServiceRegistry;)Ljava/lang/Object;+9
j  org.gradle.tooling.internal.provider.ContinuousBuildActionExecuter.execute(Lorg/gradle/internal/invocation/BuildAction;Lorg/gradle/initialization/BuildRequestContext;Lorg/gradle/launcher/exec/BuildActionParameters;Lorg/gradle/internal/service/ServiceRegistry;)Ljava/lang/Object;+63
j  org.gradle.tooling.internal.provider.ContinuousBuildActionExecuter.execute(Lorg/gradle/internal/invocation/BuildAction;Lorg/gradle/initialization/BuildRequestContext;Ljava/lang/Object;Lorg/gradle/internal/service/ServiceRegistry;)Ljava/lang/Object;+9
j  org.gradle.tooling.internal.provider.ServicesSetupBuildActionExecuter.execute(Lorg/gradle/internal/invocation/BuildAction;Lorg/gradle/initialization/BuildRequestContext;Lorg/gradle/launcher/exec/BuildActionParameters;Lorg/gradle/internal/service/ServiceRegistry;)Ljava/lang/Object;+86
j  org.gradle.tooling.internal.provider.ServicesSetupBuildActionExecuter.execute(Lorg/gradle/internal/invocation/BuildAction;Lorg/gradle/initialization/BuildRequestContext;Ljava/lang/Object;Lorg/gradle/internal/service/ServiceRegistry;)Ljava/lang/Object;+9
j  org.gradle.tooling.internal.provider.GradleThreadBuildActionExecuter.execute(Lorg/gradle/internal/invocation/BuildAction;Lorg/gradle/initialization/BuildRequestContext;Lorg/gradle/launcher/exec/BuildActionParameters;Lorg/gradle/internal/service/ServiceRegistry;)Ljava/lang/Object;+12
j  org.gradle.tooling.internal.provider.GradleThreadBuildActionExecuter.execute(Lorg/gradle/internal/invocation/BuildAction;Lorg/gradle/initialization/BuildRequestContext;Ljava/lang/Object;Lorg/gradle/internal/service/ServiceRegistry;)Ljava/lang/Object;+9
j  org.gradle.tooling.internal.provider.ParallelismConfigurationBuildActionExecuter.execute(Lorg/gradle/internal/invocation/BuildAction;Lorg/gradle/initialization/BuildRequestContext;Lorg/gradle/launcher/exec/BuildActionParameters;Lorg/gradle/internal/service/ServiceRegistry;)Ljava/lang/Object;+43
j  org.gradle.tooling.internal.provider.ParallelismConfigurationBuildActionExecuter.execute(Lorg/gradle/internal/invocation/BuildAction;Lorg/gradle/initialization/BuildRequestContext;Ljava/lang/Object;Lorg/gradle/internal/service/ServiceRegistry;)Ljava/lang/Object;+9
j  org.gradle.tooling.internal.provider.StartParamsValidatingActionExecuter.execute(Lorg/gradle/internal/invocation/BuildAction;Lorg/gradle/initialization/BuildRequestContext;Lorg/gradle/launcher/exec/BuildActionParameters;Lorg/gradle/internal/service/ServiceRegistry;)Ljava/lang/Object;+279
j  org.gradle.tooling.internal.provider.StartParamsValidatingActionExecuter.execute(Lorg/gradle/internal/invocation/BuildAction;Lorg/gradle/initialization/BuildRequestContext;Ljava/lang/Object;Lorg/gradle/internal/service/ServiceRegistry;)Ljava/lang/Object;+9
j  org.gradle.tooling.internal.provider.SessionFailureReportingActionExecuter.execute(Lorg/gradle/internal/invocation/BuildAction;Lorg/gradle/initialization/BuildRequestContext;Lorg/gradle/launcher/exec/BuildActionParameters;Lorg/gradle/internal/service/ServiceRegistry;)Ljava/lang/Object;+9
j  org.gradle.tooling.internal.provider.SessionFailureReportingActionExecuter.execute(Lorg/gradle/internal/invocation/BuildAction;Lorg/gradle/initialization/BuildRequestContext;Ljava/lang/Object;Lorg/gradle/internal/service/ServiceRegistry;)Ljava/lang/Object;+9
j  org.gradle.tooling.internal.provider.SetupLoggingActionExecuter.execute(Lorg/gradle/internal/invocation/BuildAction;Lorg/gradle/initialization/BuildRequestContext;Lorg/gradle/launcher/exec/BuildActionParameters;Lorg/gradle/internal/service/ServiceRegistry;)Ljava/lang/Object;+42
j  org.gradle.tooling.internal.provider.SetupLoggingActionExecuter.execute(Lorg/gradle/internal/invocation/BuildAction;Lorg/gradle/initialization/BuildRequestContext;Ljava/lang/Object;Lorg/gradle/internal/service/ServiceRegistry;)Ljava/lang/Object;+9
j  org.gradle.launcher.daemon.server.exec.ExecuteBuild.doBuild(Lorg/gradle/launcher/daemon/server/api/DaemonCommandExecution;Lorg/gradle/launcher/daemon/protocol/Build;)V+114
j  org.gradle.launcher.daemon.server.exec.BuildCommandOnly.execute(Lorg/gradle/launcher/daemon/server/api/DaemonCommandExecution;)V+49
j  org.gradle.launcher.daemon.server.api.DaemonCommandExecution.proceed()Z+28
j  org.gradle.launcher.daemon.server.exec.WatchForDisconnection.execute(Lorg/gradle/launcher/daemon/server/api/DaemonCommandExecution;)V+19
j  org.gradle.launcher.daemon.server.api.DaemonCommandExecution.proceed()Z+28
j  org.gradle.launcher.daemon.server.exec.ResetDeprecationLogger.execute(Lorg/gradle/launcher/daemon/server/api/DaemonCommandExecution;)V+4
j  org.gradle.launcher.daemon.server.api.DaemonCommandExecution.proceed()Z+28
j  org.gradle.launcher.daemon.server.exec.RequestStopIfSingleUsedDaemon.execute(Lorg/gradle/launcher/daemon/server/api/DaemonCommandExecution;)V+33
j  org.gradle.launcher.daemon.server.api.DaemonCommandExecution.proceed()Z+28
j  org.gradle.launcher.daemon.server.exec.ForwardClientInput$2.call()Ljava/lang/Void;+4
j  org.gradle.launcher.daemon.server.exec.ForwardClientInput$2.call()Ljava/lang/Object;+1
j  org.gradle.util.Swapper.swap(Ljava/lang/Object;Ljava/util/concurrent/Callable;)Ljava/lang/Object;+21
j  org.gradle.launcher.daemon.server.exec.ForwardClientInput.execute(Lorg/gradle/launcher/daemon/server/api/DaemonCommandExecution;)V+63
j  org.gradle.launcher.daemon.server.api.DaemonCommandExecution.proceed()Z+28
j  org.gradle.launcher.daemon.server.exec.LogAndCheckHealth.execute(Lorg/gradle/launcher/daemon/server/api/DaemonCommandExecution;)V+28
j  org.gradle.launcher.daemon.server.api.DaemonCommandExecution.proceed()Z+28
j  org.gradle.launcher.daemon.server.exec.LogToClient.doBuild(Lorg/gradle/launcher/daemon/server/api/DaemonCommandExecution;Lorg/gradle/launcher/daemon/protocol/Build;)V+87
j  org.gradle.launcher.daemon.server.exec.BuildCommandOnly.execute(Lorg/gradle/launcher/daemon/server/api/DaemonCommandExecution;)V+49
j  org.gradle.launcher.daemon.server.api.DaemonCommandExecution.proceed()Z+28
j  org.gradle.launcher.daemon.server.exec.EstablishBuildEnvironment.doBuild(Lorg/gradle/launcher/daemon/server/api/DaemonCommandExecution;Lorg/gradle/launcher/daemon/protocol/Build;)V+365
j  org.gradle.launcher.daemon.server.exec.BuildCommandOnly.execute(Lorg/gradle/launcher/daemon/server/api/DaemonCommandExecution;)V+49
j  org.gradle.launcher.daemon.server.api.DaemonCommandExecution.proceed()Z+28
j  org.gradle.launcher.daemon.server.exec.StartBuildOrRespondWithBusy$1.run()V+44
j  org.gradle.launcher.daemon.server.DaemonStateCoordinator$1.run()V+4
j  org.gradle.internal.concurrent.ExecutorPolicy$CatchAndRecordFailures.onExecute(Ljava/lang/Runnable;)V+1
j  org.gradle.internal.concurrent.ManagedExecutorImpl$1.run()V+25
j  java.util.concurrent.ThreadPoolExecutor.runWorker(Ljava/util/concurrent/ThreadPoolExecutor$Worker;)V+95
j  java.util.concurrent.ThreadPoolExecutor$Worker.run()V+5
j  org.gradle.internal.concurrent.ThreadFactoryImpl$ManagedThreadRunnable.run()V+7
j  java.lang.Thread.run()V+11
v  ~StubRoutines::call_stub

---------------  P R O C E S S  ---------------

Java Threads: ( => current thread )
  0x000000001b4f4000 JavaThread "Cache worker for file hash cache (C:\Users\ADMIN\Desktop\Time manager\.gradle\4.4\fileHashes)" [_thread_blocked, id=6432, stack(0x000000001e1d0000,0x000000001e2d0000)]
  0x000000001d156800 JavaThread "File lock request listener" [_thread_in_native, id=8188, stack(0x000000001e0d0000,0x000000001e1d0000)]
  0x000000001b5ab000 JavaThread "Cache worker for file hash cache (C:\Users\ADMIN\.gradle\caches\4.4\fileHashes)" [_thread_blocked, id=8244, stack(0x000000001dfd0000,0x000000001e0d0000)]
  0x000000001b3cb800 JavaThread "Stdin handler" [_thread_blocked, id=308, stack(0x000000001cd00000,0x000000001ce00000)]
  0x000000001b3ca800 JavaThread "Asynchronous log dispatcher for DefaultDaemonConnection: socket connection from /127.0.0.1:51707 to /127.0.0.1:51708" [_thread_blocked, id=16412, stack(0x000000001cc00000,0x000000001cd00000)]
=>0x000000001b3c9000 JavaThread "Daemon worker" [_thread_in_vm, id=15276, stack(0x000000001cb00000,0x000000001cc00000)]
  0x000000001b3d6800 JavaThread "Cancel handler" [_thread_blocked, id=6652, stack(0x000000001ca00000,0x000000001cb00000)]
  0x000000001b38a800 JavaThread "Handler for socket connection from /127.0.0.1:51707 to /127.0.0.1:51708" [_thread_in_native, id=16300, stack(0x000000001c700000,0x000000001c800000)]
  0x000000001b385800 JavaThread "Daemon" [_thread_blocked, id=9208, stack(0x000000001c600000,0x000000001c700000)]
  0x000000001b39b000 JavaThread "Daemon periodic checks" [_thread_blocked, id=4900, stack(0x000000001c500000,0x000000001c600000)]
  0x000000001b398800 JavaThread "Incoming local TCP Connector on port 51707" [_thread_in_native, id=15140, stack(0x000000001c020000,0x000000001c120000)]
  0x0000000019d38800 JavaThread "Service Thread" daemon [_thread_blocked, id=852, stack(0x000000001a110000,0x000000001a210000)]
  0x00000000182ca000 JavaThread "C1 CompilerThread2" daemon [_thread_blocked, id=4704, stack(0x0000000019c10000,0x0000000019d10000)]
  0x00000000182bc800 JavaThread "C2 CompilerThread1" daemon [_thread_in_native, id=19412, stack(0x0000000019b10000,0x0000000019c10000)]
  0x00000000182c7000 JavaThread "C2 CompilerThread0" daemon [_thread_in_native, id=14260, stack(0x0000000019a10000,0x0000000019b10000)]
  0x00000000182c5800 JavaThread "Attach Listener" daemon [_thread_blocked, id=3240, stack(0x0000000019910000,0x0000000019a10000)]
  0x00000000182c4000 JavaThread "Signal Dispatcher" daemon [_thread_blocked, id=9668, stack(0x0000000019810000,0x0000000019910000)]
  0x000000000489c000 JavaThread "Finalizer" daemon [_thread_blocked, id=12300, stack(0x0000000019520000,0x0000000019620000)]
  0x0000000004891000 JavaThread "Reference Handler" daemon [_thread_blocked, id=12432, stack(0x0000000019420000,0x0000000019520000)]
  0x000000000490d800 JavaThread "main" [_thread_blocked, id=15400, stack(0x0000000002ee0000,0x0000000002fe0000)]

Other Threads:
  0x0000000018285800 VMThread [stack: 0x0000000019320000,0x0000000019420000] [id=18792]
  0x000000001831d000 WatcherThread [stack: 0x000000001a210000,0x000000001a310000] [id=8416]

VM state:not at safepoint (normal execution)

VM Mutex/Monitor currently owned by a thread: None

Heap:
 PSYoungGen      total 35328K, used 15605K [0x00000000e0000000, 0x00000000e4d00000, 0x0000000100000000)
  eden space 32768K, 39% used [0x00000000e0000000,0x00000000e0cc1608,0x00000000e2000000)
  from space 2560K, 99% used [0x00000000e2000000,0x00000000e227c010,0x00000000e2280000)
  to   space 6656K, 0% used [0x00000000e4680000,0x00000000e4680000,0x00000000e4d00000)
 ParOldGen       total 44032K, used 6641K [0x00000000a0000000, 0x00000000a2b00000, 0x00000000e0000000)
  object space 44032K, 15% used [0x00000000a0000000,0x00000000a067c658,0x00000000a2b00000)
 Metaspace       used 15731K, capacity 16054K, committed 16256K, reserved 1062912K
  class space    used 2226K, capacity 2379K, committed 2432K, reserved 1048576K

Card table byte_map: [0x0000000013d10000,0x0000000014020000] byte_map_base: 0x0000000013810000

Marking Bits: (ParMarkBitMap*) 0x0000000059e44970
 Begin Bits: [0x0000000014620000, 0x0000000015e20000)
 End Bits:   [0x0000000015e20000, 0x0000000017620000)

Polling page: 0x0000000002ab0000

CodeCache: size=245760Kb used=5004Kb max_used=5004Kb free=240755Kb
 bounds [0x0000000004950000, 0x0000000004e40000, 0x0000000013950000]
 total_blobs=1851 nmethods=1478 adapters=286
 compilation: enabled

Compilation events (10 events):
Event: 3.202 Thread 0x00000000182ca000 1477       3       java.util.HashMap::afterNodeRemoval (1 bytes)
Event: 3.202 Thread 0x00000000182ca000 nmethod 1477 0x0000000004e33e10 code [0x0000000004e33f60, 0x0000000004e340b0]
Event: 3.221 Thread 0x00000000182ca000 1479       3       org.gradle.internal.service.DefaultServiceRegistry$ParentServices::wrap (10 bytes)
Event: 3.221 Thread 0x00000000182ca000 nmethod 1479 0x0000000004e34110 code [0x0000000004e34280, 0x0000000004e34510]
Event: 3.221 Thread 0x00000000182ca000 1481       3       org.gradle.internal.service.DefaultServiceRegistry$ParameterizedTypeSpec::isSatisfiedBy (9 bytes)
Event: 3.221 Thread 0x00000000182ca000 nmethod 1481 0x0000000004e34610 code [0x0000000004e34780, 0x0000000004e34a28]
Event: 3.221 Thread 0x00000000182ca000 1482       3       org.gradle.internal.service.DefaultServiceRegistry$OwnServices::hasService (26 bytes)
Event: 3.221 Thread 0x00000000182ca000 nmethod 1482 0x0000000004e34ad0 code [0x0000000004e34c40, 0x0000000004e34ee8]
Event: 3.222 Thread 0x00000000182ca000 1480       3       org.gradle.internal.service.DefaultServiceRegistry$ParentServices$1::<init> (15 bytes)
Event: 3.222 Thread 0x00000000182ca000 nmethod 1480 0x0000000004e34fd0 code [0x0000000004e35120, 0x0000000004e352f0]

GC Heap History (10 events):
Event: 0.950 GC heap before
{Heap before GC invocations=1 (full 0):
 PSYoungGen      total 18944K, used 16384K [0x00000000e0000000, 0x00000000e1500000, 0x0000000100000000)
  eden space 16384K, 100% used [0x00000000e0000000,0x00000000e1000000,0x00000000e1000000)
  from space 2560K, 0% used [0x00000000e1280000,0x00000000e1280000,0x00000000e1500000)
  to   space 2560K, 0% used [0x00000000e1000000,0x00000000e1000000,0x00000000e1280000)
 ParOldGen       total 44032K, used 0K [0x00000000a0000000, 0x00000000a2b00000, 0x00000000e0000000)
  object space 44032K, 0% used [0x00000000a0000000,0x00000000a0000000,0x00000000a2b00000)
 Metaspace       used 5732K, capacity 5854K, committed 5888K, reserved 1056768K
  class space    used 700K, capacity 747K, committed 768K, reserved 1048576K
Event: 0.955 GC heap after
Heap after GC invocations=1 (full 0):
 PSYoungGen      total 18944K, used 2540K [0x00000000e0000000, 0x00000000e1500000, 0x0000000100000000)
  eden space 16384K, 0% used [0x00000000e0000000,0x00000000e0000000,0x00000000e1000000)
  from space 2560K, 99% used [0x00000000e1000000,0x00000000e127b050,0x00000000e1280000)
  to   space 2560K, 0% used [0x00000000e1280000,0x00000000e1280000,0x00000000e1500000)
 ParOldGen       total 44032K, used 358K [0x00000000a0000000, 0x00000000a2b00000, 0x00000000e0000000)
  object space 44032K, 0% used [0x00000000a0000000,0x00000000a0059b30,0x00000000a2b00000)
 Metaspace       used 5732K, capacity 5854K, committed 5888K, reserved 1056768K
  class space    used 700K, capacity 747K, committed 768K, reserved 1048576K
}
Event: 1.304 GC heap before
{Heap before GC invocations=2 (full 0):
 PSYoungGen      total 18944K, used 18924K [0x00000000e0000000, 0x00000000e1500000, 0x0000000100000000)
  eden space 16384K, 100% used [0x00000000e0000000,0x00000000e1000000,0x00000000e1000000)
  from space 2560K, 99% used [0x00000000e1000000,0x00000000e127b050,0x00000000e1280000)
  to   space 2560K, 0% used [0x00000000e1280000,0x00000000e1280000,0x00000000e1500000)
 ParOldGen       total 44032K, used 358K [0x00000000a0000000, 0x00000000a2b00000, 0x00000000e0000000)
  object space 44032K, 0% used [0x00000000a0000000,0x00000000a0059b30,0x00000000a2b00000)
 Metaspace       used 6581K, capacity 6766K, committed 7040K, reserved 1056768K
  class space    used 803K, capacity 875K, committed 896K, reserved 1048576K
Event: 1.311 GC heap after
Heap after GC invocations=2 (full 0):
 PSYoungGen      total 18944K, used 2392K [0x00000000e0000000, 0x00000000e2500000, 0x0000000100000000)
  eden space 16384K, 0% used [0x00000000e0000000,0x00000000e0000000,0x00000000e1000000)
  from space 2560K, 93% used [0x00000000e1280000,0x00000000e14d63c0,0x00000000e1500000)
  to   space 2560K, 0% used [0x00000000e1000000,0x00000000e1000000,0x00000000e1280000)
 ParOldGen       total 44032K, used 366K [0x00000000a0000000, 0x00000000a2b00000, 0x00000000e0000000)
  object space 44032K, 0% used [0x00000000a0000000,0x00000000a005bb30,0x00000000a2b00000)
 Metaspace       used 6581K, capacity 6766K, committed 7040K, reserved 1056768K
  class space    used 803K, capacity 875K, committed 896K, reserved 1048576K
}
Event: 1.531 GC heap before
{Heap before GC invocations=3 (full 0):
 PSYoungGen      total 18944K, used 18776K [0x00000000e0000000, 0x00000000e2500000, 0x0000000100000000)
  eden space 16384K, 100% used [0x00000000e0000000,0x00000000e1000000,0x00000000e1000000)
  from space 2560K, 93% used [0x00000000e1280000,0x00000000e14d63c0,0x00000000e1500000)
  to   space 2560K, 0% used [0x00000000e1000000,0x00000000e1000000,0x00000000e1280000)
 ParOldGen       total 44032K, used 366K [0x00000000a0000000, 0x00000000a2b00000, 0x00000000e0000000)
  object space 44032K, 0% used [0x00000000a0000000,0x00000000a005bb30,0x00000000a2b00000)
 Metaspace       used 6932K, capacity 7112K, committed 7424K, reserved 1056768K
  class space    used 874K, capacity 948K, committed 1024K, reserved 1048576K
Event: 1.534 GC heap after
Heap after GC invocations=3 (full 0):
 PSYoungGen      total 18944K, used 2528K [0x00000000e0000000, 0x00000000e2500000, 0x0000000100000000)
  eden space 16384K, 0% used [0x00000000e0000000,0x00000000e0000000,0x00000000e1000000)
  from space 2560K, 98% used [0x00000000e1000000,0x00000000e1278020,0x00000000e1280000)
  to   space 2560K, 0% used [0x00000000e2280000,0x00000000e2280000,0x00000000e2500000)
 ParOldGen       total 44032K, used 648K [0x00000000a0000000, 0x00000000a2b00000, 0x00000000e0000000)
  object space 44032K, 1% used [0x00000000a0000000,0x00000000a00a2130,0x00000000a2b00000)
 Metaspace       used 6932K, capacity 7112K, committed 7424K, reserved 1056768K
  class space    used 874K, capacity 948K, committed 1024K, reserved 1048576K
}
Event: 2.468 GC heap before
{Heap before GC invocations=4 (full 0):
 PSYoungGen      total 18944K, used 18912K [0x00000000e0000000, 0x00000000e2500000, 0x0000000100000000)
  eden space 16384K, 100% used [0x00000000e0000000,0x00000000e1000000,0x00000000e1000000)
  from space 2560K, 98% used [0x00000000e1000000,0x00000000e1278020,0x00000000e1280000)
  to   space 2560K, 0% used [0x00000000e2280000,0x00000000e2280000,0x00000000e2500000)
 ParOldGen       total 44032K, used 648K [0x00000000a0000000, 0x00000000a2b00000, 0x00000000e0000000)
  object space 44032K, 1% used [0x00000000a0000000,0x00000000a00a2130,0x00000000a2b00000)
 Metaspace       used 11562K, capacity 11798K, committed 11904K, reserved 1058816K
  class space    used 1527K, capacity 1631K, committed 1664K, reserved 1048576K
Event: 2.477 GC heap after
Heap after GC invocations=4 (full 0):
 PSYoungGen      total 35328K, used 2528K [0x00000000e0000000, 0x00000000e2500000, 0x0000000100000000)
  eden space 32768K, 0% used [0x00000000e0000000,0x00000000e0000000,0x00000000e2000000)
  from space 2560K, 98% used [0x00000000e2280000,0x00000000e24f8020,0x00000000e2500000)
  to   space 2560K, 0% used [0x00000000e2000000,0x00000000e2000000,0x00000000e2280000)
 ParOldGen       total 44032K, used 2962K [0x00000000a0000000, 0x00000000a2b00000, 0x00000000e0000000)
  object space 44032K, 6% used [0x00000000a0000000,0x00000000a02e4a38,0x00000000a2b00000)
 Metaspace       used 11562K, capacity 11798K, committed 11904K, reserved 1058816K
  class space    used 1527K, capacity 1631K, committed 1664K, reserved 1048576K
}
Event: 2.964 GC heap before
{Heap before GC invocations=5 (full 0):
 PSYoungGen      total 35328K, used 35296K [0x00000000e0000000, 0x00000000e2500000, 0x0000000100000000)
  eden space 32768K, 100% used [0x00000000e0000000,0x00000000e2000000,0x00000000e2000000)
  from space 2560K, 98% used [0x00000000e2280000,0x00000000e24f8020,0x00000000e2500000)
  to   space 2560K, 0% used [0x00000000e2000000,0x00000000e2000000,0x00000000e2280000)
 ParOldGen       total 44032K, used 2962K [0x00000000a0000000, 0x00000000a2b00000, 0x00000000e0000000)
  object space 44032K, 6% used [0x00000000a0000000,0x00000000a02e4a38,0x00000000a2b00000)
 Metaspace       used 14421K, capacity 14774K, committed 14976K, reserved 1062912K
  class space    used 2013K, capacity 2123K, committed 2176K, reserved 1048576K
Event: 2.973 GC heap after
Heap after GC invocations=5 (full 0):
 PSYoungGen      total 35328K, used 2544K [0x00000000e0000000, 0x00000000e4d00000, 0x0000000100000000)
  eden space 32768K, 0% used [0x00000000e0000000,0x00000000e0000000,0x00000000e2000000)
  from space 2560K, 99% used [0x00000000e2000000,0x00000000e227c010,0x00000000e2280000)
  to   space 6656K, 0% used [0x00000000e4680000,0x00000000e4680000,0x00000000e4d00000)
 ParOldGen       total 44032K, used 6641K [0x00000000a0000000, 0x00000000a2b00000, 0x00000000e0000000)
  object space 44032K, 15% used [0x00000000a0000000,0x00000000a067c658,0x00000000a2b00000)
 Metaspace       used 14421K, capacity 14774K, committed 14976K, reserved 1062912K
  class space    used 2013K, capacity 2123K, committed 2176K, reserved 1048576K
}

Deoptimization events (10 events):
Event: 2.461 Thread 0x000000001b38a800 Uncommon trap: reason=unstable_if action=reinterpret pc=0x0000000004ce0c20 method=java.util.concurrent.ConcurrentHashMap.putVal(Ljava/lang/Object;Ljava/lang/Object;Z)Ljava/lang/Object; @ 206
Event: 2.584 Thread 0x000000001b3c9000 Uncommon trap: reason=bimorphic action=maybe_recompile pc=0x0000000004c76c74 method=java.util.HashMap.putVal(ILjava/lang/Object;Ljava/lang/Object;ZZ)Ljava/lang/Object; @ 253
Event: 2.584 Thread 0x000000001b3c9000 Uncommon trap: reason=bimorphic action=maybe_recompile pc=0x0000000004c76c74 method=java.util.HashMap.putVal(ILjava/lang/Object;Ljava/lang/Object;ZZ)Ljava/lang/Object; @ 253
Event: 2.584 Thread 0x000000001b3c9000 Uncommon trap: reason=bimorphic action=maybe_recompile pc=0x0000000004c76c74 method=java.util.HashMap.putVal(ILjava/lang/Object;Ljava/lang/Object;ZZ)Ljava/lang/Object; @ 253
Event: 2.597 Thread 0x000000001b3c9000 Uncommon trap: reason=class_check action=maybe_recompile pc=0x0000000004bedad8 method=java.util.regex.Matcher.match(II)Z @ 86
Event: 2.885 Thread 0x000000001b3c9000 Uncommon trap: reason=class_check action=maybe_recompile pc=0x0000000004bedad8 method=java.util.regex.Matcher.match(II)Z @ 86
Event: 2.885 Thread 0x000000001b3c9000 Uncommon trap: reason=class_check action=maybe_recompile pc=0x0000000004bb735c method=java.util.regex.Matcher.match(II)Z @ 86
Event: 2.979 Thread 0x000000001b3c9000 Uncommon trap: reason=unstable_if action=reinterpret pc=0x0000000004dbccf4 method=java.lang.String.lastIndexOf([CII[CIII)I @ 66
Event: 3.043 Thread 0x000000001b3c9000 Uncommon trap: reason=unstable_if action=reinterpret pc=0x0000000004aa9c08 method=java.net.URI.match(CJJ)Z @ 19
Event: 3.043 Thread 0x000000001b3c9000 Uncommon trap: reason=unstable_if action=reinterpret pc=0x0000000004bf4980 method=java.net.URI.match(CJJ)Z @ 19

Classes redefined (0 events):
No events

Internal exceptions (10 events):
Event: 2.503 Thread 0x000000001b38a800 Exception <a 'java/lang/NoSuchMethodError': <clinit>> (0x00000000e007f098) thrown at [D:\src\AOSP-openjdk-cygwin\jdk8u\hotspot\src\share\vm\prims\jni.cpp, line 1613]
Event: 2.507 Thread 0x000000001b38a800 Exception <a 'java/lang/NoSuchMethodError': <clinit>> (0x00000000e0096ba0) thrown at [D:\src\AOSP-openjdk-cygwin\jdk8u\hotspot\src\share\vm\prims\jni.cpp, line 1613]
Event: 2.509 Thread 0x000000001b38a800 Exception <a 'java/lang/NoSuchMethodError': <clinit>> (0x00000000e009f668) thrown at [D:\src\AOSP-openjdk-cygwin\jdk8u\hotspot\src\share\vm\prims\jni.cpp, line 1613]
Event: 2.512 Thread 0x000000001b38a800 Exception <a 'java/lang/NoSuchMethodError': <clinit>> (0x00000000e00b0d00) thrown at [D:\src\AOSP-openjdk-cygwin\jdk8u\hotspot\src\share\vm\prims\jni.cpp, line 1613]
Event: 2.528 Thread 0x000000001b38a800 Exception <a 'java/lang/NoSuchMethodError': <clinit>> (0x00000000e0134160) thrown at [D:\src\AOSP-openjdk-cygwin\jdk8u\hotspot\src\share\vm\prims\jni.cpp, line 1613]
Event: 2.532 Thread 0x000000001b38a800 Exception <a 'java/lang/NoSuchMethodError': <clinit>> (0x00000000e0157a78) thrown at [D:\src\AOSP-openjdk-cygwin\jdk8u\hotspot\src\share\vm\prims\jni.cpp, line 1613]
Event: 2.534 Thread 0x000000001b38a800 Exception <a 'java/lang/NoSuchMethodError': <clinit>> (0x00000000e01729f8) thrown at [D:\src\AOSP-openjdk-cygwin\jdk8u\hotspot\src\share\vm\prims\jni.cpp, line 1613]
Event: 2.536 Thread 0x000000001b38a800 Exception <a 'java/lang/NoSuchMethodError': <clinit>> (0x00000000e0194b40) thrown at [D:\src\AOSP-openjdk-cygwin\jdk8u\hotspot\src\share\vm\prims\jni.cpp, line 1613]
Event: 2.572 Thread 0x000000001b3c9000 Exception <a 'java/lang/NoSuchMethodError': <clinit>> (0x00000000e02e8da8) thrown at [D:\src\AOSP-openjdk-cygwin\jdk8u\hotspot\src\share\vm\prims\jni.cpp, line 1613]
Event: 2.573 Thread 0x000000001b3c9000 Exception <a 'java/lang/NoSuchMethodError': <clinit>> (0x00000000e02f1030) thrown at [D:\src\AOSP-openjdk-cygwin\jdk8u\hotspot\src\share\vm\prims\jni.cpp, line 1613]

Events (10 events):
Event: 3.244 loading class org/gradle/internal/resource/cached/CachedItem
Event: 3.244 loading class org/gradle/internal/resource/cached/CachedItem done
Event: 3.244 loading class org/gradle/internal/resource/cached/DefaultCachedExternalResourceIndex$CachedExternalResourceSerializer
Event: 3.244 loading class org/gradle/internal/resource/cached/DefaultCachedExternalResourceIndex$CachedExternalResourceSerializer done
Event: 3.245 loading class org/gradle/internal/resource/metadata/ExternalResourceMetaData
Event: 3.245 loading class org/gradle/internal/resource/metadata/ExternalResourceMetaData done
Event: 3.245 loading class org/gradle/internal/resource/cached/CachedExternalResource
Event: 3.245 loading class org/gradle/internal/resource/cached/CachedExternalResource done
Event: 3.246 loading class org/gradle/api/internal/artifacts/ivyservice/ivyresolve/StartParameterResolutionOverride
Event: 3.246 loading class org/gradle/api/internal/artifacts/ivyservice/ivyresolve/StartParameterResolutionOverride done


Dynamic libraries:
0x00007ff6883e0000 - 0x00007ff688411000 	C:\Program Files\Android\Android Studio\jre\bin\java.exe
0x00007fffebfd0000 - 0x00007fffec1b0000 	C:\WINDOWS\SYSTEM32\ntdll.dll
0x00007fffeaf20000 - 0x00007fffeafce000 	C:\WINDOWS\System32\KERNEL32.DLL
0x00007fffe88e0000 - 0x00007fffe8b46000 	C:\WINDOWS\System32\KERNELBASE.dll
0x00007fffeb690000 - 0x00007fffeb731000 	C:\WINDOWS\System32\ADVAPI32.dll
0x00007fffeb480000 - 0x00007fffeb51d000 	C:\WINDOWS\System32\msvcrt.dll
0x00007fffeae00000 - 0x00007fffeae5b000 	C:\WINDOWS\System32\sechost.dll
0x00007fffeb940000 - 0x00007fffeba5f000 	C:\WINDOWS\System32\RPCRT4.dll
0x00007fffeafe0000 - 0x00007fffeb16f000 	C:\WINDOWS\System32\USER32.dll
0x00007fffe88c0000 - 0x00007fffe88e0000 	C:\WINDOWS\System32\win32u.dll
0x00007fffeba80000 - 0x00007fffebaa8000 	C:\WINDOWS\System32\GDI32.dll
0x00007fffe83d0000 - 0x00007fffe8563000 	C:\WINDOWS\System32\gdi32full.dll
0x00007fffe93a0000 - 0x00007fffe943b000 	C:\WINDOWS\System32\msvcp_win.dll
0x00007fffe8b50000 - 0x00007fffe8c46000 	C:\WINDOWS\System32\ucrtbase.dll
0x00007fffda5a0000 - 0x00007fffda809000 	C:\WINDOWS\WinSxS\amd64_microsoft.windows.common-controls_6595b64144ccf1df_6.0.16299.431_none_15c7d3ee93659e73\COMCTL32.dll
0x00007fffebc00000 - 0x00007fffebf08000 	C:\WINDOWS\System32\combase.dll
0x00007fffe8570000 - 0x00007fffe85e2000 	C:\WINDOWS\System32\bcryptPrimitives.dll
0x00007fffea8e0000 - 0x00007fffea90d000 	C:\WINDOWS\System32\IMM32.DLL
0x00000000595a0000 - 0x0000000059672000 	C:\Program Files\Android\Android Studio\jre\jre\bin\msvcr100.dll
0x0000000059680000 - 0x0000000059ebf000 	C:\Program Files\Android\Android Studio\jre\jre\bin\server\jvm.dll
0x00007fffebf90000 - 0x00007fffebf98000 	C:\WINDOWS\System32\PSAPI.DLL
0x00007fffdf170000 - 0x00007fffdf17a000 	C:\WINDOWS\SYSTEM32\VERSION.dll
0x00007fffe6f90000 - 0x00007fffe6f99000 	C:\WINDOWS\SYSTEM32\WSOCK32.dll
0x00007fffdbbd0000 - 0x00007fffdbbf3000 	C:\WINDOWS\SYSTEM32\WINMM.dll
0x00007fffeb3b0000 - 0x00007fffeb41c000 	C:\WINDOWS\System32\WS2_32.dll
0x00007fffdbba0000 - 0x00007fffdbbca000 	C:\WINDOWS\SYSTEM32\WINMMBASE.dll
0x00007fffe87c0000 - 0x00007fffe880a000 	C:\WINDOWS\System32\cfgmgr32.dll
0x00007fffded20000 - 0x00007fffded2f000 	C:\Program Files\Android\Android Studio\jre\jre\bin\verify.dll
0x00007fffd9c90000 - 0x00007fffd9cb9000 	C:\Program Files\Android\Android Studio\jre\jre\bin\java.dll
0x00007fffd7570000 - 0x00007fffd7586000 	C:\Program Files\Android\Android Studio\jre\jre\bin\zip.dll
0x00007fffe94a0000 - 0x00007fffea8d8000 	C:\WINDOWS\System32\SHELL32.dll
0x00007fffeae60000 - 0x00007fffeaf06000 	C:\WINDOWS\System32\shcore.dll
0x00007fffe8c50000 - 0x00007fffe9397000 	C:\WINDOWS\System32\windows.storage.dll
0x00007fffeb740000 - 0x00007fffeb791000 	C:\WINDOWS\System32\shlwapi.dll
0x00007fffe8340000 - 0x00007fffe8351000 	C:\WINDOWS\System32\kernel.appcore.dll
0x00007fffe8380000 - 0x00007fffe83cc000 	C:\WINDOWS\System32\powrprof.dll
0x00007fffe8320000 - 0x00007fffe833b000 	C:\WINDOWS\System32\profapi.dll
0x00007fffcf540000 - 0x00007fffcf55a000 	C:\Program Files\Android\Android Studio\jre\jre\bin\net.dll
0x00007fffe7bb0000 - 0x00007fffe7c16000 	C:\WINDOWS\system32\mswsock.dll
0x00007fffce640000 - 0x00007fffce651000 	C:\Program Files\Android\Android Studio\jre\jre\bin\nio.dll
0x00007fffd9f70000 - 0x00007fffd9f8e000 	C:\Users\ADMIN\.gradle\native\25\windows-amd64\native-platform.dll
0x00007fffdc500000 - 0x00007fffdc50d000 	C:\Program Files\Android\Android Studio\jre\jre\bin\management.dll
0x00007fffe7d80000 - 0x00007fffe7d97000 	C:\WINDOWS\SYSTEM32\CRYPTSP.dll
0x00007fffe77b0000 - 0x00007fffe77e3000 	C:\WINDOWS\system32\rsaenh.dll
0x00007fffe7e80000 - 0x00007fffe7ea5000 	C:\WINDOWS\SYSTEM32\bcrypt.dll
0x00007fffe8250000 - 0x00007fffe8279000 	C:\WINDOWS\SYSTEM32\USERENV.dll
0x00007fffe7d70000 - 0x00007fffe7d7b000 	C:\WINDOWS\SYSTEM32\CRYPTBASE.dll
0x00007fffe7940000 - 0x00007fffe7979000 	C:\WINDOWS\SYSTEM32\IPHLPAPI.DLL
0x00007fffeafd0000 - 0x00007fffeafd8000 	C:\WINDOWS\System32\NSI.dll
0x00007fffe27e0000 - 0x00007fffe27f6000 	C:\WINDOWS\SYSTEM32\dhcpcsvc6.DLL
0x00007fffe2fb0000 - 0x00007fffe2fca000 	C:\WINDOWS\SYSTEM32\dhcpcsvc.DLL

VM Arguments:
jvm_args: -Xmx1536m -Dfile.encoding=windows-1252 -Duser.country=US -Duser.language=en -Duser.variant 
java_command: org.gradle.launcher.daemon.bootstrap.GradleDaemon 4.4
java_class_path (initial): C:\Users\ADMIN\.gradle\wrapper\dists\gradle-4.4-all\9br9xq1tocpiv8o6njlyu5op1\gradle-4.4\lib\gradle-launcher-4.4.jar
Launcher Type: SUN_STANDARD

Environment Variables:
JAVA_HOME=C:\Program Files\Java\jdk1.8.0_144
PATH=C:\WINDOWS\system32;C:\WINDOWS;C:\WINDOWS\System32\Wbem;C:\WINDOWS\System32\WindowsPowerShell\v1.0\;C:\Program Files\Java\jdk1.8.0_144\bin;D:\apache-maven-3.5.3-bin\bin;C:\Users\ADMIN\AppData\Local\Microsoft\WindowsApps;
USERNAME=ADMIN
OS=Windows_NT
PROCESSOR_IDENTIFIER=Intel64 Family 6 Model 78 Stepping 3, GenuineIntel



---------------  S Y S T E M  ---------------

OS: Windows 10.0 , 64 bit Build 16299 (10.0.16299.431)

CPU:total 4 (initial active 4) (2 cores per cpu, 2 threads per core) family 6 model 78 stepping 3, cmov, cx8, fxsr, mmx, sse, sse2, sse3, ssse3, sse4.1, sse4.2, popcnt, avx, avx2, aes, clmul, erms, 3dnowpref, lzcnt, ht, tsc, tscinvbit, bmi1, bmi2, adx

Memory: 4k page, physical 4075684k(100736k free), swap 12478496k(4348k free)

vm_info: OpenJDK 64-Bit Server VM (25.152-b02) for windows-amd64 JRE (1.8.0_152-release-1024-b02), built by "builder" with MS VC++ 10.0 (VS2010)

time: Tue Jun 26 00:26:09 2018
elapsed time: 3 seconds (0d 0h 0m 3s)

