#
# There is insufficient memory for the Java Runtime Environment to continue.
# Native memory allocation (malloc) failed to allocate 743120 bytes for Chunk::new
# Possible reasons:
#   The system is out of physical RAM or swap space
#   In 32 bit mode, the process size limit was hit
# Possible solutions:
#   Reduce memory load on the system
#   Increase physical memory or swap space
#   Check if swap backing store is full
#   Use 64 bit Java on a 64 bit OS
#   Decrease Java heap size (-Xmx/-Xms)
#   Decrease number of Java threads
#   Decrease Java thread stack sizes (-Xss)
#   Set larger code cache with -XX:ReservedCodeCacheSize=
# This output file may be truncated or incomplete.
#
#  Out of Memory Error (allocation.cpp:390), pid=18108, tid=0x0000000000003da4
#
# JRE version: OpenJDK Runtime Environment (8.0_152-b02) (build 1.8.0_152-release-1024-b02)
# Java VM: OpenJDK 64-Bit Server VM (25.152-b02 mixed mode windows-amd64 compressed oops)
# Failed to write core dump. Minidumps are not enabled by default on client versions of Windows
#

---------------  T H R E A D  ---------------

Current thread (0x0000000017e7c800):  JavaThread "C2 CompilerThread1" daemon [_thread_in_native, id=15780, stack(0x00000000196c0000,0x00000000197c0000)]

Stack: [0x00000000196c0000,0x00000000197c0000]
[error occurred during error reporting (printing stack bounds), id 0xc0000005]

Native frames: (J=compiled Java code, j=interpreted, Vv=VM code, C=native code)


Current CompileTask:
C2:   3125 1466   !   4       java.net.URLClassLoader$1::run (63 bytes)


---------------  P R O C E S S  ---------------

Java Threads: ( => current thread )
  0x000000001d0f2000 JavaThread "Cache worker for file hash cache (C:\Users\ADMIN\Desktop\Time manager\.gradle\4.4\fileHashes)" [_thread_blocked, id=9092, stack(0x000000001dd80000,0x000000001de80000)]
  0x000000001aeba800 JavaThread "File lock request listener" [_thread_in_native, id=17188, stack(0x000000001ccb0000,0x000000001cdb0000)]
  0x000000001aedf000 JavaThread "Cache worker for file hash cache (C:\Users\ADMIN\.gradle\caches\4.4\fileHashes)" [_thread_blocked, id=9644, stack(0x000000001cbb0000,0x000000001ccb0000)]
  0x000000001b168800 JavaThread "Stdin handler" [_thread_blocked, id=9440, stack(0x000000001c8b0000,0x000000001c9b0000)]
  0x000000001b166000 JavaThread "Asynchronous log dispatcher for DefaultDaemonConnection: socket connection from /127.0.0.1:51721 to /127.0.0.1:51722" [_thread_blocked, id=13660, stack(0x000000001c7b0000,0x000000001c8b0000)]
  0x000000001b01b800 JavaThread "Daemon worker" [_thread_in_vm, id=17036, stack(0x000000001c6b0000,0x000000001c7b0000)]
  0x000000001b01f000 JavaThread "Cancel handler" [_thread_blocked, id=7764, stack(0x000000001c5b0000,0x000000001c6b0000)]
  0x000000001b133000 JavaThread "Handler for socket connection from /127.0.0.1:51721 to /127.0.0.1:51722" [_thread_in_native, id=11744, stack(0x000000001c2b0000,0x000000001c3b0000)]
  0x000000001b132800 JavaThread "Daemon" [_thread_blocked, id=1776, stack(0x000000001c1b0000,0x000000001c2b0000)]
  0x000000001b10b000 JavaThread "Daemon periodic checks" [_thread_blocked, id=512, stack(0x000000001c0b0000,0x000000001c1b0000)]
  0x000000001b105800 JavaThread "Incoming local TCP Connector on port 51721" [_thread_in_native, id=4232, stack(0x000000001bbd0000,0x000000001bcd0000)]
  0x00000000198f0800 JavaThread "Service Thread" daemon [_thread_blocked, id=1228, stack(0x0000000019cc0000,0x0000000019dc0000)]
  0x0000000017e7f800 JavaThread "C1 CompilerThread2" daemon [_thread_in_native, id=13884, stack(0x00000000197c0000,0x00000000198c0000)]
=>0x0000000017e7c800 JavaThread "C2 CompilerThread1" daemon [_thread_in_native, id=15780, stack(0x00000000196c0000,0x00000000197c0000)]
  0x0000000017e87000 JavaThread "C2 CompilerThread0" daemon [_thread_in_native, id=5484, stack(0x00000000195c0000,0x00000000196c0000)]
  0x0000000017e85800 JavaThread "Attach Listener" daemon [_thread_blocked, id=8368, stack(0x00000000194c0000,0x00000000195c0000)]
  0x0000000017e84000 JavaThread "Signal Dispatcher" daemon [_thread_blocked, id=7232, stack(0x00000000193c0000,0x00000000194c0000)]
  0x000000000445c000 JavaThread "Finalizer" daemon [_thread_blocked, id=10404, stack(0x00000000190d0000,0x00000000191d0000)]
  0x0000000004451000 JavaThread "Reference Handler" daemon [_thread_blocked, id=4264, stack(0x0000000018fd0000,0x00000000190d0000)]
  0x00000000044ed800 JavaThread "main" [_thread_blocked, id=8764, stack(0x0000000002a80000,0x0000000002b80000)]

Other Threads:
  0x0000000017e45800 VMThread [stack: 0x0000000018ed0000,0x0000000018fd0000] [id=14004]
  0x0000000017ede000 WatcherThread [stack: 0x0000000019dc0000,0x0000000019ec0000] [id=380]

VM state:not at safepoint (normal execution)

VM Mutex/Monitor currently owned by a thread: None

Heap:
 PSYoungGen      total 35328K, used 23087K [0x00000000e0000000, 0x00000000e4500000, 0x0000000100000000)
  eden space 32768K, 62% used [0x00000000e0000000,0x00000000e1413c20,0x00000000e2000000)
  from space 2560K, 98% used [0x00000000e2280000,0x00000000e24f8040,0x00000000e2500000)
  to   space 2560K, 0% used [0x00000000e2000000,0x00000000e2000000,0x00000000e2280000)
 ParOldGen       total 44032K, used 6969K [0x00000000a0000000, 0x00000000a2b00000, 0x00000000e0000000)
  object space 44032K, 15% used [0x00000000a0000000,0x00000000a06ce5b0,0x00000000a2b00000)
 Metaspace       used 16305K, capacity 16662K, committed 16896K, reserved 1062912K
  class space    used 2321K, capacity 2475K, committed 2560K, reserved 1048576K

Card table byte_map: [0x00000000138d0000,0x0000000013be0000] byte_map_base: 0x00000000133d0000

Marking Bits: (ParMarkBitMap*) 0x0000000059e44970
 Begin Bits: [0x00000000141e0000, 0x00000000159e0000)
 End Bits:   [0x00000000159e0000, 0x00000000171e0000)

Polling page: 0x0000000002640000

CodeCache: size=245760Kb used=5094Kb max_used=5094Kb free=240665Kb
 bounds [0x0000000004510000, 0x0000000004a10000, 0x0000000013510000]
 total_blobs=1872 nmethods=1499 adapters=286
 compilation: enabled

Compilation events (10 events):
Event: 3.101 Thread 0x0000000017e7f800 1495       3       org.objectweb.asm.ClassWriter::newUTF8 (70 bytes)
Event: 3.101 Thread 0x0000000017e7f800 nmethod 1495 0x0000000004a07e50 code [0x0000000004a08000, 0x0000000004a08438]
Event: 3.101 Thread 0x0000000017e7f800 1497       3       org.objectweb.asm.Item::<init> (66 bytes)
Event: 3.101 Thread 0x0000000017e7f800 nmethod 1497 0x0000000004a08650 code [0x0000000004a087c0, 0x0000000004a089f0]
Event: 3.101 Thread 0x0000000017e7f800 1499       3       org.objectweb.asm.ByteVector::put12 (64 bytes)
Event: 3.102 Thread 0x0000000017e7f800 nmethod 1499 0x0000000004a08ad0 code [0x0000000004a08c40, 0x0000000004a08ec8]
Event: 3.102 Thread 0x0000000017e7f800 1500       3       org.objectweb.asm.Frame::push (110 bytes)
Event: 3.102 Thread 0x0000000017e7f800 nmethod 1500 0x0000000004a09050 code [0x0000000004a091e0, 0x0000000004a09698]
Event: 3.107 Thread 0x0000000017e7f800 1501       3       org.gradle.internal.service.DefaultServiceRegistry$OwnServices::add (109 bytes)
Event: 3.108 Thread 0x0000000017e7f800 nmethod 1501 0x0000000004a09850 code [0x0000000004a09b20, 0x0000000004a0b148]

GC Heap History (8 events):
Event: 0.632 GC heap before
{Heap before GC invocations=1 (full 0):
 PSYoungGen      total 18944K, used 16384K [0x00000000e0000000, 0x00000000e1500000, 0x0000000100000000)
  eden space 16384K, 100% used [0x00000000e0000000,0x00000000e1000000,0x00000000e1000000)
  from space 2560K, 0% used [0x00000000e1280000,0x00000000e1280000,0x00000000e1500000)
  to   space 2560K, 0% used [0x00000000e1000000,0x00000000e1000000,0x00000000e1280000)
 ParOldGen       total 44032K, used 0K [0x00000000a0000000, 0x00000000a2b00000, 0x00000000e0000000)
  object space 44032K, 0% used [0x00000000a0000000,0x00000000a0000000,0x00000000a2b00000)
 Metaspace       used 5725K, capacity 5854K, committed 5888K, reserved 1056768K
  class space    used 700K, capacity 747K, committed 768K, reserved 1048576K
Event: 0.642 GC heap after
Heap after GC invocations=1 (full 0):
 PSYoungGen      total 18944K, used 2538K [0x00000000e0000000, 0x00000000e2500000, 0x0000000100000000)
  eden space 16384K, 0% used [0x00000000e0000000,0x00000000e0000000,0x00000000e1000000)
  from space 2560K, 99% used [0x00000000e1000000,0x00000000e127a838,0x00000000e1280000)
  to   space 2560K, 0% used [0x00000000e2280000,0x00000000e2280000,0x00000000e2500000)
 ParOldGen       total 44032K, used 352K [0x00000000a0000000, 0x00000000a2b00000, 0x00000000e0000000)
  object space 44032K, 0% used [0x00000000a0000000,0x00000000a0058188,0x00000000a2b00000)
 Metaspace       used 5725K, capacity 5854K, committed 5888K, reserved 1056768K
  class space    used 700K, capacity 747K, committed 768K, reserved 1048576K
}
Event: 0.988 GC heap before
{Heap before GC invocations=2 (full 0):
 PSYoungGen      total 18944K, used 18922K [0x00000000e0000000, 0x00000000e2500000, 0x0000000100000000)
  eden space 16384K, 100% used [0x00000000e0000000,0x00000000e1000000,0x00000000e1000000)
  from space 2560K, 99% used [0x00000000e1000000,0x00000000e127a838,0x00000000e1280000)
  to   space 2560K, 0% used [0x00000000e2280000,0x00000000e2280000,0x00000000e2500000)
 ParOldGen       total 44032K, used 352K [0x00000000a0000000, 0x00000000a2b00000, 0x00000000e0000000)
  object space 44032K, 0% used [0x00000000a0000000,0x00000000a0058188,0x00000000a2b00000)
 Metaspace       used 6594K, capacity 6766K, committed 7040K, reserved 1056768K
  class space    used 803K, capacity 875K, committed 896K, reserved 1048576K
Event: 0.991 GC heap after
Heap after GC invocations=2 (full 0):
 PSYoungGen      total 35328K, used 2404K [0x00000000e0000000, 0x00000000e2500000, 0x0000000100000000)
  eden space 32768K, 0% used [0x00000000e0000000,0x00000000e0000000,0x00000000e2000000)
  from space 2560K, 93% used [0x00000000e2280000,0x00000000e24d9138,0x00000000e2500000)
  to   space 2560K, 0% used [0x00000000e2000000,0x00000000e2000000,0x00000000e2280000)
 ParOldGen       total 44032K, used 360K [0x00000000a0000000, 0x00000000a2b00000, 0x00000000e0000000)
  object space 44032K, 0% used [0x00000000a0000000,0x00000000a005a188,0x00000000a2b00000)
 Metaspace       used 6594K, capacity 6766K, committed 7040K, reserved 1056768K
  class space    used 803K, capacity 875K, committed 896K, reserved 1048576K
}
Event: 1.927 GC heap before
{Heap before GC invocations=3 (full 0):
 PSYoungGen      total 35328K, used 35172K [0x00000000e0000000, 0x00000000e2500000, 0x0000000100000000)
  eden space 32768K, 100% used [0x00000000e0000000,0x00000000e2000000,0x00000000e2000000)
  from space 2560K, 93% used [0x00000000e2280000,0x00000000e24d9138,0x00000000e2500000)
  to   space 2560K, 0% used [0x00000000e2000000,0x00000000e2000000,0x00000000e2280000)
 ParOldGen       total 44032K, used 360K [0x00000000a0000000, 0x00000000a2b00000, 0x00000000e0000000)
  object space 44032K, 0% used [0x00000000a0000000,0x00000000a005a188,0x00000000a2b00000)
 Metaspace       used 11352K, capacity 11614K, committed 11904K, reserved 1058816K
  class space    used 1504K, capacity 1593K, committed 1664K, reserved 1048576K
Event: 1.933 GC heap after
Heap after GC invocations=3 (full 0):
 PSYoungGen      total 35328K, used 2528K [0x00000000e0000000, 0x00000000e2500000, 0x0000000100000000)
  eden space 32768K, 0% used [0x00000000e0000000,0x00000000e0000000,0x00000000e2000000)
  from space 2560K, 98% used [0x00000000e2000000,0x00000000e2278020,0x00000000e2280000)
  to   space 2560K, 0% used [0x00000000e2280000,0x00000000e2280000,0x00000000e2500000)
 ParOldGen       total 44032K, used 3341K [0x00000000a0000000, 0x00000000a2b00000, 0x00000000e0000000)
  object space 44032K, 7% used [0x00000000a0000000,0x00000000a0343570,0x00000000a2b00000)
 Metaspace       used 11352K, capacity 11614K, committed 11904K, reserved 1058816K
  class space    used 1504K, capacity 1593K, committed 1664K, reserved 1048576K
}
Event: 2.350 GC heap before
{Heap before GC invocations=4 (full 0):
 PSYoungGen      total 35328K, used 35296K [0x00000000e0000000, 0x00000000e2500000, 0x0000000100000000)
  eden space 32768K, 100% used [0x00000000e0000000,0x00000000e2000000,0x00000000e2000000)
  from space 2560K, 98% used [0x00000000e2000000,0x00000000e2278020,0x00000000e2280000)
  to   space 2560K, 0% used [0x00000000e2280000,0x00000000e2280000,0x00000000e2500000)
 ParOldGen       total 44032K, used 3341K [0x00000000a0000000, 0x00000000a2b00000, 0x00000000e0000000)
  object space 44032K, 7% used [0x00000000a0000000,0x00000000a0343570,0x00000000a2b00000)
 Metaspace       used 14388K, capacity 14710K, committed 14976K, reserved 1062912K
  class space    used 2010K, capacity 2123K, committed 2176K, reserved 1048576K
Event: 2.360 GC heap after
Heap after GC invocations=4 (full 0):
 PSYoungGen      total 35328K, used 2528K [0x00000000e0000000, 0x00000000e4500000, 0x0000000100000000)
  eden space 32768K, 0% used [0x00000000e0000000,0x00000000e0000000,0x00000000e2000000)
  from space 2560K, 98% used [0x00000000e2280000,0x00000000e24f8040,0x00000000e2500000)
  to   space 2560K, 0% used [0x00000000e2000000,0x00000000e2000000,0x00000000e2280000)
 ParOldGen       total 44032K, used 6969K [0x00000000a0000000, 0x00000000a2b00000, 0x00000000e0000000)
  object space 44032K, 15% used [0x00000000a0000000,0x00000000a06ce5b0,0x00000000a2b00000)
 Metaspace       used 14388K, capacity 14710K, committed 14976K, reserved 1062912K
  class space    used 2010K, capacity 2123K, committed 2176K, reserved 1048576K
}

Deoptimization events (10 events):
Event: 1.484 Thread 0x00000000044ed800 Uncommon trap: reason=unstable_if action=reinterpret pc=0x000000000482712c method=java.io.WinNTFileSystem.normalize(Ljava/lang/String;II)Ljava/lang/String; @ 90
Event: 1.942 Thread 0x000000001b133000 Uncommon trap: reason=unstable_if action=reinterpret pc=0x000000000489c020 method=java.util.concurrent.ConcurrentHashMap.putVal(Ljava/lang/Object;Ljava/lang/Object;Z)Ljava/lang/Object; @ 206
Event: 2.023 Thread 0x000000001b01b800 Uncommon trap: reason=bimorphic action=maybe_recompile pc=0x000000000483a18c method=java.util.HashMap.putVal(ILjava/lang/Object;Ljava/lang/Object;ZZ)Ljava/lang/Object; @ 253
Event: 2.023 Thread 0x000000001b01b800 Uncommon trap: reason=bimorphic action=maybe_recompile pc=0x000000000483a18c method=java.util.HashMap.putVal(ILjava/lang/Object;Ljava/lang/Object;ZZ)Ljava/lang/Object; @ 253
Event: 2.023 Thread 0x000000001b01b800 Uncommon trap: reason=bimorphic action=maybe_recompile pc=0x000000000483a18c method=java.util.HashMap.putVal(ILjava/lang/Object;Ljava/lang/Object;ZZ)Ljava/lang/Object; @ 253
Event: 2.037 Thread 0x000000001b01b800 Uncommon trap: reason=class_check action=maybe_recompile pc=0x00000000047bb418 method=java.util.regex.Matcher.match(II)Z @ 86
Event: 2.283 Thread 0x000000001b01b800 Uncommon trap: reason=class_check action=maybe_recompile pc=0x00000000047bb418 method=java.util.regex.Matcher.match(II)Z @ 86
Event: 2.283 Thread 0x000000001b01b800 Uncommon trap: reason=class_check action=maybe_recompile pc=0x000000000477e1dc method=java.util.regex.Matcher.match(II)Z @ 86
Event: 2.370 Thread 0x000000001b01b800 Uncommon trap: reason=unstable_if action=reinterpret pc=0x0000000004979ab4 method=java.lang.String.lastIndexOf([CII[CIII)I @ 66
Event: 2.495 Thread 0x000000001b01b800 Uncommon trap: reason=unstable_if action=reinterpret pc=0x0000000004668708 method=java.net.URI.match(CJJ)Z @ 19

Classes redefined (0 events):
No events

Internal exceptions (10 events):
Event: 1.958 Thread 0x000000001b133000 Exception <a 'java/lang/NoSuchMethodError': <clinit>> (0x00000000e00cd7a0) thrown at [D:\src\AOSP-openjdk-cygwin\jdk8u\hotspot\src\share\vm\prims\jni.cpp, line 1613]
Event: 1.961 Thread 0x000000001b133000 Exception <a 'java/lang/NoSuchMethodError': <clinit>> (0x00000000e00e52a8) thrown at [D:\src\AOSP-openjdk-cygwin\jdk8u\hotspot\src\share\vm\prims\jni.cpp, line 1613]
Event: 1.961 Thread 0x000000001b133000 Exception <a 'java/lang/NoSuchMethodError': <clinit>> (0x00000000e00edd70) thrown at [D:\src\AOSP-openjdk-cygwin\jdk8u\hotspot\src\share\vm\prims\jni.cpp, line 1613]
Event: 1.962 Thread 0x000000001b133000 Exception <a 'java/lang/NoSuchMethodError': <clinit>> (0x00000000e00ff4f8) thrown at [D:\src\AOSP-openjdk-cygwin\jdk8u\hotspot\src\share\vm\prims\jni.cpp, line 1613]
Event: 1.973 Thread 0x000000001b133000 Exception <a 'java/lang/NoSuchMethodError': <clinit>> (0x00000000e016c6b8) thrown at [D:\src\AOSP-openjdk-cygwin\jdk8u\hotspot\src\share\vm\prims\jni.cpp, line 1613]
Event: 1.981 Thread 0x000000001b133000 Exception <a 'java/lang/NoSuchMethodError': <clinit>> (0x00000000e018ffb8) thrown at [D:\src\AOSP-openjdk-cygwin\jdk8u\hotspot\src\share\vm\prims\jni.cpp, line 1613]
Event: 1.984 Thread 0x000000001b133000 Exception <a 'java/lang/NoSuchMethodError': <clinit>> (0x00000000e01aaf10) thrown at [D:\src\AOSP-openjdk-cygwin\jdk8u\hotspot\src\share\vm\prims\jni.cpp, line 1613]
Event: 1.986 Thread 0x000000001b133000 Exception <a 'java/lang/NoSuchMethodError': <clinit>> (0x00000000e01cd108) thrown at [D:\src\AOSP-openjdk-cygwin\jdk8u\hotspot\src\share\vm\prims\jni.cpp, line 1613]
Event: 2.011 Thread 0x000000001b01b800 Exception <a 'java/lang/NoSuchMethodError': <clinit>> (0x00000000e0340f98) thrown at [D:\src\AOSP-openjdk-cygwin\jdk8u\hotspot\src\share\vm\prims\jni.cpp, line 1613]
Event: 2.012 Thread 0x000000001b01b800 Exception <a 'java/lang/NoSuchMethodError': <clinit>> (0x00000000e0349220) thrown at [D:\src\AOSP-openjdk-cygwin\jdk8u\hotspot\src\share\vm\prims\jni.cpp, line 1613]

Events (10 events):
Event: 3.118 loading class org/gradle/caching/internal/tasks/TaskOutputPacker
Event: 3.118 loading class org/gradle/caching/internal/tasks/TaskOutputPacker done
Event: 3.119 loading class org/gradle/caching/internal/tasks/origin/TaskOutputOriginFactory
Event: 3.119 loading class org/gradle/caching/internal/tasks/origin/TaskOutputOriginFactory done
Event: 3.119 loading class org/gradle/internal/service/scopes/GradleScopeServices$1
Event: 3.119 loading class org/gradle/internal/service/scopes/GradleScopeServices$1 done
Event: 3.120 loading class org/gradle/language/java/internal/JavaLanguagePluginServiceRegistry$JavaGradleScopeServices
Event: 3.120 loading class org/gradle/language/java/internal/JavaLanguagePluginServiceRegistry$JavaGradleScopeServices done
Event: 3.121 loading class org/gradle/api/internal/tasks/compile/AnnotationProcessorDetector
Event: 3.121 loading class org/gradle/api/internal/tasks/compile/AnnotationProcessorDetector done


Dynamic libraries:
0x00007ff7594b0000 - 0x00007ff7594e1000 	C:\Program Files\Android\Android Studio\jre\bin\java.exe
0x00007fffebfd0000 - 0x00007fffec1b0000 	C:\WINDOWS\SYSTEM32\ntdll.dll
0x00007fffeaf20000 - 0x00007fffeafce000 	C:\WINDOWS\System32\KERNEL32.DLL
0x00007fffe88e0000 - 0x00007fffe8b46000 	C:\WINDOWS\System32\KERNELBASE.dll
0x00007fffeb690000 - 0x00007fffeb731000 	C:\WINDOWS\System32\ADVAPI32.dll
0x00007fffeb480000 - 0x00007fffeb51d000 	C:\WINDOWS\System32\msvcrt.dll
0x00007fffeae00000 - 0x00007fffeae5b000 	C:\WINDOWS\System32\sechost.dll
0x00007fffeb940000 - 0x00007fffeba5f000 	C:\WINDOWS\System32\RPCRT4.dll
0x00007fffeafe0000 - 0x00007fffeb16f000 	C:\WINDOWS\System32\USER32.dll
0x00007fffe88c0000 - 0x00007fffe88e0000 	C:\WINDOWS\System32\win32u.dll
0x00007fffeba80000 - 0x00007fffebaa8000 	C:\WINDOWS\System32\GDI32.dll
0x00007fffe83d0000 - 0x00007fffe8563000 	C:\WINDOWS\System32\gdi32full.dll
0x00007fffe93a0000 - 0x00007fffe943b000 	C:\WINDOWS\System32\msvcp_win.dll
0x00007fffe8b50000 - 0x00007fffe8c46000 	C:\WINDOWS\System32\ucrtbase.dll
0x00007fffda5a0000 - 0x00007fffda809000 	C:\WINDOWS\WinSxS\amd64_microsoft.windows.common-controls_6595b64144ccf1df_6.0.16299.431_none_15c7d3ee93659e73\COMCTL32.dll
0x00007fffebc00000 - 0x00007fffebf08000 	C:\WINDOWS\System32\combase.dll
0x00007fffe8570000 - 0x00007fffe85e2000 	C:\WINDOWS\System32\bcryptPrimitives.dll
0x00007fffea8e0000 - 0x00007fffea90d000 	C:\WINDOWS\System32\IMM32.DLL
0x00000000595a0000 - 0x0000000059672000 	C:\Program Files\Android\Android Studio\jre\jre\bin\msvcr100.dll
0x0000000059680000 - 0x0000000059ebf000 	C:\Program Files\Android\Android Studio\jre\jre\bin\server\jvm.dll
0x00007fffebf90000 - 0x00007fffebf98000 	C:\WINDOWS\System32\PSAPI.DLL
0x00007fffdbbd0000 - 0x00007fffdbbf3000 	C:\WINDOWS\SYSTEM32\WINMM.dll
0x00007fffe6f90000 - 0x00007fffe6f99000 	C:\WINDOWS\SYSTEM32\WSOCK32.dll
0x00007fffdf170000 - 0x00007fffdf17a000 	C:\WINDOWS\SYSTEM32\VERSION.dll
0x00007fffeb3b0000 - 0x00007fffeb41c000 	C:\WINDOWS\System32\WS2_32.dll
0x00007fffdbba0000 - 0x00007fffdbbca000 	C:\WINDOWS\SYSTEM32\winmmbase.dll
0x00007fffe87c0000 - 0x00007fffe880a000 	C:\WINDOWS\System32\cfgmgr32.dll
0x00007fffded20000 - 0x00007fffded2f000 	C:\Program Files\Android\Android Studio\jre\jre\bin\verify.dll
0x00007fffd9c90000 - 0x00007fffd9cb9000 	C:\Program Files\Android\Android Studio\jre\jre\bin\java.dll
0x00007fffd7570000 - 0x00007fffd7586000 	C:\Program Files\Android\Android Studio\jre\jre\bin\zip.dll
0x00007fffe94a0000 - 0x00007fffea8d8000 	C:\WINDOWS\System32\SHELL32.dll
0x00007fffeae60000 - 0x00007fffeaf06000 	C:\WINDOWS\System32\shcore.dll
0x00007fffe8c50000 - 0x00007fffe9397000 	C:\WINDOWS\System32\windows.storage.dll
0x00007fffeb740000 - 0x00007fffeb791000 	C:\WINDOWS\System32\shlwapi.dll
0x00007fffe8340000 - 0x00007fffe8351000 	C:\WINDOWS\System32\kernel.appcore.dll
0x00007fffe8380000 - 0x00007fffe83cc000 	C:\WINDOWS\System32\powrprof.dll
0x00007fffe8320000 - 0x00007fffe833b000 	C:\WINDOWS\System32\profapi.dll
0x00007fffcf540000 - 0x00007fffcf55a000 	C:\Program Files\Android\Android Studio\jre\jre\bin\net.dll
0x00007fffe7bb0000 - 0x00007fffe7c16000 	C:\WINDOWS\system32\mswsock.dll
0x00007fffce640000 - 0x00007fffce651000 	C:\Program Files\Android\Android Studio\jre\jre\bin\nio.dll
0x00007fffd9f70000 - 0x00007fffd9f8e000 	C:\Users\ADMIN\.gradle\native\25\windows-amd64\native-platform.dll
0x00007fffdc500000 - 0x00007fffdc50d000 	C:\Program Files\Android\Android Studio\jre\jre\bin\management.dll
0x00007fffe7d80000 - 0x00007fffe7d97000 	C:\WINDOWS\SYSTEM32\CRYPTSP.dll
0x00007fffe77b0000 - 0x00007fffe77e3000 	C:\WINDOWS\system32\rsaenh.dll
0x00007fffe7e80000 - 0x00007fffe7ea5000 	C:\WINDOWS\SYSTEM32\bcrypt.dll
0x00007fffe8250000 - 0x00007fffe8279000 	C:\WINDOWS\SYSTEM32\USERENV.dll
0x00007fffe7d70000 - 0x00007fffe7d7b000 	C:\WINDOWS\SYSTEM32\CRYPTBASE.dll
0x00007fffe7940000 - 0x00007fffe7979000 	C:\WINDOWS\SYSTEM32\IPHLPAPI.DLL
0x00007fffeafd0000 - 0x00007fffeafd8000 	C:\WINDOWS\System32\NSI.dll
0x00007fffe27e0000 - 0x00007fffe27f6000 	C:\WINDOWS\SYSTEM32\dhcpcsvc6.DLL
0x00007fffe2fb0000 - 0x00007fffe2fca000 	C:\WINDOWS\SYSTEM32\dhcpcsvc.DLL

VM Arguments:
jvm_args: -Xmx1536m -Dfile.encoding=windows-1252 -Duser.country=US -Duser.language=en -Duser.variant 
java_command: org.gradle.launcher.daemon.bootstrap.GradleDaemon 4.4
java_class_path (initial): C:\Users\ADMIN\.gradle\wrapper\dists\gradle-4.4-all\9br9xq1tocpiv8o6njlyu5op1\gradle-4.4\lib\gradle-launcher-4.4.jar
Launcher Type: SUN_STANDARD

Environment Variables:
JAVA_HOME=C:\Program Files\Java\jdk1.8.0_144
PATH=C:\WINDOWS\system32;C:\WINDOWS;C:\WINDOWS\System32\Wbem;C:\WINDOWS\System32\WindowsPowerShell\v1.0\;C:\Program Files\Java\jdk1.8.0_144\bin;D:\apache-maven-3.5.3-bin\bin;C:\Users\ADMIN\AppData\Local\Microsoft\WindowsApps;
USERNAME=ADMIN
OS=Windows_NT
PROCESSOR_IDENTIFIER=Intel64 Family 6 Model 78 Stepping 3, GenuineIntel



---------------  S Y S T E M  ---------------

OS: Windows 10.0 , 64 bit Build 16299 (10.0.16299.431)

CPU:total 4 (initial active 4) (2 cores per cpu, 2 threads per core) family 6 model 78 stepping 3, cmov, cx8, fxsr, mmx, sse, sse2, sse3, ssse3, sse4.1, sse4.2, popcnt, avx, avx2, aes, clmul, erms, 3dnowpref, lzcnt, ht, tsc, tscinvbit, bmi1, bmi2, adx

Memory: 4k page, physical 4075684k(113884k free), swap 12478496k(4208k free)

vm_info: OpenJDK 64-Bit Server VM (25.152-b02) for windows-amd64 JRE (1.8.0_152-release-1024-b02), built by "builder" with MS VC++ 10.0 (VS2010)

time: Tue Jun 26 00:26:29 2018
elapsed time: 3 seconds (0d 0h 0m 3s)

