#
# There is insufficient memory for the Java Runtime Environment to continue.
# Native memory allocation (malloc) failed to allocate 2263216 bytes for Chunk::new
# Possible reasons:
#   The system is out of physical RAM or swap space
#   In 32 bit mode, the process size limit was hit
# Possible solutions:
#   Reduce memory load on the system
#   Increase physical memory or swap space
#   Check if swap backing store is full
#   Use 64 bit Java on a 64 bit OS
#   Decrease Java heap size (-Xmx/-Xms)
#   Decrease number of Java threads
#   Decrease Java thread stack sizes (-Xss)
#   Set larger code cache with -XX:ReservedCodeCacheSize=
# This output file may be truncated or incomplete.
#
#  Out of Memory Error (allocation.cpp:390), pid=7552, tid=0x0000000000002cd8
#
# JRE version: OpenJDK Runtime Environment (8.0_152-b02) (build 1.8.0_152-release-1024-b02)
# Java VM: OpenJDK 64-Bit Server VM (25.152-b02 mixed mode windows-amd64 compressed oops)
# Failed to write core dump. Minidumps are not enabled by default on client versions of Windows
#

---------------  T H R E A D  ---------------

Current thread (0x00000000188a7000):  JavaThread "C2 CompilerThread0" daemon [_thread_in_native, id=11480, stack(0x0000000019fe0000,0x000000001a0e0000)]

Stack: [0x0000000019fe0000,0x000000001a0e0000]
[error occurred during error reporting (printing stack bounds), id 0xc0000005]

Native frames: (J=compiled Java code, j=interpreted, Vv=VM code, C=native code)


Current CompileTask:
C2:   3810 1380   !   4       java.net.URLClassLoader$1::run (63 bytes)


---------------  P R O C E S S  ---------------

Java Threads: ( => current thread )
  0x000000001dc22000 JavaThread "Cache worker for file hash cache (C:\Users\ADMIN\Desktop\Time manager\.gradle\4.4\fileHashes)" [_thread_blocked, id=9836, stack(0x000000001f770000,0x000000001f870000)]
  0x000000001bd5b800 JavaThread "File lock request listener" [_thread_in_native, id=904, stack(0x000000001e6a0000,0x000000001e7a0000)]
  0x000000001baf4800 JavaThread "Cache worker for file hash cache (C:\Users\ADMIN\.gradle\caches\4.4\fileHashes)" [_thread_blocked, id=14396, stack(0x000000001e5a0000,0x000000001e6a0000)]
  0x000000001ba26800 JavaThread "Stdin handler" [_thread_blocked, id=300, stack(0x000000001d2d0000,0x000000001d3d0000)]
  0x000000001ba24800 JavaThread "Asynchronous log dispatcher for DefaultDaemonConnection: socket connection from /127.0.0.1:51696 to /127.0.0.1:51697" [_thread_blocked, id=6224, stack(0x000000001d1d0000,0x000000001d2d0000)]
  0x000000001ba12000 JavaThread "Daemon worker" [_thread_in_vm, id=16068, stack(0x000000001d0d0000,0x000000001d1d0000)]
  0x000000001ba10800 JavaThread "Cancel handler" [_thread_blocked, id=5528, stack(0x000000001cfd0000,0x000000001d0d0000)]
  0x000000001b872000 JavaThread "Handler for socket connection from /127.0.0.1:51696 to /127.0.0.1:51697" [_thread_in_native, id=14824, stack(0x000000001ccd0000,0x000000001cdd0000)]
  0x000000001b871800 JavaThread "Daemon" [_thread_blocked, id=11248, stack(0x000000001cbd0000,0x000000001ccd0000)]
  0x000000001b754000 JavaThread "Daemon periodic checks" [_thread_blocked, id=18112, stack(0x000000001cad0000,0x000000001cbd0000)]
  0x000000001b999000 JavaThread "Incoming local TCP Connector on port 51696" [_thread_in_native, id=17800, stack(0x000000001c5f0000,0x000000001c6f0000)]
  0x000000001a30c800 JavaThread "Service Thread" daemon [_thread_blocked, id=15128, stack(0x000000001a6e0000,0x000000001a7e0000)]
  0x00000000188cb800 JavaThread "C1 CompilerThread2" daemon [_thread_blocked, id=5476, stack(0x000000001a1e0000,0x000000001a2e0000)]
  0x000000001889d000 JavaThread "C2 CompilerThread1" daemon [_thread_in_native, id=18780, stack(0x000000001a0e0000,0x000000001a1e0000)]
=>0x00000000188a7000 JavaThread "C2 CompilerThread0" daemon [_thread_in_native, id=11480, stack(0x0000000019fe0000,0x000000001a0e0000)]
  0x00000000188a5800 JavaThread "Attach Listener" daemon [_thread_blocked, id=11508, stack(0x0000000019ee0000,0x0000000019fe0000)]
  0x00000000188a4000 JavaThread "Signal Dispatcher" daemon [_thread_blocked, id=17240, stack(0x0000000019de0000,0x0000000019ee0000)]
  0x0000000004f2c000 JavaThread "Finalizer" daemon [_thread_blocked, id=17156, stack(0x0000000019af0000,0x0000000019bf0000)]
  0x0000000004f21000 JavaThread "Reference Handler" daemon [_thread_blocked, id=7324, stack(0x00000000199f0000,0x0000000019af0000)]
  0x0000000004e2d800 JavaThread "main" [_thread_blocked, id=5532, stack(0x0000000004ca0000,0x0000000004da0000)]

Other Threads:
  0x0000000018865800 VMThread [stack: 0x00000000198f0000,0x00000000199f0000] [id=13924]
  0x000000001a30d000 WatcherThread [stack: 0x000000001a7e0000,0x000000001a8e0000] [id=17792]

VM state:not at safepoint (normal execution)

VM Mutex/Monitor currently owned by a thread: None

Heap:
 PSYoungGen      total 37376K, used 18582K [0x00000000e0000000, 0x00000000e2b00000, 0x0000000100000000)
  eden space 32256K, 43% used [0x00000000e0000000,0x00000000e0da7040,0x00000000e1f80000)
  from space 5120K, 89% used [0x00000000e2500000,0x00000000e297eb68,0x00000000e2a00000)
  to   space 5632K, 0% used [0x00000000e1f80000,0x00000000e1f80000,0x00000000e2500000)
 ParOldGen       total 44032K, used 4665K [0x00000000a0000000, 0x00000000a2b00000, 0x00000000e0000000)
  object space 44032K, 10% used [0x00000000a0000000,0x00000000a048e478,0x00000000a2b00000)
 Metaspace       used 15776K, capacity 16076K, committed 16256K, reserved 1062912K
  class space    used 2240K, capacity 2372K, committed 2432K, reserved 1048576K

Card table byte_map: [0x00000000142f0000,0x0000000014600000] byte_map_base: 0x0000000013df0000

Marking Bits: (ParMarkBitMap*) 0x0000000059e44970
 Begin Bits: [0x0000000014c00000, 0x0000000016400000)
 End Bits:   [0x0000000016400000, 0x0000000017c00000)

Polling page: 0x0000000004c20000

CodeCache: size=245760Kb used=5074Kb max_used=5074Kb free=240685Kb
 bounds [0x0000000004f30000, 0x0000000005430000, 0x0000000013f30000]
 total_blobs=1866 nmethods=1494 adapters=285
 compilation: enabled

Compilation events (10 events):
Event: 3.747 Thread 0x00000000188cb800 1496       3       org.objectweb.asm.Item::set (143 bytes)
Event: 3.747 Thread 0x00000000188cb800 nmethod 1496 0x0000000005424710 code [0x00000000054248c0, 0x0000000005424f78]
Event: 3.754 Thread 0x00000000188cb800 1497       3       org.gradle.internal.service.DefaultServiceRegistry$DefaultLookupContext::getServiceProvider (45 bytes)
Event: 3.755 Thread 0x00000000188cb800 nmethod 1497 0x0000000005425210 code [0x00000000054253e0, 0x0000000005425ab8]
Event: 3.773 Thread 0x00000000188cb800 1498       3       org.gradle.internal.service.DefaultServiceRegistry$ParentServices::wrap (10 bytes)
Event: 3.773 Thread 0x00000000188cb800 nmethod 1498 0x0000000005425cd0 code [0x0000000005425e40, 0x00000000054260d0]
Event: 3.773 Thread 0x00000000188cb800 1499       3       org.gradle.internal.service.DefaultServiceRegistry$ParameterizedTypeSpec::isSatisfiedBy (9 bytes)
Event: 3.774 Thread 0x00000000188cb800 nmethod 1499 0x00000000054261d0 code [0x0000000005426340, 0x00000000054265e8]
Event: 3.775 Thread 0x00000000188cb800 1500       3       java.util.IdentityHashMap::nextKeyIndex (15 bytes)
Event: 3.775 Thread 0x00000000188cb800 nmethod 1500 0x0000000005426690 code [0x00000000054267e0, 0x0000000005426970]

GC Heap History (10 events):
Event: 1.302 GC heap before
{Heap before GC invocations=2 (full 0):
 PSYoungGen      total 18944K, used 18938K [0x00000000e0000000, 0x00000000e1500000, 0x0000000100000000)
  eden space 16384K, 100% used [0x00000000e0000000,0x00000000e1000000,0x00000000e1000000)
  from space 2560K, 99% used [0x00000000e1000000,0x00000000e127e838,0x00000000e1280000)
  to   space 2560K, 0% used [0x00000000e1280000,0x00000000e1280000,0x00000000e1500000)
 ParOldGen       total 44032K, used 333K [0x00000000a0000000, 0x00000000a2b00000, 0x00000000e0000000)
  object space 44032K, 0% used [0x00000000a0000000,0x00000000a0053688,0x00000000a2b00000)
 Metaspace       used 6576K, capacity 6766K, committed 7040K, reserved 1056768K
  class space    used 803K, capacity 875K, committed 896K, reserved 1048576K
Event: 1.307 GC heap after
Heap after GC invocations=2 (full 0):
 PSYoungGen      total 18944K, used 2456K [0x00000000e0000000, 0x00000000e1500000, 0x0000000100000000)
  eden space 16384K, 0% used [0x00000000e0000000,0x00000000e0000000,0x00000000e1000000)
  from space 2560K, 95% used [0x00000000e1280000,0x00000000e14e63e0,0x00000000e1500000)
  to   space 2560K, 0% used [0x00000000e1000000,0x00000000e1000000,0x00000000e1280000)
 ParOldGen       total 44032K, used 341K [0x00000000a0000000, 0x00000000a2b00000, 0x00000000e0000000)
  object space 44032K, 0% used [0x00000000a0000000,0x00000000a0055688,0x00000000a2b00000)
 Metaspace       used 6576K, capacity 6766K, committed 7040K, reserved 1056768K
  class space    used 803K, capacity 875K, committed 896K, reserved 1048576K
}
Event: 1.628 GC heap before
{Heap before GC invocations=3 (full 0):
 PSYoungGen      total 18944K, used 18840K [0x00000000e0000000, 0x00000000e1500000, 0x0000000100000000)
  eden space 16384K, 100% used [0x00000000e0000000,0x00000000e1000000,0x00000000e1000000)
  from space 2560K, 95% used [0x00000000e1280000,0x00000000e14e63e0,0x00000000e1500000)
  to   space 2560K, 0% used [0x00000000e1000000,0x00000000e1000000,0x00000000e1280000)
 ParOldGen       total 44032K, used 341K [0x00000000a0000000, 0x00000000a2b00000, 0x00000000e0000000)
  object space 44032K, 0% used [0x00000000a0000000,0x00000000a0055688,0x00000000a2b00000)
 Metaspace       used 6930K, capacity 7112K, committed 7424K, reserved 1056768K
  class space    used 874K, capacity 948K, committed 1024K, reserved 1048576K
Event: 1.631 GC heap after
Heap after GC invocations=3 (full 0):
 PSYoungGen      total 18944K, used 2544K [0x00000000e0000000, 0x00000000e1500000, 0x0000000100000000)
  eden space 16384K, 0% used [0x00000000e0000000,0x00000000e0000000,0x00000000e1000000)
  from space 2560K, 99% used [0x00000000e1000000,0x00000000e127c030,0x00000000e1280000)
  to   space 2560K, 0% used [0x00000000e1280000,0x00000000e1280000,0x00000000e1500000)
 ParOldGen       total 44032K, used 594K [0x00000000a0000000, 0x00000000a2b00000, 0x00000000e0000000)
  object space 44032K, 1% used [0x00000000a0000000,0x00000000a0094988,0x00000000a2b00000)
 Metaspace       used 6930K, capacity 7112K, committed 7424K, reserved 1056768K
  class space    used 874K, capacity 948K, committed 1024K, reserved 1048576K
}
Event: 2.699 GC heap before
{Heap before GC invocations=4 (full 0):
 PSYoungGen      total 18944K, used 18928K [0x00000000e0000000, 0x00000000e1500000, 0x0000000100000000)
  eden space 16384K, 100% used [0x00000000e0000000,0x00000000e1000000,0x00000000e1000000)
  from space 2560K, 99% used [0x00000000e1000000,0x00000000e127c030,0x00000000e1280000)
  to   space 2560K, 0% used [0x00000000e1280000,0x00000000e1280000,0x00000000e1500000)
 ParOldGen       total 44032K, used 594K [0x00000000a0000000, 0x00000000a2b00000, 0x00000000e0000000)
  object space 44032K, 1% used [0x00000000a0000000,0x00000000a0094988,0x00000000a2b00000)
 Metaspace       used 11551K, capacity 11798K, committed 11904K, reserved 1058816K
  class space    used 1527K, capacity 1631K, committed 1664K, reserved 1048576K
Event: 2.711 GC heap after
Heap after GC invocations=4 (full 0):
 PSYoungGen      total 18944K, used 2544K [0x00000000e0000000, 0x00000000e1500000, 0x0000000100000000)
  eden space 16384K, 0% used [0x00000000e0000000,0x00000000e0000000,0x00000000e1000000)
  from space 2560K, 99% used [0x00000000e1280000,0x00000000e14fc010,0x00000000e1500000)
  to   space 2560K, 0% used [0x00000000e1000000,0x00000000e1000000,0x00000000e1280000)
 ParOldGen       total 44032K, used 2889K [0x00000000a0000000, 0x00000000a2b00000, 0x00000000e0000000)
  object space 44032K, 6% used [0x00000000a0000000,0x00000000a02d2648,0x00000000a2b00000)
 Metaspace       used 11551K, capacity 11798K, committed 11904K, reserved 1058816K
  class space    used 1527K, capacity 1631K, committed 1664K, reserved 1048576K
}
Event: 3.064 GC heap before
{Heap before GC invocations=5 (full 0):
 PSYoungGen      total 18944K, used 18928K [0x00000000e0000000, 0x00000000e1500000, 0x0000000100000000)
  eden space 16384K, 100% used [0x00000000e0000000,0x00000000e1000000,0x00000000e1000000)
  from space 2560K, 99% used [0x00000000e1280000,0x00000000e14fc010,0x00000000e1500000)
  to   space 2560K, 0% used [0x00000000e1000000,0x00000000e1000000,0x00000000e1280000)
 ParOldGen       total 44032K, used 2889K [0x00000000a0000000, 0x00000000a2b00000, 0x00000000e0000000)
  object space 44032K, 6% used [0x00000000a0000000,0x00000000a02d2648,0x00000000a2b00000)
 Metaspace       used 13015K, capacity 13320K, committed 13568K, reserved 1060864K
  class space    used 1774K, capacity 1922K, committed 2048K, reserved 1048576K
Event: 3.072 GC heap after
Heap after GC invocations=5 (full 0):
 PSYoungGen      total 18944K, used 2528K [0x00000000e0000000, 0x00000000e2a00000, 0x0000000100000000)
  eden space 16384K, 0% used [0x00000000e0000000,0x00000000e0000000,0x00000000e1000000)
  from space 2560K, 98% used [0x00000000e1000000,0x00000000e1278020,0x00000000e1280000)
  to   space 5120K, 0% used [0x00000000e2500000,0x00000000e2500000,0x00000000e2a00000)
 ParOldGen       total 44032K, used 4665K [0x00000000a0000000, 0x00000000a2b00000, 0x00000000e0000000)
  object space 44032K, 10% used [0x00000000a0000000,0x00000000a048e478,0x00000000a2b00000)
 Metaspace       used 13015K, capacity 13320K, committed 13568K, reserved 1060864K
  class space    used 1774K, capacity 1922K, committed 2048K, reserved 1048576K
}
Event: 3.326 GC heap before
{Heap before GC invocations=6 (full 0):
 PSYoungGen      total 18944K, used 18912K [0x00000000e0000000, 0x00000000e2a00000, 0x0000000100000000)
  eden space 16384K, 100% used [0x00000000e0000000,0x00000000e1000000,0x00000000e1000000)
  from space 2560K, 98% used [0x00000000e1000000,0x00000000e1278020,0x00000000e1280000)
  to   space 5120K, 0% used [0x00000000e2500000,0x00000000e2500000,0x00000000e2a00000)
 ParOldGen       total 44032K, used 4665K [0x00000000a0000000, 0x00000000a2b00000, 0x00000000e0000000)
  object space 44032K, 10% used [0x00000000a0000000,0x00000000a048e478,0x00000000a2b00000)
 Metaspace       used 14532K, capacity 14892K, committed 14976K, reserved 1062912K
  class space    used 2030K, capacity 2148K, committed 2176K, reserved 1048576K
Event: 3.334 GC heap after
Heap after GC invocations=6 (full 0):
 PSYoungGen      total 37376K, used 4602K [0x00000000e0000000, 0x00000000e2b00000, 0x0000000100000000)
  eden space 32256K, 0% used [0x00000000e0000000,0x00000000e0000000,0x00000000e1f80000)
  from space 5120K, 89% used [0x00000000e2500000,0x00000000e297eb68,0x00000000e2a00000)
  to   space 5632K, 0% used [0x00000000e1f80000,0x00000000e1f80000,0x00000000e2500000)
 ParOldGen       total 44032K, used 4665K [0x00000000a0000000, 0x00000000a2b00000, 0x00000000e0000000)
  object space 44032K, 10% used [0x00000000a0000000,0x00000000a048e478,0x00000000a2b00000)
 Metaspace       used 14532K, capacity 14892K, committed 14976K, reserved 1062912K
  class space    used 2030K, capacity 2148K, committed 2176K, reserved 1048576K
}

Deoptimization events (10 events):
Event: 2.130 Thread 0x0000000004e2d800 Uncommon trap: reason=unstable_if action=reinterpret pc=0x0000000005252d98 method=java.io.WinNTFileSystem.normalize(Ljava/lang/String;II)Ljava/lang/String; @ 90
Event: 2.689 Thread 0x000000001b872000 Uncommon trap: reason=unstable_if action=reinterpret pc=0x00000000052de0a0 method=java.util.concurrent.ConcurrentHashMap.putVal(Ljava/lang/Object;Ljava/lang/Object;Z)Ljava/lang/Object; @ 206
Event: 2.863 Thread 0x000000001ba12000 Uncommon trap: reason=bimorphic action=maybe_recompile pc=0x000000000526750c method=java.util.HashMap.putVal(ILjava/lang/Object;Ljava/lang/Object;ZZ)Ljava/lang/Object; @ 253
Event: 2.863 Thread 0x000000001ba12000 Uncommon trap: reason=bimorphic action=maybe_recompile pc=0x000000000526750c method=java.util.HashMap.putVal(ILjava/lang/Object;Ljava/lang/Object;ZZ)Ljava/lang/Object; @ 253
Event: 2.863 Thread 0x000000001ba12000 Uncommon trap: reason=bimorphic action=maybe_recompile pc=0x000000000526750c method=java.util.HashMap.putVal(ILjava/lang/Object;Ljava/lang/Object;ZZ)Ljava/lang/Object; @ 253
Event: 2.876 Thread 0x000000001ba12000 Uncommon trap: reason=class_check action=maybe_recompile pc=0x000000000519b71c method=java.util.regex.Matcher.match(II)Z @ 86
Event: 3.201 Thread 0x000000001ba12000 Uncommon trap: reason=class_check action=maybe_recompile pc=0x000000000519b71c method=java.util.regex.Matcher.match(II)Z @ 86
Event: 3.304 Thread 0x000000001ba12000 Uncommon trap: reason=unstable_if action=reinterpret pc=0x00000000053b5e34 method=java.lang.String.lastIndexOf([CII[CIII)I @ 66
Event: 3.405 Thread 0x000000001ba12000 Uncommon trap: reason=unstable_if action=reinterpret pc=0x0000000005083448 method=java.net.URI.match(CJJ)Z @ 19
Event: 3.405 Thread 0x000000001ba12000 Uncommon trap: reason=unstable_if action=reinterpret pc=0x00000000051f6e00 method=java.net.URI.match(CJJ)Z @ 19

Classes redefined (0 events):
No events

Internal exceptions (10 events):
Event: 2.725 Thread 0x000000001b872000 Exception <a 'java/lang/NoSuchMethodError': <clinit>> (0x00000000e003db28) thrown at [D:\src\AOSP-openjdk-cygwin\jdk8u\hotspot\src\share\vm\prims\jni.cpp, line 1613]
Event: 2.729 Thread 0x000000001b872000 Exception <a 'java/lang/NoSuchMethodError': <clinit>> (0x00000000e00471a0) thrown at [D:\src\AOSP-openjdk-cygwin\jdk8u\hotspot\src\share\vm\prims\jni.cpp, line 1613]
Event: 2.731 Thread 0x000000001b872000 Exception <a 'java/lang/NoSuchMethodError': <clinit>> (0x00000000e00517e0) thrown at [D:\src\AOSP-openjdk-cygwin\jdk8u\hotspot\src\share\vm\prims\jni.cpp, line 1613]
Event: 2.742 Thread 0x000000001b872000 Exception <a 'java/lang/NoSuchMethodError': <clinit>> (0x00000000e00b41d8) thrown at [D:\src\AOSP-openjdk-cygwin\jdk8u\hotspot\src\share\vm\prims\jni.cpp, line 1613]
Event: 2.751 Thread 0x000000001b872000 Exception <a 'java/lang/NoSuchMethodError': <clinit>> (0x00000000e00e2b40) thrown at [D:\src\AOSP-openjdk-cygwin\jdk8u\hotspot\src\share\vm\prims\jni.cpp, line 1613]
Event: 2.781 Thread 0x000000001b872000 Exception <a 'java/lang/NoSuchMethodError': <clinit>> (0x00000000e0118918) thrown at [D:\src\AOSP-openjdk-cygwin\jdk8u\hotspot\src\share\vm\prims\jni.cpp, line 1613]
Event: 2.785 Thread 0x000000001b872000 Exception <a 'java/lang/NoSuchMethodError': <clinit>> (0x00000000e0126540) thrown at [D:\src\AOSP-openjdk-cygwin\jdk8u\hotspot\src\share\vm\prims\jni.cpp, line 1613]
Event: 2.793 Thread 0x000000001b872000 Exception <a 'java/lang/NoSuchMethodError': <clinit>> (0x00000000e0148c00) thrown at [D:\src\AOSP-openjdk-cygwin\jdk8u\hotspot\src\share\vm\prims\jni.cpp, line 1613]
Event: 2.848 Thread 0x000000001ba12000 Exception <a 'java/lang/NoSuchMethodError': <clinit>> (0x00000000e02227b0) thrown at [D:\src\AOSP-openjdk-cygwin\jdk8u\hotspot\src\share\vm\prims\jni.cpp, line 1613]
Event: 2.849 Thread 0x000000001ba12000 Exception <a 'java/lang/NoSuchMethodError': <clinit>> (0x00000000e022aa38) thrown at [D:\src\AOSP-openjdk-cygwin\jdk8u\hotspot\src\share\vm\prims\jni.cpp, line 1613]

Events (10 events):
Event: 3.801 loading class org/gradle/internal/resource/transport/http/DefaultHttpSettings
Event: 3.801 loading class org/gradle/internal/resource/transport/http/DefaultHttpSettings done
Event: 3.802 loading class javax/net/ssl/HostnameVerifier
Event: 3.804 loading class javax/net/ssl/HostnameVerifier done
Event: 3.804 loading class org/gradle/internal/resource/transport/http/HttpProxySettings
Event: 3.804 loading class org/gradle/internal/resource/transport/http/HttpProxySettings done
Event: 3.804 loading class org/gradle/internal/resource/transport/http/HttpTimeoutSettings
Event: 3.804 loading class org/gradle/internal/resource/transport/http/HttpTimeoutSettings done
Event: 3.806 loading class org/gradle/internal/resource/transport/http/DefaultHttpSettings$1
Event: 3.806 loading class org/gradle/internal/resource/transport/http/DefaultHttpSettings$1 done


Dynamic libraries:
0x00007ff689ff0000 - 0x00007ff68a021000 	C:\Program Files\Android\Android Studio\jre\bin\java.exe
0x00007fffebfd0000 - 0x00007fffec1b0000 	C:\WINDOWS\SYSTEM32\ntdll.dll
0x00007fffeaf20000 - 0x00007fffeafce000 	C:\WINDOWS\System32\KERNEL32.DLL
0x00007fffe88e0000 - 0x00007fffe8b46000 	C:\WINDOWS\System32\KERNELBASE.dll
0x00007fffeb690000 - 0x00007fffeb731000 	C:\WINDOWS\System32\ADVAPI32.dll
0x00007fffeb480000 - 0x00007fffeb51d000 	C:\WINDOWS\System32\msvcrt.dll
0x00007fffeae00000 - 0x00007fffeae5b000 	C:\WINDOWS\System32\sechost.dll
0x00007fffeb940000 - 0x00007fffeba5f000 	C:\WINDOWS\System32\RPCRT4.dll
0x00007fffeafe0000 - 0x00007fffeb16f000 	C:\WINDOWS\System32\USER32.dll
0x00007fffe88c0000 - 0x00007fffe88e0000 	C:\WINDOWS\System32\win32u.dll
0x00007fffeba80000 - 0x00007fffebaa8000 	C:\WINDOWS\System32\GDI32.dll
0x00007fffe83d0000 - 0x00007fffe8563000 	C:\WINDOWS\System32\gdi32full.dll
0x00007fffe93a0000 - 0x00007fffe943b000 	C:\WINDOWS\System32\msvcp_win.dll
0x00007fffe8b50000 - 0x00007fffe8c46000 	C:\WINDOWS\System32\ucrtbase.dll
0x00007fffda5a0000 - 0x00007fffda809000 	C:\WINDOWS\WinSxS\amd64_microsoft.windows.common-controls_6595b64144ccf1df_6.0.16299.431_none_15c7d3ee93659e73\COMCTL32.dll
0x00007fffebc00000 - 0x00007fffebf08000 	C:\WINDOWS\System32\combase.dll
0x00007fffe8570000 - 0x00007fffe85e2000 	C:\WINDOWS\System32\bcryptPrimitives.dll
0x00007fffea8e0000 - 0x00007fffea90d000 	C:\WINDOWS\System32\IMM32.DLL
0x00000000595a0000 - 0x0000000059672000 	C:\Program Files\Android\Android Studio\jre\jre\bin\msvcr100.dll
0x0000000059680000 - 0x0000000059ebf000 	C:\Program Files\Android\Android Studio\jre\jre\bin\server\jvm.dll
0x00007fffebf90000 - 0x00007fffebf98000 	C:\WINDOWS\System32\PSAPI.DLL
0x00007fffdf170000 - 0x00007fffdf17a000 	C:\WINDOWS\SYSTEM32\VERSION.dll
0x00007fffe6f90000 - 0x00007fffe6f99000 	C:\WINDOWS\SYSTEM32\WSOCK32.dll
0x00007fffeb3b0000 - 0x00007fffeb41c000 	C:\WINDOWS\System32\WS2_32.dll
0x00007fffdbbd0000 - 0x00007fffdbbf3000 	C:\WINDOWS\SYSTEM32\WINMM.dll
0x00007fffdbba0000 - 0x00007fffdbbca000 	C:\WINDOWS\SYSTEM32\winmmbase.dll
0x00007fffe87c0000 - 0x00007fffe880a000 	C:\WINDOWS\System32\cfgmgr32.dll
0x00007fffded20000 - 0x00007fffded2f000 	C:\Program Files\Android\Android Studio\jre\jre\bin\verify.dll
0x00007fffd9c90000 - 0x00007fffd9cb9000 	C:\Program Files\Android\Android Studio\jre\jre\bin\java.dll
0x00007fffd7570000 - 0x00007fffd7586000 	C:\Program Files\Android\Android Studio\jre\jre\bin\zip.dll
0x00007fffe94a0000 - 0x00007fffea8d8000 	C:\WINDOWS\System32\SHELL32.dll
0x00007fffeae60000 - 0x00007fffeaf06000 	C:\WINDOWS\System32\shcore.dll
0x00007fffe8c50000 - 0x00007fffe9397000 	C:\WINDOWS\System32\windows.storage.dll
0x00007fffeb740000 - 0x00007fffeb791000 	C:\WINDOWS\System32\shlwapi.dll
0x00007fffe8340000 - 0x00007fffe8351000 	C:\WINDOWS\System32\kernel.appcore.dll
0x00007fffe8380000 - 0x00007fffe83cc000 	C:\WINDOWS\System32\powrprof.dll
0x00007fffe8320000 - 0x00007fffe833b000 	C:\WINDOWS\System32\profapi.dll
0x00007fffcf540000 - 0x00007fffcf55a000 	C:\Program Files\Android\Android Studio\jre\jre\bin\net.dll
0x00007fffe7bb0000 - 0x00007fffe7c16000 	C:\WINDOWS\system32\mswsock.dll
0x00007fffce640000 - 0x00007fffce651000 	C:\Program Files\Android\Android Studio\jre\jre\bin\nio.dll
0x00007fffd9f70000 - 0x00007fffd9f8e000 	C:\Users\ADMIN\.gradle\native\25\windows-amd64\native-platform.dll
0x00007fffdc500000 - 0x00007fffdc50d000 	C:\Program Files\Android\Android Studio\jre\jre\bin\management.dll
0x00007fffe7d80000 - 0x00007fffe7d97000 	C:\WINDOWS\SYSTEM32\CRYPTSP.dll
0x00007fffe77b0000 - 0x00007fffe77e3000 	C:\WINDOWS\system32\rsaenh.dll
0x00007fffe7e80000 - 0x00007fffe7ea5000 	C:\WINDOWS\SYSTEM32\bcrypt.dll
0x00007fffe8250000 - 0x00007fffe8279000 	C:\WINDOWS\SYSTEM32\USERENV.dll
0x00007fffe7d70000 - 0x00007fffe7d7b000 	C:\WINDOWS\SYSTEM32\CRYPTBASE.dll
0x00007fffe7940000 - 0x00007fffe7979000 	C:\WINDOWS\SYSTEM32\IPHLPAPI.DLL
0x00007fffeafd0000 - 0x00007fffeafd8000 	C:\WINDOWS\System32\NSI.dll
0x00007fffe27e0000 - 0x00007fffe27f6000 	C:\WINDOWS\SYSTEM32\dhcpcsvc6.DLL
0x00007fffe2fb0000 - 0x00007fffe2fca000 	C:\WINDOWS\SYSTEM32\dhcpcsvc.DLL

VM Arguments:
jvm_args: -Xmx1536m -Dfile.encoding=windows-1252 -Duser.country=US -Duser.language=en -Duser.variant 
java_command: org.gradle.launcher.daemon.bootstrap.GradleDaemon 4.4
java_class_path (initial): C:\Users\ADMIN\.gradle\wrapper\dists\gradle-4.4-all\9br9xq1tocpiv8o6njlyu5op1\gradle-4.4\lib\gradle-launcher-4.4.jar
Launcher Type: SUN_STANDARD

Environment Variables:
JAVA_HOME=C:\Program Files\Java\jdk1.8.0_144
PATH=C:\WINDOWS\system32;C:\WINDOWS;C:\WINDOWS\System32\Wbem;C:\WINDOWS\System32\WindowsPowerShell\v1.0\;C:\Program Files\Java\jdk1.8.0_144\bin;D:\apache-maven-3.5.3-bin\bin;C:\Users\ADMIN\AppData\Local\Microsoft\WindowsApps;
USERNAME=ADMIN
OS=Windows_NT
PROCESSOR_IDENTIFIER=Intel64 Family 6 Model 78 Stepping 3, GenuineIntel



---------------  S Y S T E M  ---------------

OS: Windows 10.0 , 64 bit Build 16299 (10.0.16299.431)

CPU:total 4 (initial active 4) (2 cores per cpu, 2 threads per core) family 6 model 78 stepping 3, cmov, cx8, fxsr, mmx, sse, sse2, sse3, ssse3, sse4.1, sse4.2, popcnt, avx, avx2, aes, clmul, erms, 3dnowpref, lzcnt, ht, tsc, tscinvbit, bmi1, bmi2, adx

Memory: 4k page, physical 4075684k(230220k free), swap 12478496k(3732k free)

vm_info: OpenJDK 64-Bit Server VM (25.152-b02) for windows-amd64 JRE (1.8.0_152-release-1024-b02), built by "builder" with MS VC++ 10.0 (VS2010)

time: Tue Jun 26 00:25:35 2018
elapsed time: 3 seconds (0d 0h 0m 3s)

